<?xml version="1.0" encoding="UTF-8" standalone="yes"?>
<ns2:test-suite start="1510544950810" stop="1510544952692" version="1.5.4" xmlns:ns2="urn:model.allure.qatools.yandex.ru">
    <name>Default suite : Default test</name>
    <title>Default suite : Default test</title>
    <test-cases>
        <test-case start="1510544951069" stop="1510544951129" status="passed">
            <name>cvv[VISA,4532-5471-0699-4816,03/15,123]</name>
            <steps/>
            <attachments/>
            <labels>
                <label name="testSuite" value="Default suite"/>
                <label name="testGroup" value="Default test"/>
                <label name="testClass" value="core.CreditCardValidationTest"/>
                <label name="testMethod" value="cvv"/>
                <label name="host" value="Latitude"/>
                <label name="thread" value="47256@Latitude.main(1)"/>
            </labels>
        </test-case>
        <test-case start="1510544951141" stop="1510544951144" status="passed">
            <name>cvv[MasterCard,5128946914605621,09/19,123]</name>
            <steps/>
            <attachments/>
            <labels>
                <label name="testSuite" value="Default suite"/>
                <label name="testGroup" value="Default test"/>
                <label name="testClass" value="core.CreditCardValidationTest"/>
                <label name="testMethod" value="cvv"/>
                <label name="host" value="Latitude"/>
                <label name="thread" value="47256@Latitude.main(1)"/>
            </labels>
        </test-case>
        <test-case start="1510544951148" stop="1510544951151" status="passed">
            <name>cvv[American Express,344259201906721,03/22,1234]</name>
            <steps/>
            <attachments/>
            <labels>
                <label name="testSuite" value="Default suite"/>
                <label name="testGroup" value="Default test"/>
                <label name="testClass" value="core.CreditCardValidationTest"/>
                <label name="testMethod" value="cvv"/>
                <label name="host" value="Latitude"/>
                <label name="thread" value="47256@Latitude.main(1)"/>
            </labels>
        </test-case>
        <test-case start="1510544951155" stop="1510544951158" status="passed">
            <name>cvv[American Express,371792656868232,03/16,1234]</name>
            <steps/>
            <attachments/>
            <labels>
                <label name="testSuite" value="Default suite"/>
                <label name="testGroup" value="Default test"/>
                <label name="testClass" value="core.CreditCardValidationTest"/>
                <label name="testMethod" value="cvv"/>
                <label name="host" value="Latitude"/>
                <label name="thread" value="47256@Latitude.main(1)"/>
            </labels>
        </test-case>
        <test-case start="1510544951162" stop="1510544951165" status="passed">
            <name>cvv[American Express,343515603411680,03/15,1234]</name>
            <steps/>
            <attachments/>
            <labels>
                <label name="testSuite" value="Default suite"/>
                <label name="testGroup" value="Default test"/>
                <label name="testClass" value="core.CreditCardValidationTest"/>
                <label name="testMethod" value="cvv"/>
                <label name="host" value="Latitude"/>
                <label name="thread" value="47256@Latitude.main(1)"/>
            </labels>
        </test-case>
        <test-case start="1510544951169" stop="1510544951174" status="passed">
            <name>cvv[American Express,37261536518254,03/21,1234]</name>
            <steps/>
            <attachments/>
            <labels>
                <label name="testSuite" value="Default suite"/>
                <label name="testGroup" value="Default test"/>
                <label name="testClass" value="core.CreditCardValidationTest"/>
                <label name="testMethod" value="cvv"/>
                <label name="host" value="Latitude"/>
                <label name="thread" value="47256@Latitude.main(1)"/>
            </labels>
        </test-case>
        <test-case start="1510544951178" stop="1510544951182" status="passed">
            <name>cvv[American Express,343135671066264,03/21,1234]</name>
            <steps/>
            <attachments/>
            <labels>
                <label name="testSuite" value="Default suite"/>
                <label name="testGroup" value="Default test"/>
                <label name="testClass" value="core.CreditCardValidationTest"/>
                <label name="testMethod" value="cvv"/>
                <label name="host" value="Latitude"/>
                <label name="thread" value="47256@Latitude.main(1)"/>
            </labels>
        </test-case>
        <test-case start="1510544951186" stop="1510544951188" status="passed">
            <name>cvv[American Express,3561598966880,03/21,1234]</name>
            <steps/>
            <attachments/>
            <labels>
                <label name="testSuite" value="Default suite"/>
                <label name="testGroup" value="Default test"/>
                <label name="testClass" value="core.CreditCardValidationTest"/>
                <label name="testMethod" value="cvv"/>
                <label name="host" value="Latitude"/>
                <label name="thread" value="47256@Latitude.main(1)"/>
            </labels>
        </test-case>
        <test-case start="1510544951192" stop="1510544951238" status="failed">
            <name>cvv[American Expres,341632186805618,03/21,1234]</name>
            <failure>
                <message>AssertionError: 
Expected: Credit Card CVV: 1234, should be valid
     but: was &lt;false&gt;</message>
                <stack-trace>java.lang.AssertionError: 
Expected: Credit Card CVV: 1234, should be valid
     but: was &lt;false&gt;
	at org.hamcrest.MatcherAssert.assertThat(MatcherAssert.java:20)
	at org.hamcrest.MatcherAssert.assertThat(MatcherAssert.java:8)
	at core.CreditCardValidationTest.cvv(CreditCardValidationTest.java:36)
	at sun.reflect.NativeMethodAccessorImpl.invoke0(Native Method)
	at sun.reflect.NativeMethodAccessorImpl.invoke(Unknown Source)
	at sun.reflect.DelegatingMethodAccessorImpl.invoke(Unknown Source)
	at java.lang.reflect.Method.invoke(Unknown Source)
	at org.testng.internal.MethodInvocationHelper.invokeMethod(MethodInvocationHelper.java:108)
	at org.testng.internal.Invoker.invokeMethod(Invoker.java:669)
	at org.testng.internal.Invoker.invokeTestMethod(Invoker.java:877)
	at org.testng.internal.Invoker.invokeTestMethods(Invoker.java:1201)
	at org.testng.internal.TestMethodWorker.invokeTestMethods(TestMethodWorker.java:125)
	at org.testng.internal.TestMethodWorker.run(TestMethodWorker.java:109)
	at org.testng.TestRunner.privateRun(TestRunner.java:776)
	at org.testng.TestRunner.run(TestRunner.java:634)
	at org.testng.SuiteRunner.runTest(SuiteRunner.java:425)
	at org.testng.SuiteRunner.runSequentially(SuiteRunner.java:420)
	at org.testng.SuiteRunner.privateRun(SuiteRunner.java:385)
	at org.testng.SuiteRunner.run(SuiteRunner.java:334)
	at org.testng.SuiteRunnerWorker.runSuite(SuiteRunnerWorker.java:52)
	at org.testng.SuiteRunnerWorker.run(SuiteRunnerWorker.java:86)
	at org.testng.TestNG.runSuitesSequentially(TestNG.java:1318)
	at org.testng.TestNG.runSuitesLocally(TestNG.java:1243)
	at org.testng.TestNG.runSuites(TestNG.java:1161)
	at org.testng.TestNG.run(TestNG.java:1129)
	at org.testng.remote.AbstractRemoteTestNG.run(AbstractRemoteTestNG.java:114)
	at org.testng.remote.RemoteTestNG.initAndRun(RemoteTestNG.java:251)
	at org.testng.remote.RemoteTestNG.main(RemoteTestNG.java:77)
</stack-trace>
            </failure>
            <steps/>
            <attachments/>
            <labels>
                <label name="testSuite" value="Default suite"/>
                <label name="testGroup" value="Default test"/>
                <label name="testClass" value="core.CreditCardValidationTest"/>
                <label name="testMethod" value="cvv"/>
                <label name="host" value="Latitude"/>
                <label name="thread" value="47256@Latitude.main(1)"/>
            </labels>
        </test-case>
        <test-case start="1510544951241" stop="1510544951243" status="passed">
            <name>cvv[VISA,4532-5471-0699-4816,03/21,174]</name>
            <steps/>
            <attachments/>
            <labels>
                <label name="testSuite" value="Default suite"/>
                <label name="testGroup" value="Default test"/>
                <label name="testClass" value="core.CreditCardValidationTest"/>
                <label name="testMethod" value="cvv"/>
                <label name="host" value="Latitude"/>
                <label name="thread" value="47256@Latitude.main(1)"/>
            </labels>
        </test-case>
        <test-case start="1510544951247" stop="1510544951249" status="passed">
            <name>cvv[Discover,6011-0197-1148-6286,02/18,154]</name>
            <steps/>
            <attachments/>
            <labels>
                <label name="testSuite" value="Default suite"/>
                <label name="testGroup" value="Default test"/>
                <label name="testClass" value="core.CreditCardValidationTest"/>
                <label name="testMethod" value="cvv"/>
                <label name="host" value="Latitude"/>
                <label name="thread" value="47256@Latitude.main(1)"/>
            </labels>
        </test-case>
        <test-case start="1510544951252" stop="1510544951254" status="passed">
            <name>cvv[Discover,6495-5046-4029-1126,02/18,357]</name>
            <steps/>
            <attachments/>
            <labels>
                <label name="testSuite" value="Default suite"/>
                <label name="testGroup" value="Default test"/>
                <label name="testClass" value="core.CreditCardValidationTest"/>
                <label name="testMethod" value="cvv"/>
                <label name="host" value="Latitude"/>
                <label name="thread" value="47256@Latitude.main(1)"/>
            </labels>
        </test-case>
        <test-case start="1510544951257" stop="1510544951259" status="passed">
            <name>cvv[Discover,6229256965254832,02/18,354]</name>
            <steps/>
            <attachments/>
            <labels>
                <label name="testSuite" value="Default suite"/>
                <label name="testGroup" value="Default test"/>
                <label name="testClass" value="core.CreditCardValidationTest"/>
                <label name="testMethod" value="cvv"/>
                <label name="host" value="Latitude"/>
                <label name="thread" value="47256@Latitude.main(1)"/>
            </labels>
        </test-case>
        <test-case start="1510544951262" stop="1510544951264" status="passed">
            <name>cvv[Discover,6011077105446506,02/18,354]</name>
            <steps/>
            <attachments/>
            <labels>
                <label name="testSuite" value="Default suite"/>
                <label name="testGroup" value="Default test"/>
                <label name="testClass" value="core.CreditCardValidationTest"/>
                <label name="testMethod" value="cvv"/>
                <label name="host" value="Latitude"/>
                <label name="thread" value="47256@Latitude.main(1)"/>
            </labels>
        </test-case>
        <test-case start="1510544951268" stop="1510544951270" status="passed">
            <name>cvv[Discover,6011192042419415,02/18,354]</name>
            <steps/>
            <attachments/>
            <labels>
                <label name="testSuite" value="Default suite"/>
                <label name="testGroup" value="Default test"/>
                <label name="testClass" value="core.CreditCardValidationTest"/>
                <label name="testMethod" value="cvv"/>
                <label name="host" value="Latitude"/>
                <label name="thread" value="47256@Latitude.main(1)"/>
            </labels>
        </test-case>
        <test-case start="1510544951273" stop="1510544951276" status="passed">
            <name>cvv[Discov,6011724928833820,02/18,354]</name>
            <steps/>
            <attachments/>
            <labels>
                <label name="testSuite" value="Default suite"/>
                <label name="testGroup" value="Default test"/>
                <label name="testClass" value="core.CreditCardValidationTest"/>
                <label name="testMethod" value="cvv"/>
                <label name="host" value="Latitude"/>
                <label name="thread" value="47256@Latitude.main(1)"/>
            </labels>
        </test-case>
        <test-case start="1510544951284" stop="1510544951291" status="passed">
            <name>cvv[Discover,601156785254340,02/18,354]</name>
            <steps/>
            <attachments/>
            <labels>
                <label name="testSuite" value="Default suite"/>
                <label name="testGroup" value="Default test"/>
                <label name="testClass" value="core.CreditCardValidationTest"/>
                <label name="testMethod" value="cvv"/>
                <label name="host" value="Latitude"/>
                <label name="thread" value="47256@Latitude.main(1)"/>
            </labels>
        </test-case>
        <test-case start="1510544951296" stop="1510544951304" status="passed">
            <name>cvv[Discover,6581185726028247,02/16,145]</name>
            <steps/>
            <attachments/>
            <labels>
                <label name="testSuite" value="Default suite"/>
                <label name="testGroup" value="Default test"/>
                <label name="testClass" value="core.CreditCardValidationTest"/>
                <label name="testMethod" value="cvv"/>
                <label name="host" value="Latitude"/>
                <label name="thread" value="47256@Latitude.main(1)"/>
            </labels>
        </test-case>
        <test-case start="1510544951336" stop="1510544951340" status="passed">
            <name>cvv[MasterCard,5248-6433-5421-6358,11/19,154]</name>
            <steps/>
            <attachments/>
            <labels>
                <label name="testSuite" value="Default suite"/>
                <label name="testGroup" value="Default test"/>
                <label name="testClass" value="core.CreditCardValidationTest"/>
                <label name="testMethod" value="cvv"/>
                <label name="host" value="Latitude"/>
                <label name="thread" value="47256@Latitude.main(1)"/>
            </labels>
        </test-case>
        <test-case start="1510544951353" stop="1510544951362" status="passed">
            <name>cvv[MasterCard,5169-1962-3193-8640,03/19,123]</name>
            <steps/>
            <attachments/>
            <labels>
                <label name="testSuite" value="Default suite"/>
                <label name="testGroup" value="Default test"/>
                <label name="testClass" value="core.CreditCardValidationTest"/>
                <label name="testMethod" value="cvv"/>
                <label name="host" value="Latitude"/>
                <label name="thread" value="47256@Latitude.main(1)"/>
            </labels>
        </test-case>
        <test-case start="1510544951375" stop="1510544951385" status="passed">
            <name>cvv[MasterCard,5599-6880-5206-3763,05/19,103]</name>
            <steps/>
            <attachments/>
            <labels>
                <label name="testSuite" value="Default suite"/>
                <label name="testGroup" value="Default test"/>
                <label name="testClass" value="core.CreditCardValidationTest"/>
                <label name="testMethod" value="cvv"/>
                <label name="host" value="Latitude"/>
                <label name="thread" value="47256@Latitude.main(1)"/>
            </labels>
        </test-case>
        <test-case start="1510544951397" stop="1510544951403" status="passed">
            <name>cvv[MasterCar,5171953247711452,01/21,123]</name>
            <steps/>
            <attachments/>
            <labels>
                <label name="testSuite" value="Default suite"/>
                <label name="testGroup" value="Default test"/>
                <label name="testClass" value="core.CreditCardValidationTest"/>
                <label name="testMethod" value="cvv"/>
                <label name="host" value="Latitude"/>
                <label name="thread" value="47256@Latitude.main(1)"/>
            </labels>
        </test-case>
        <test-case start="1510544951411" stop="1510544951416" status="passed">
            <name>cvv[MasterCard,5163365359379095,10/20,954]</name>
            <steps/>
            <attachments/>
            <labels>
                <label name="testSuite" value="Default suite"/>
                <label name="testGroup" value="Default test"/>
                <label name="testClass" value="core.CreditCardValidationTest"/>
                <label name="testMethod" value="cvv"/>
                <label name="host" value="Latitude"/>
                <label name="thread" value="47256@Latitude.main(1)"/>
            </labels>
        </test-case>
        <test-case start="1510544951424" stop="1510544951432" status="passed">
            <name>cvv[MasterCard,5232199338465288,05/19,143]</name>
            <steps/>
            <attachments/>
            <labels>
                <label name="testSuite" value="Default suite"/>
                <label name="testGroup" value="Default test"/>
                <label name="testClass" value="core.CreditCardValidationTest"/>
                <label name="testMethod" value="cvv"/>
                <label name="host" value="Latitude"/>
                <label name="thread" value="47256@Latitude.main(1)"/>
            </labels>
        </test-case>
        <test-case start="1510544951440" stop="1510544951442" status="passed">
            <name>cvv[MasterCard,5426847049094377,02/18,123]</name>
            <steps/>
            <attachments/>
            <labels>
                <label name="testSuite" value="Default suite"/>
                <label name="testGroup" value="Default test"/>
                <label name="testClass" value="core.CreditCardValidationTest"/>
                <label name="testMethod" value="cvv"/>
                <label name="host" value="Latitude"/>
                <label name="thread" value="47256@Latitude.main(1)"/>
            </labels>
        </test-case>
        <test-case start="1510544951445" stop="1510544951447" status="passed">
            <name>cvv[MasterCard,516866660165885,04/15,254]</name>
            <steps/>
            <attachments/>
            <labels>
                <label name="testSuite" value="Default suite"/>
                <label name="testGroup" value="Default test"/>
                <label name="testClass" value="core.CreditCardValidationTest"/>
                <label name="testMethod" value="cvv"/>
                <label name="host" value="Latitude"/>
                <label name="thread" value="47256@Latitude.main(1)"/>
            </labels>
        </test-case>
        <test-case start="1510544951450" stop="1510544951451" status="passed">
            <name>cvv[MasterCard,5278-1875-3826-7559,07/16,258]</name>
            <steps/>
            <attachments/>
            <labels>
                <label name="testSuite" value="Default suite"/>
                <label name="testGroup" value="Default test"/>
                <label name="testClass" value="core.CreditCardValidationTest"/>
                <label name="testMethod" value="cvv"/>
                <label name="host" value="Latitude"/>
                <label name="thread" value="47256@Latitude.main(1)"/>
            </labels>
        </test-case>
        <test-case start="1510544951454" stop="1510544951456" status="passed">
            <name>cvv[MasterCard,5334919452640144,09/21,159]</name>
            <steps/>
            <attachments/>
            <labels>
                <label name="testSuite" value="Default suite"/>
                <label name="testGroup" value="Default test"/>
                <label name="testClass" value="core.CreditCardValidationTest"/>
                <label name="testMethod" value="cvv"/>
                <label name="host" value="Latitude"/>
                <label name="thread" value="47256@Latitude.main(1)"/>
            </labels>
        </test-case>
        <test-case start="1510544951459" stop="1510544951461" status="passed">
            <name>cvv[VIS,4929559308222,03/15,123]</name>
            <steps/>
            <attachments/>
            <labels>
                <label name="testSuite" value="Default suite"/>
                <label name="testGroup" value="Default test"/>
                <label name="testClass" value="core.CreditCardValidationTest"/>
                <label name="testMethod" value="cvv"/>
                <label name="host" value="Latitude"/>
                <label name="thread" value="47256@Latitude.main(1)"/>
            </labels>
        </test-case>
        <test-case start="1510544951464" stop="1510544951465" status="passed">
            <name>cvv[VISA,4556134786083,03/14,123]</name>
            <steps/>
            <attachments/>
            <labels>
                <label name="testSuite" value="Default suite"/>
                <label name="testGroup" value="Default test"/>
                <label name="testClass" value="core.CreditCardValidationTest"/>
                <label name="testMethod" value="cvv"/>
                <label name="host" value="Latitude"/>
                <label name="thread" value="47256@Latitude.main(1)"/>
            </labels>
        </test-case>
        <test-case start="1510544951468" stop="1510544951470" status="passed">
            <name>cvv[VISA,491680232637,03/19,123]</name>
            <steps/>
            <attachments/>
            <labels>
                <label name="testSuite" value="Default suite"/>
                <label name="testGroup" value="Default test"/>
                <label name="testClass" value="core.CreditCardValidationTest"/>
                <label name="testMethod" value="cvv"/>
                <label name="host" value="Latitude"/>
                <label name="thread" value="47256@Latitude.main(1)"/>
            </labels>
        </test-case>
        <test-case start="1510544951473" stop="1510544951474" status="passed">
            <name>cvv[VISA,4916212843398,03/19,123]</name>
            <steps/>
            <attachments/>
            <labels>
                <label name="testSuite" value="Default suite"/>
                <label name="testGroup" value="Default test"/>
                <label name="testClass" value="core.CreditCardValidationTest"/>
                <label name="testMethod" value="cvv"/>
                <label name="host" value="Latitude"/>
                <label name="thread" value="47256@Latitude.main(1)"/>
            </labels>
        </test-case>
        <test-case start="1510544951477" stop="1510544951479" status="passed">
            <name>cvv[VISA,4716307252509,03/16,123]</name>
            <steps/>
            <attachments/>
            <labels>
                <label name="testSuite" value="Default suite"/>
                <label name="testGroup" value="Default test"/>
                <label name="testClass" value="core.CreditCardValidationTest"/>
                <label name="testMethod" value="cvv"/>
                <label name="host" value="Latitude"/>
                <label name="thread" value="47256@Latitude.main(1)"/>
            </labels>
        </test-case>
        <test-case start="1510544951482" stop="1510544951484" status="passed">
            <name>cvv[VISA,4701089159924,03/19,123]</name>
            <steps/>
            <attachments/>
            <labels>
                <label name="testSuite" value="Default suite"/>
                <label name="testGroup" value="Default test"/>
                <label name="testClass" value="core.CreditCardValidationTest"/>
                <label name="testMethod" value="cvv"/>
                <label name="host" value="Latitude"/>
                <label name="thread" value="47256@Latitude.main(1)"/>
            </labels>
        </test-case>
        <test-case start="1510544951486" stop="1510544951488" status="passed">
            <name>cvv[VISA,4916665640853,03/19,123]</name>
            <steps/>
            <attachments/>
            <labels>
                <label name="testSuite" value="Default suite"/>
                <label name="testGroup" value="Default test"/>
                <label name="testClass" value="core.CreditCardValidationTest"/>
                <label name="testMethod" value="cvv"/>
                <label name="host" value="Latitude"/>
                <label name="thread" value="47256@Latitude.main(1)"/>
            </labels>
        </test-case>
        <test-case start="1510544951491" stop="1510544951495" status="passed">
            <name>cvv[VISA,4617174213790,03/19,123]</name>
            <steps/>
            <attachments/>
            <labels>
                <label name="testSuite" value="Default suite"/>
                <label name="testGroup" value="Default test"/>
                <label name="testClass" value="core.CreditCardValidationTest"/>
                <label name="testMethod" value="cvv"/>
                <label name="host" value="Latitude"/>
                <label name="thread" value="47256@Latitude.main(1)"/>
            </labels>
        </test-case>
        <test-case start="1510544951498" stop="1510544951501" status="passed">
            <name>cvv[VISA,4716982643485,03/19,123]</name>
            <steps/>
            <attachments/>
            <labels>
                <label name="testSuite" value="Default suite"/>
                <label name="testGroup" value="Default test"/>
                <label name="testClass" value="core.CreditCardValidationTest"/>
                <label name="testMethod" value="cvv"/>
                <label name="host" value="Latitude"/>
                <label name="thread" value="47256@Latitude.main(1)"/>
            </labels>
        </test-case>
        <test-case start="1510544951506" stop="1510544951530" status="failed">
            <name>exp[VISA,4532-5471-0699-4816,03/15,123]</name>
            <failure>
                <message>AssertionError: 
Expected: Credit Card Exp: 03/15, should be not expired
     but: was &lt;false&gt;</message>
                <stack-trace>java.lang.AssertionError: 
Expected: Credit Card Exp: 03/15, should be not expired
     but: was &lt;false&gt;
	at org.hamcrest.MatcherAssert.assertThat(MatcherAssert.java:20)
	at org.hamcrest.MatcherAssert.assertThat(MatcherAssert.java:8)
	at core.CreditCardValidationTest.exp(CreditCardValidationTest.java:31)
	at sun.reflect.NativeMethodAccessorImpl.invoke0(Native Method)
	at sun.reflect.NativeMethodAccessorImpl.invoke(Unknown Source)
	at sun.reflect.DelegatingMethodAccessorImpl.invoke(Unknown Source)
	at java.lang.reflect.Method.invoke(Unknown Source)
	at org.testng.internal.MethodInvocationHelper.invokeMethod(MethodInvocationHelper.java:108)
	at org.testng.internal.Invoker.invokeMethod(Invoker.java:669)
	at org.testng.internal.Invoker.invokeTestMethod(Invoker.java:877)
	at org.testng.internal.Invoker.invokeTestMethods(Invoker.java:1201)
	at org.testng.internal.TestMethodWorker.invokeTestMethods(TestMethodWorker.java:125)
	at org.testng.internal.TestMethodWorker.run(TestMethodWorker.java:109)
	at org.testng.TestRunner.privateRun(TestRunner.java:776)
	at org.testng.TestRunner.run(TestRunner.java:634)
	at org.testng.SuiteRunner.runTest(SuiteRunner.java:425)
	at org.testng.SuiteRunner.runSequentially(SuiteRunner.java:420)
	at org.testng.SuiteRunner.privateRun(SuiteRunner.java:385)
	at org.testng.SuiteRunner.run(SuiteRunner.java:334)
	at org.testng.SuiteRunnerWorker.runSuite(SuiteRunnerWorker.java:52)
	at org.testng.SuiteRunnerWorker.run(SuiteRunnerWorker.java:86)
	at org.testng.TestNG.runSuitesSequentially(TestNG.java:1318)
	at org.testng.TestNG.runSuitesLocally(TestNG.java:1243)
	at org.testng.TestNG.runSuites(TestNG.java:1161)
	at org.testng.TestNG.run(TestNG.java:1129)
	at org.testng.remote.AbstractRemoteTestNG.run(AbstractRemoteTestNG.java:114)
	at org.testng.remote.RemoteTestNG.initAndRun(RemoteTestNG.java:251)
	at org.testng.remote.RemoteTestNG.main(RemoteTestNG.java:77)
</stack-trace>
            </failure>
            <steps/>
            <attachments/>
            <labels>
                <label name="testSuite" value="Default suite"/>
                <label name="testGroup" value="Default test"/>
                <label name="testClass" value="core.CreditCardValidationTest"/>
                <label name="testMethod" value="exp"/>
                <label name="host" value="Latitude"/>
                <label name="thread" value="47256@Latitude.main(1)"/>
            </labels>
        </test-case>
        <test-case start="1510544951545" stop="1510544951547" status="passed">
            <name>exp[MasterCard,5128946914605621,09/19,123]</name>
            <steps/>
            <attachments/>
            <labels>
                <label name="testSuite" value="Default suite"/>
                <label name="testGroup" value="Default test"/>
                <label name="testClass" value="core.CreditCardValidationTest"/>
                <label name="testMethod" value="exp"/>
                <label name="host" value="Latitude"/>
                <label name="thread" value="47256@Latitude.main(1)"/>
            </labels>
        </test-case>
        <test-case start="1510544951553" stop="1510544951555" status="passed">
            <name>exp[American Express,344259201906721,03/22,1234]</name>
            <steps/>
            <attachments/>
            <labels>
                <label name="testSuite" value="Default suite"/>
                <label name="testGroup" value="Default test"/>
                <label name="testClass" value="core.CreditCardValidationTest"/>
                <label name="testMethod" value="exp"/>
                <label name="host" value="Latitude"/>
                <label name="thread" value="47256@Latitude.main(1)"/>
            </labels>
        </test-case>
        <test-case start="1510544951574" stop="1510544951577" status="failed">
            <name>exp[American Express,371792656868232,03/16,1234]</name>
            <failure>
                <message>AssertionError: 
Expected: Credit Card Exp: 03/16, should be not expired
     but: was &lt;false&gt;</message>
                <stack-trace>java.lang.AssertionError: 
Expected: Credit Card Exp: 03/16, should be not expired
     but: was &lt;false&gt;
	at org.hamcrest.MatcherAssert.assertThat(MatcherAssert.java:20)
	at org.hamcrest.MatcherAssert.assertThat(MatcherAssert.java:8)
	at core.CreditCardValidationTest.exp(CreditCardValidationTest.java:31)
	at sun.reflect.NativeMethodAccessorImpl.invoke0(Native Method)
	at sun.reflect.NativeMethodAccessorImpl.invoke(Unknown Source)
	at sun.reflect.DelegatingMethodAccessorImpl.invoke(Unknown Source)
	at java.lang.reflect.Method.invoke(Unknown Source)
	at org.testng.internal.MethodInvocationHelper.invokeMethod(MethodInvocationHelper.java:108)
	at org.testng.internal.Invoker.invokeMethod(Invoker.java:669)
	at org.testng.internal.Invoker.invokeTestMethod(Invoker.java:877)
	at org.testng.internal.Invoker.invokeTestMethods(Invoker.java:1201)
	at org.testng.internal.TestMethodWorker.invokeTestMethods(TestMethodWorker.java:125)
	at org.testng.internal.TestMethodWorker.run(TestMethodWorker.java:109)
	at org.testng.TestRunner.privateRun(TestRunner.java:776)
	at org.testng.TestRunner.run(TestRunner.java:634)
	at org.testng.SuiteRunner.runTest(SuiteRunner.java:425)
	at org.testng.SuiteRunner.runSequentially(SuiteRunner.java:420)
	at org.testng.SuiteRunner.privateRun(SuiteRunner.java:385)
	at org.testng.SuiteRunner.run(SuiteRunner.java:334)
	at org.testng.SuiteRunnerWorker.runSuite(SuiteRunnerWorker.java:52)
	at org.testng.SuiteRunnerWorker.run(SuiteRunnerWorker.java:86)
	at org.testng.TestNG.runSuitesSequentially(TestNG.java:1318)
	at org.testng.TestNG.runSuitesLocally(TestNG.java:1243)
	at org.testng.TestNG.runSuites(TestNG.java:1161)
	at org.testng.TestNG.run(TestNG.java:1129)
	at org.testng.remote.AbstractRemoteTestNG.run(AbstractRemoteTestNG.java:114)
	at org.testng.remote.RemoteTestNG.initAndRun(RemoteTestNG.java:251)
	at org.testng.remote.RemoteTestNG.main(RemoteTestNG.java:77)
</stack-trace>
            </failure>
            <steps/>
            <attachments/>
            <labels>
                <label name="testSuite" value="Default suite"/>
                <label name="testGroup" value="Default test"/>
                <label name="testClass" value="core.CreditCardValidationTest"/>
                <label name="testMethod" value="exp"/>
                <label name="host" value="Latitude"/>
                <label name="thread" value="47256@Latitude.main(1)"/>
            </labels>
        </test-case>
        <test-case start="1510544951588" stop="1510544951591" status="failed">
            <name>exp[American Express,343515603411680,03/15,1234]</name>
            <failure>
                <message>AssertionError: 
Expected: Credit Card Exp: 03/15, should be not expired
     but: was &lt;false&gt;</message>
                <stack-trace>java.lang.AssertionError: 
Expected: Credit Card Exp: 03/15, should be not expired
     but: was &lt;false&gt;
	at org.hamcrest.MatcherAssert.assertThat(MatcherAssert.java:20)
	at org.hamcrest.MatcherAssert.assertThat(MatcherAssert.java:8)
	at core.CreditCardValidationTest.exp(CreditCardValidationTest.java:31)
	at sun.reflect.NativeMethodAccessorImpl.invoke0(Native Method)
	at sun.reflect.NativeMethodAccessorImpl.invoke(Unknown Source)
	at sun.reflect.DelegatingMethodAccessorImpl.invoke(Unknown Source)
	at java.lang.reflect.Method.invoke(Unknown Source)
	at org.testng.internal.MethodInvocationHelper.invokeMethod(MethodInvocationHelper.java:108)
	at org.testng.internal.Invoker.invokeMethod(Invoker.java:669)
	at org.testng.internal.Invoker.invokeTestMethod(Invoker.java:877)
	at org.testng.internal.Invoker.invokeTestMethods(Invoker.java:1201)
	at org.testng.internal.TestMethodWorker.invokeTestMethods(TestMethodWorker.java:125)
	at org.testng.internal.TestMethodWorker.run(TestMethodWorker.java:109)
	at org.testng.TestRunner.privateRun(TestRunner.java:776)
	at org.testng.TestRunner.run(TestRunner.java:634)
	at org.testng.SuiteRunner.runTest(SuiteRunner.java:425)
	at org.testng.SuiteRunner.runSequentially(SuiteRunner.java:420)
	at org.testng.SuiteRunner.privateRun(SuiteRunner.java:385)
	at org.testng.SuiteRunner.run(SuiteRunner.java:334)
	at org.testng.SuiteRunnerWorker.runSuite(SuiteRunnerWorker.java:52)
	at org.testng.SuiteRunnerWorker.run(SuiteRunnerWorker.java:86)
	at org.testng.TestNG.runSuitesSequentially(TestNG.java:1318)
	at org.testng.TestNG.runSuitesLocally(TestNG.java:1243)
	at org.testng.TestNG.runSuites(TestNG.java:1161)
	at org.testng.TestNG.run(TestNG.java:1129)
	at org.testng.remote.AbstractRemoteTestNG.run(AbstractRemoteTestNG.java:114)
	at org.testng.remote.RemoteTestNG.initAndRun(RemoteTestNG.java:251)
	at org.testng.remote.RemoteTestNG.main(RemoteTestNG.java:77)
</stack-trace>
            </failure>
            <steps/>
            <attachments/>
            <labels>
                <label name="testSuite" value="Default suite"/>
                <label name="testGroup" value="Default test"/>
                <label name="testClass" value="core.CreditCardValidationTest"/>
                <label name="testMethod" value="exp"/>
                <label name="host" value="Latitude"/>
                <label name="thread" value="47256@Latitude.main(1)"/>
            </labels>
        </test-case>
        <test-case start="1510544951593" stop="1510544951595" status="passed">
            <name>exp[American Express,37261536518254,03/21,1234]</name>
            <steps/>
            <attachments/>
            <labels>
                <label name="testSuite" value="Default suite"/>
                <label name="testGroup" value="Default test"/>
                <label name="testClass" value="core.CreditCardValidationTest"/>
                <label name="testMethod" value="exp"/>
                <label name="host" value="Latitude"/>
                <label name="thread" value="47256@Latitude.main(1)"/>
            </labels>
        </test-case>
        <test-case start="1510544951597" stop="1510544951599" status="passed">
            <name>exp[American Express,343135671066264,03/21,1234]</name>
            <steps/>
            <attachments/>
            <labels>
                <label name="testSuite" value="Default suite"/>
                <label name="testGroup" value="Default test"/>
                <label name="testClass" value="core.CreditCardValidationTest"/>
                <label name="testMethod" value="exp"/>
                <label name="host" value="Latitude"/>
                <label name="thread" value="47256@Latitude.main(1)"/>
            </labels>
        </test-case>
        <test-case start="1510544951602" stop="1510544951604" status="passed">
            <name>exp[American Express,3561598966880,03/21,1234]</name>
            <steps/>
            <attachments/>
            <labels>
                <label name="testSuite" value="Default suite"/>
                <label name="testGroup" value="Default test"/>
                <label name="testClass" value="core.CreditCardValidationTest"/>
                <label name="testMethod" value="exp"/>
                <label name="host" value="Latitude"/>
                <label name="thread" value="47256@Latitude.main(1)"/>
            </labels>
        </test-case>
        <test-case start="1510544951607" stop="1510544951608" status="passed">
            <name>exp[American Expres,341632186805618,03/21,1234]</name>
            <steps/>
            <attachments/>
            <labels>
                <label name="testSuite" value="Default suite"/>
                <label name="testGroup" value="Default test"/>
                <label name="testClass" value="core.CreditCardValidationTest"/>
                <label name="testMethod" value="exp"/>
                <label name="host" value="Latitude"/>
                <label name="thread" value="47256@Latitude.main(1)"/>
            </labels>
        </test-case>
        <test-case start="1510544951611" stop="1510544951613" status="passed">
            <name>exp[VISA,4532-5471-0699-4816,03/21,174]</name>
            <steps/>
            <attachments/>
            <labels>
                <label name="testSuite" value="Default suite"/>
                <label name="testGroup" value="Default test"/>
                <label name="testClass" value="core.CreditCardValidationTest"/>
                <label name="testMethod" value="exp"/>
                <label name="host" value="Latitude"/>
                <label name="thread" value="47256@Latitude.main(1)"/>
            </labels>
        </test-case>
        <test-case start="1510544951616" stop="1510544951618" status="passed">
            <name>exp[Discover,6011-0197-1148-6286,02/18,154]</name>
            <steps/>
            <attachments/>
            <labels>
                <label name="testSuite" value="Default suite"/>
                <label name="testGroup" value="Default test"/>
                <label name="testClass" value="core.CreditCardValidationTest"/>
                <label name="testMethod" value="exp"/>
                <label name="host" value="Latitude"/>
                <label name="thread" value="47256@Latitude.main(1)"/>
            </labels>
        </test-case>
        <test-case start="1510544951620" stop="1510544951622" status="passed">
            <name>exp[Discover,6495-5046-4029-1126,02/18,357]</name>
            <steps/>
            <attachments/>
            <labels>
                <label name="testSuite" value="Default suite"/>
                <label name="testGroup" value="Default test"/>
                <label name="testClass" value="core.CreditCardValidationTest"/>
                <label name="testMethod" value="exp"/>
                <label name="host" value="Latitude"/>
                <label name="thread" value="47256@Latitude.main(1)"/>
            </labels>
        </test-case>
        <test-case start="1510544951624" stop="1510544951628" status="passed">
            <name>exp[Discover,6229256965254832,02/18,354]</name>
            <steps/>
            <attachments/>
            <labels>
                <label name="testSuite" value="Default suite"/>
                <label name="testGroup" value="Default test"/>
                <label name="testClass" value="core.CreditCardValidationTest"/>
                <label name="testMethod" value="exp"/>
                <label name="host" value="Latitude"/>
                <label name="thread" value="47256@Latitude.main(1)"/>
            </labels>
        </test-case>
        <test-case start="1510544951643" stop="1510544951646" status="passed">
            <name>exp[Discover,6011077105446506,02/18,354]</name>
            <steps/>
            <attachments/>
            <labels>
                <label name="testSuite" value="Default suite"/>
                <label name="testGroup" value="Default test"/>
                <label name="testClass" value="core.CreditCardValidationTest"/>
                <label name="testMethod" value="exp"/>
                <label name="host" value="Latitude"/>
                <label name="thread" value="47256@Latitude.main(1)"/>
            </labels>
        </test-case>
        <test-case start="1510544951648" stop="1510544951650" status="passed">
            <name>exp[Discover,6011192042419415,02/18,354]</name>
            <steps/>
            <attachments/>
            <labels>
                <label name="testSuite" value="Default suite"/>
                <label name="testGroup" value="Default test"/>
                <label name="testClass" value="core.CreditCardValidationTest"/>
                <label name="testMethod" value="exp"/>
                <label name="host" value="Latitude"/>
                <label name="thread" value="47256@Latitude.main(1)"/>
            </labels>
        </test-case>
        <test-case start="1510544951654" stop="1510544951656" status="passed">
            <name>exp[Discov,6011724928833820,02/18,354]</name>
            <steps/>
            <attachments/>
            <labels>
                <label name="testSuite" value="Default suite"/>
                <label name="testGroup" value="Default test"/>
                <label name="testClass" value="core.CreditCardValidationTest"/>
                <label name="testMethod" value="exp"/>
                <label name="host" value="Latitude"/>
                <label name="thread" value="47256@Latitude.main(1)"/>
            </labels>
        </test-case>
        <test-case start="1510544951685" stop="1510544951712" status="passed">
            <name>exp[Discover,601156785254340,02/18,354]</name>
            <steps/>
            <attachments/>
            <labels>
                <label name="testSuite" value="Default suite"/>
                <label name="testGroup" value="Default test"/>
                <label name="testClass" value="core.CreditCardValidationTest"/>
                <label name="testMethod" value="exp"/>
                <label name="host" value="Latitude"/>
                <label name="thread" value="47256@Latitude.main(1)"/>
            </labels>
        </test-case>
        <test-case start="1510544951716" stop="1510544951724" status="failed">
            <name>exp[Discover,6581185726028247,02/16,145]</name>
            <failure>
                <message>AssertionError: 
Expected: Credit Card Exp: 02/16, should be not expired
     but: was &lt;false&gt;</message>
                <stack-trace>java.lang.AssertionError: 
Expected: Credit Card Exp: 02/16, should be not expired
     but: was &lt;false&gt;
	at org.hamcrest.MatcherAssert.assertThat(MatcherAssert.java:20)
	at org.hamcrest.MatcherAssert.assertThat(MatcherAssert.java:8)
	at core.CreditCardValidationTest.exp(CreditCardValidationTest.java:31)
	at sun.reflect.GeneratedMethodAccessor4.invoke(Unknown Source)
	at sun.reflect.DelegatingMethodAccessorImpl.invoke(Unknown Source)
	at java.lang.reflect.Method.invoke(Unknown Source)
	at org.testng.internal.MethodInvocationHelper.invokeMethod(MethodInvocationHelper.java:108)
	at org.testng.internal.Invoker.invokeMethod(Invoker.java:669)
	at org.testng.internal.Invoker.invokeTestMethod(Invoker.java:877)
	at org.testng.internal.Invoker.invokeTestMethods(Invoker.java:1201)
	at org.testng.internal.TestMethodWorker.invokeTestMethods(TestMethodWorker.java:125)
	at org.testng.internal.TestMethodWorker.run(TestMethodWorker.java:109)
	at org.testng.TestRunner.privateRun(TestRunner.java:776)
	at org.testng.TestRunner.run(TestRunner.java:634)
	at org.testng.SuiteRunner.runTest(SuiteRunner.java:425)
	at org.testng.SuiteRunner.runSequentially(SuiteRunner.java:420)
	at org.testng.SuiteRunner.privateRun(SuiteRunner.java:385)
	at org.testng.SuiteRunner.run(SuiteRunner.java:334)
	at org.testng.SuiteRunnerWorker.runSuite(SuiteRunnerWorker.java:52)
	at org.testng.SuiteRunnerWorker.run(SuiteRunnerWorker.java:86)
	at org.testng.TestNG.runSuitesSequentially(TestNG.java:1318)
	at org.testng.TestNG.runSuitesLocally(TestNG.java:1243)
	at org.testng.TestNG.runSuites(TestNG.java:1161)
	at org.testng.TestNG.run(TestNG.java:1129)
	at org.testng.remote.AbstractRemoteTestNG.run(AbstractRemoteTestNG.java:114)
	at org.testng.remote.RemoteTestNG.initAndRun(RemoteTestNG.java:251)
	at org.testng.remote.RemoteTestNG.main(RemoteTestNG.java:77)
</stack-trace>
            </failure>
            <steps/>
            <attachments/>
            <labels>
                <label name="testSuite" value="Default suite"/>
                <label name="testGroup" value="Default test"/>
                <label name="testClass" value="core.CreditCardValidationTest"/>
                <label name="testMethod" value="exp"/>
                <label name="host" value="Latitude"/>
                <label name="thread" value="47256@Latitude.main(1)"/>
            </labels>
        </test-case>
        <test-case start="1510544951727" stop="1510544951731" status="passed">
            <name>exp[MasterCard,5248-6433-5421-6358,11/19,154]</name>
            <steps/>
            <attachments/>
            <labels>
                <label name="testSuite" value="Default suite"/>
                <label name="testGroup" value="Default test"/>
                <label name="testClass" value="core.CreditCardValidationTest"/>
                <label name="testMethod" value="exp"/>
                <label name="host" value="Latitude"/>
                <label name="thread" value="47256@Latitude.main(1)"/>
            </labels>
        </test-case>
        <test-case start="1510544951738" stop="1510544951740" status="passed">
            <name>exp[MasterCard,5169-1962-3193-8640,03/19,123]</name>
            <steps/>
            <attachments/>
            <labels>
                <label name="testSuite" value="Default suite"/>
                <label name="testGroup" value="Default test"/>
                <label name="testClass" value="core.CreditCardValidationTest"/>
                <label name="testMethod" value="exp"/>
                <label name="host" value="Latitude"/>
                <label name="thread" value="47256@Latitude.main(1)"/>
            </labels>
        </test-case>
        <test-case start="1510544951743" stop="1510544951746" status="passed">
            <name>exp[MasterCard,5599-6880-5206-3763,05/19,103]</name>
            <steps/>
            <attachments/>
            <labels>
                <label name="testSuite" value="Default suite"/>
                <label name="testGroup" value="Default test"/>
                <label name="testClass" value="core.CreditCardValidationTest"/>
                <label name="testMethod" value="exp"/>
                <label name="host" value="Latitude"/>
                <label name="thread" value="47256@Latitude.main(1)"/>
            </labels>
        </test-case>
        <test-case start="1510544951748" stop="1510544951753" status="passed">
            <name>exp[MasterCar,5171953247711452,01/21,123]</name>
            <steps/>
            <attachments/>
            <labels>
                <label name="testSuite" value="Default suite"/>
                <label name="testGroup" value="Default test"/>
                <label name="testClass" value="core.CreditCardValidationTest"/>
                <label name="testMethod" value="exp"/>
                <label name="host" value="Latitude"/>
                <label name="thread" value="47256@Latitude.main(1)"/>
            </labels>
        </test-case>
        <test-case start="1510544951756" stop="1510544951758" status="passed">
            <name>exp[MasterCard,5163365359379095,10/20,954]</name>
            <steps/>
            <attachments/>
            <labels>
                <label name="testSuite" value="Default suite"/>
                <label name="testGroup" value="Default test"/>
                <label name="testClass" value="core.CreditCardValidationTest"/>
                <label name="testMethod" value="exp"/>
                <label name="host" value="Latitude"/>
                <label name="thread" value="47256@Latitude.main(1)"/>
            </labels>
        </test-case>
        <test-case start="1510544951760" stop="1510544951763" status="passed">
            <name>exp[MasterCard,5232199338465288,05/19,143]</name>
            <steps/>
            <attachments/>
            <labels>
                <label name="testSuite" value="Default suite"/>
                <label name="testGroup" value="Default test"/>
                <label name="testClass" value="core.CreditCardValidationTest"/>
                <label name="testMethod" value="exp"/>
                <label name="host" value="Latitude"/>
                <label name="thread" value="47256@Latitude.main(1)"/>
            </labels>
        </test-case>
        <test-case start="1510544951767" stop="1510544951771" status="passed">
            <name>exp[MasterCard,5426847049094377,02/18,123]</name>
            <steps/>
            <attachments/>
            <labels>
                <label name="testSuite" value="Default suite"/>
                <label name="testGroup" value="Default test"/>
                <label name="testClass" value="core.CreditCardValidationTest"/>
                <label name="testMethod" value="exp"/>
                <label name="host" value="Latitude"/>
                <label name="thread" value="47256@Latitude.main(1)"/>
            </labels>
        </test-case>
        <test-case start="1510544951790" stop="1510544951796" status="failed">
            <name>exp[MasterCard,516866660165885,04/15,254]</name>
            <failure>
                <message>AssertionError: 
Expected: Credit Card Exp: 04/15, should be not expired
     but: was &lt;false&gt;</message>
                <stack-trace>java.lang.AssertionError: 
Expected: Credit Card Exp: 04/15, should be not expired
     but: was &lt;false&gt;
	at org.hamcrest.MatcherAssert.assertThat(MatcherAssert.java:20)
	at org.hamcrest.MatcherAssert.assertThat(MatcherAssert.java:8)
	at core.CreditCardValidationTest.exp(CreditCardValidationTest.java:31)
	at sun.reflect.GeneratedMethodAccessor4.invoke(Unknown Source)
	at sun.reflect.DelegatingMethodAccessorImpl.invoke(Unknown Source)
	at java.lang.reflect.Method.invoke(Unknown Source)
	at org.testng.internal.MethodInvocationHelper.invokeMethod(MethodInvocationHelper.java:108)
	at org.testng.internal.Invoker.invokeMethod(Invoker.java:669)
	at org.testng.internal.Invoker.invokeTestMethod(Invoker.java:877)
	at org.testng.internal.Invoker.invokeTestMethods(Invoker.java:1201)
	at org.testng.internal.TestMethodWorker.invokeTestMethods(TestMethodWorker.java:125)
	at org.testng.internal.TestMethodWorker.run(TestMethodWorker.java:109)
	at org.testng.TestRunner.privateRun(TestRunner.java:776)
	at org.testng.TestRunner.run(TestRunner.java:634)
	at org.testng.SuiteRunner.runTest(SuiteRunner.java:425)
	at org.testng.SuiteRunner.runSequentially(SuiteRunner.java:420)
	at org.testng.SuiteRunner.privateRun(SuiteRunner.java:385)
	at org.testng.SuiteRunner.run(SuiteRunner.java:334)
	at org.testng.SuiteRunnerWorker.runSuite(SuiteRunnerWorker.java:52)
	at org.testng.SuiteRunnerWorker.run(SuiteRunnerWorker.java:86)
	at org.testng.TestNG.runSuitesSequentially(TestNG.java:1318)
	at org.testng.TestNG.runSuitesLocally(TestNG.java:1243)
	at org.testng.TestNG.runSuites(TestNG.java:1161)
	at org.testng.TestNG.run(TestNG.java:1129)
	at org.testng.remote.AbstractRemoteTestNG.run(AbstractRemoteTestNG.java:114)
	at org.testng.remote.RemoteTestNG.initAndRun(RemoteTestNG.java:251)
	at org.testng.remote.RemoteTestNG.main(RemoteTestNG.java:77)
</stack-trace>
            </failure>
            <steps/>
            <attachments/>
            <labels>
                <label name="testSuite" value="Default suite"/>
                <label name="testGroup" value="Default test"/>
                <label name="testClass" value="core.CreditCardValidationTest"/>
                <label name="testMethod" value="exp"/>
                <label name="host" value="Latitude"/>
                <label name="thread" value="47256@Latitude.main(1)"/>
            </labels>
        </test-case>
        <test-case start="1510544951806" stop="1510544951819" status="failed">
            <name>exp[MasterCard,5278-1875-3826-7559,07/16,258]</name>
            <failure>
                <message>AssertionError: 
Expected: Credit Card Exp: 07/16, should be not expired
     but: was &lt;false&gt;</message>
                <stack-trace>java.lang.AssertionError: 
Expected: Credit Card Exp: 07/16, should be not expired
     but: was &lt;false&gt;
	at org.hamcrest.MatcherAssert.assertThat(MatcherAssert.java:20)
	at org.hamcrest.MatcherAssert.assertThat(MatcherAssert.java:8)
	at core.CreditCardValidationTest.exp(CreditCardValidationTest.java:31)
	at sun.reflect.GeneratedMethodAccessor4.invoke(Unknown Source)
	at sun.reflect.DelegatingMethodAccessorImpl.invoke(Unknown Source)
	at java.lang.reflect.Method.invoke(Unknown Source)
	at org.testng.internal.MethodInvocationHelper.invokeMethod(MethodInvocationHelper.java:108)
	at org.testng.internal.Invoker.invokeMethod(Invoker.java:669)
	at org.testng.internal.Invoker.invokeTestMethod(Invoker.java:877)
	at org.testng.internal.Invoker.invokeTestMethods(Invoker.java:1201)
	at org.testng.internal.TestMethodWorker.invokeTestMethods(TestMethodWorker.java:125)
	at org.testng.internal.TestMethodWorker.run(TestMethodWorker.java:109)
	at org.testng.TestRunner.privateRun(TestRunner.java:776)
	at org.testng.TestRunner.run(TestRunner.java:634)
	at org.testng.SuiteRunner.runTest(SuiteRunner.java:425)
	at org.testng.SuiteRunner.runSequentially(SuiteRunner.java:420)
	at org.testng.SuiteRunner.privateRun(SuiteRunner.java:385)
	at org.testng.SuiteRunner.run(SuiteRunner.java:334)
	at org.testng.SuiteRunnerWorker.runSuite(SuiteRunnerWorker.java:52)
	at org.testng.SuiteRunnerWorker.run(SuiteRunnerWorker.java:86)
	at org.testng.TestNG.runSuitesSequentially(TestNG.java:1318)
	at org.testng.TestNG.runSuitesLocally(TestNG.java:1243)
	at org.testng.TestNG.runSuites(TestNG.java:1161)
	at org.testng.TestNG.run(TestNG.java:1129)
	at org.testng.remote.AbstractRemoteTestNG.run(AbstractRemoteTestNG.java:114)
	at org.testng.remote.RemoteTestNG.initAndRun(RemoteTestNG.java:251)
	at org.testng.remote.RemoteTestNG.main(RemoteTestNG.java:77)
</stack-trace>
            </failure>
            <steps/>
            <attachments/>
            <labels>
                <label name="testSuite" value="Default suite"/>
                <label name="testGroup" value="Default test"/>
                <label name="testClass" value="core.CreditCardValidationTest"/>
                <label name="testMethod" value="exp"/>
                <label name="host" value="Latitude"/>
                <label name="thread" value="47256@Latitude.main(1)"/>
            </labels>
        </test-case>
        <test-case start="1510544951822" stop="1510544951823" status="passed">
            <name>exp[MasterCard,5334919452640144,09/21,159]</name>
            <steps/>
            <attachments/>
            <labels>
                <label name="testSuite" value="Default suite"/>
                <label name="testGroup" value="Default test"/>
                <label name="testClass" value="core.CreditCardValidationTest"/>
                <label name="testMethod" value="exp"/>
                <label name="host" value="Latitude"/>
                <label name="thread" value="47256@Latitude.main(1)"/>
            </labels>
        </test-case>
        <test-case start="1510544951827" stop="1510544951830" status="failed">
            <name>exp[VIS,4929559308222,03/15,123]</name>
            <failure>
                <message>AssertionError: 
Expected: Credit Card Exp: 03/15, should be not expired
     but: was &lt;false&gt;</message>
                <stack-trace>java.lang.AssertionError: 
Expected: Credit Card Exp: 03/15, should be not expired
     but: was &lt;false&gt;
	at org.hamcrest.MatcherAssert.assertThat(MatcherAssert.java:20)
	at org.hamcrest.MatcherAssert.assertThat(MatcherAssert.java:8)
	at core.CreditCardValidationTest.exp(CreditCardValidationTest.java:31)
	at sun.reflect.GeneratedMethodAccessor4.invoke(Unknown Source)
	at sun.reflect.DelegatingMethodAccessorImpl.invoke(Unknown Source)
	at java.lang.reflect.Method.invoke(Unknown Source)
	at org.testng.internal.MethodInvocationHelper.invokeMethod(MethodInvocationHelper.java:108)
	at org.testng.internal.Invoker.invokeMethod(Invoker.java:669)
	at org.testng.internal.Invoker.invokeTestMethod(Invoker.java:877)
	at org.testng.internal.Invoker.invokeTestMethods(Invoker.java:1201)
	at org.testng.internal.TestMethodWorker.invokeTestMethods(TestMethodWorker.java:125)
	at org.testng.internal.TestMethodWorker.run(TestMethodWorker.java:109)
	at org.testng.TestRunner.privateRun(TestRunner.java:776)
	at org.testng.TestRunner.run(TestRunner.java:634)
	at org.testng.SuiteRunner.runTest(SuiteRunner.java:425)
	at org.testng.SuiteRunner.runSequentially(SuiteRunner.java:420)
	at org.testng.SuiteRunner.privateRun(SuiteRunner.java:385)
	at org.testng.SuiteRunner.run(SuiteRunner.java:334)
	at org.testng.SuiteRunnerWorker.runSuite(SuiteRunnerWorker.java:52)
	at org.testng.SuiteRunnerWorker.run(SuiteRunnerWorker.java:86)
	at org.testng.TestNG.runSuitesSequentially(TestNG.java:1318)
	at org.testng.TestNG.runSuitesLocally(TestNG.java:1243)
	at org.testng.TestNG.runSuites(TestNG.java:1161)
	at org.testng.TestNG.run(TestNG.java:1129)
	at org.testng.remote.AbstractRemoteTestNG.run(AbstractRemoteTestNG.java:114)
	at org.testng.remote.RemoteTestNG.initAndRun(RemoteTestNG.java:251)
	at org.testng.remote.RemoteTestNG.main(RemoteTestNG.java:77)
</stack-trace>
            </failure>
            <steps/>
            <attachments/>
            <labels>
                <label name="testSuite" value="Default suite"/>
                <label name="testGroup" value="Default test"/>
                <label name="testClass" value="core.CreditCardValidationTest"/>
                <label name="testMethod" value="exp"/>
                <label name="host" value="Latitude"/>
                <label name="thread" value="47256@Latitude.main(1)"/>
            </labels>
        </test-case>
        <test-case start="1510544951833" stop="1510544951845" status="failed">
            <name>exp[VISA,4556134786083,03/14,123]</name>
            <failure>
                <message>AssertionError: 
Expected: Credit Card Exp: 03/14, should be not expired
     but: was &lt;false&gt;</message>
                <stack-trace>java.lang.AssertionError: 
Expected: Credit Card Exp: 03/14, should be not expired
     but: was &lt;false&gt;
	at org.hamcrest.MatcherAssert.assertThat(MatcherAssert.java:20)
	at org.hamcrest.MatcherAssert.assertThat(MatcherAssert.java:8)
	at core.CreditCardValidationTest.exp(CreditCardValidationTest.java:31)
	at sun.reflect.GeneratedMethodAccessor4.invoke(Unknown Source)
	at sun.reflect.DelegatingMethodAccessorImpl.invoke(Unknown Source)
	at java.lang.reflect.Method.invoke(Unknown Source)
	at org.testng.internal.MethodInvocationHelper.invokeMethod(MethodInvocationHelper.java:108)
	at org.testng.internal.Invoker.invokeMethod(Invoker.java:669)
	at org.testng.internal.Invoker.invokeTestMethod(Invoker.java:877)
	at org.testng.internal.Invoker.invokeTestMethods(Invoker.java:1201)
	at org.testng.internal.TestMethodWorker.invokeTestMethods(TestMethodWorker.java:125)
	at org.testng.internal.TestMethodWorker.run(TestMethodWorker.java:109)
	at org.testng.TestRunner.privateRun(TestRunner.java:776)
	at org.testng.TestRunner.run(TestRunner.java:634)
	at org.testng.SuiteRunner.runTest(SuiteRunner.java:425)
	at org.testng.SuiteRunner.runSequentially(SuiteRunner.java:420)
	at org.testng.SuiteRunner.privateRun(SuiteRunner.java:385)
	at org.testng.SuiteRunner.run(SuiteRunner.java:334)
	at org.testng.SuiteRunnerWorker.runSuite(SuiteRunnerWorker.java:52)
	at org.testng.SuiteRunnerWorker.run(SuiteRunnerWorker.java:86)
	at org.testng.TestNG.runSuitesSequentially(TestNG.java:1318)
	at org.testng.TestNG.runSuitesLocally(TestNG.java:1243)
	at org.testng.TestNG.runSuites(TestNG.java:1161)
	at org.testng.TestNG.run(TestNG.java:1129)
	at org.testng.remote.AbstractRemoteTestNG.run(AbstractRemoteTestNG.java:114)
	at org.testng.remote.RemoteTestNG.initAndRun(RemoteTestNG.java:251)
	at org.testng.remote.RemoteTestNG.main(RemoteTestNG.java:77)
</stack-trace>
            </failure>
            <steps/>
            <attachments/>
            <labels>
                <label name="testSuite" value="Default suite"/>
                <label name="testGroup" value="Default test"/>
                <label name="testClass" value="core.CreditCardValidationTest"/>
                <label name="testMethod" value="exp"/>
                <label name="host" value="Latitude"/>
                <label name="thread" value="47256@Latitude.main(1)"/>
            </labels>
        </test-case>
        <test-case start="1510544951852" stop="1510544951855" status="passed">
            <name>exp[VISA,491680232637,03/19,123]</name>
            <steps/>
            <attachments/>
            <labels>
                <label name="testSuite" value="Default suite"/>
                <label name="testGroup" value="Default test"/>
                <label name="testClass" value="core.CreditCardValidationTest"/>
                <label name="testMethod" value="exp"/>
                <label name="host" value="Latitude"/>
                <label name="thread" value="47256@Latitude.main(1)"/>
            </labels>
        </test-case>
        <test-case start="1510544951860" stop="1510544951866" status="passed">
            <name>exp[VISA,4916212843398,03/19,123]</name>
            <steps/>
            <attachments/>
            <labels>
                <label name="testSuite" value="Default suite"/>
                <label name="testGroup" value="Default test"/>
                <label name="testClass" value="core.CreditCardValidationTest"/>
                <label name="testMethod" value="exp"/>
                <label name="host" value="Latitude"/>
                <label name="thread" value="47256@Latitude.main(1)"/>
            </labels>
        </test-case>
        <test-case start="1510544951869" stop="1510544951874" status="failed">
            <name>exp[VISA,4716307252509,03/16,123]</name>
            <failure>
                <message>AssertionError: 
Expected: Credit Card Exp: 03/16, should be not expired
     but: was &lt;false&gt;</message>
                <stack-trace>java.lang.AssertionError: 
Expected: Credit Card Exp: 03/16, should be not expired
     but: was &lt;false&gt;
	at org.hamcrest.MatcherAssert.assertThat(MatcherAssert.java:20)
	at org.hamcrest.MatcherAssert.assertThat(MatcherAssert.java:8)
	at core.CreditCardValidationTest.exp(CreditCardValidationTest.java:31)
	at sun.reflect.GeneratedMethodAccessor4.invoke(Unknown Source)
	at sun.reflect.DelegatingMethodAccessorImpl.invoke(Unknown Source)
	at java.lang.reflect.Method.invoke(Unknown Source)
	at org.testng.internal.MethodInvocationHelper.invokeMethod(MethodInvocationHelper.java:108)
	at org.testng.internal.Invoker.invokeMethod(Invoker.java:669)
	at org.testng.internal.Invoker.invokeTestMethod(Invoker.java:877)
	at org.testng.internal.Invoker.invokeTestMethods(Invoker.java:1201)
	at org.testng.internal.TestMethodWorker.invokeTestMethods(TestMethodWorker.java:125)
	at org.testng.internal.TestMethodWorker.run(TestMethodWorker.java:109)
	at org.testng.TestRunner.privateRun(TestRunner.java:776)
	at org.testng.TestRunner.run(TestRunner.java:634)
	at org.testng.SuiteRunner.runTest(SuiteRunner.java:425)
	at org.testng.SuiteRunner.runSequentially(SuiteRunner.java:420)
	at org.testng.SuiteRunner.privateRun(SuiteRunner.java:385)
	at org.testng.SuiteRunner.run(SuiteRunner.java:334)
	at org.testng.SuiteRunnerWorker.runSuite(SuiteRunnerWorker.java:52)
	at org.testng.SuiteRunnerWorker.run(SuiteRunnerWorker.java:86)
	at org.testng.TestNG.runSuitesSequentially(TestNG.java:1318)
	at org.testng.TestNG.runSuitesLocally(TestNG.java:1243)
	at org.testng.TestNG.runSuites(TestNG.java:1161)
	at org.testng.TestNG.run(TestNG.java:1129)
	at org.testng.remote.AbstractRemoteTestNG.run(AbstractRemoteTestNG.java:114)
	at org.testng.remote.RemoteTestNG.initAndRun(RemoteTestNG.java:251)
	at org.testng.remote.RemoteTestNG.main(RemoteTestNG.java:77)
</stack-trace>
            </failure>
            <steps/>
            <attachments/>
            <labels>
                <label name="testSuite" value="Default suite"/>
                <label name="testGroup" value="Default test"/>
                <label name="testClass" value="core.CreditCardValidationTest"/>
                <label name="testMethod" value="exp"/>
                <label name="host" value="Latitude"/>
                <label name="thread" value="47256@Latitude.main(1)"/>
            </labels>
        </test-case>
        <test-case start="1510544951877" stop="1510544951891" status="passed">
            <name>exp[VISA,4701089159924,03/19,123]</name>
            <steps/>
            <attachments/>
            <labels>
                <label name="testSuite" value="Default suite"/>
                <label name="testGroup" value="Default test"/>
                <label name="testClass" value="core.CreditCardValidationTest"/>
                <label name="testMethod" value="exp"/>
                <label name="host" value="Latitude"/>
                <label name="thread" value="47256@Latitude.main(1)"/>
            </labels>
        </test-case>
        <test-case start="1510544951894" stop="1510544951896" status="passed">
            <name>exp[VISA,4916665640853,03/19,123]</name>
            <steps/>
            <attachments/>
            <labels>
                <label name="testSuite" value="Default suite"/>
                <label name="testGroup" value="Default test"/>
                <label name="testClass" value="core.CreditCardValidationTest"/>
                <label name="testMethod" value="exp"/>
                <label name="host" value="Latitude"/>
                <label name="thread" value="47256@Latitude.main(1)"/>
            </labels>
        </test-case>
        <test-case start="1510544951898" stop="1510544951900" status="passed">
            <name>exp[VISA,4617174213790,03/19,123]</name>
            <steps/>
            <attachments/>
            <labels>
                <label name="testSuite" value="Default suite"/>
                <label name="testGroup" value="Default test"/>
                <label name="testClass" value="core.CreditCardValidationTest"/>
                <label name="testMethod" value="exp"/>
                <label name="host" value="Latitude"/>
                <label name="thread" value="47256@Latitude.main(1)"/>
            </labels>
        </test-case>
        <test-case start="1510544951902" stop="1510544951923" status="passed">
            <name>exp[VISA,4716982643485,03/19,123]</name>
            <steps/>
            <attachments/>
            <labels>
                <label name="testSuite" value="Default suite"/>
                <label name="testGroup" value="Default test"/>
                <label name="testClass" value="core.CreditCardValidationTest"/>
                <label name="testMethod" value="exp"/>
                <label name="host" value="Latitude"/>
                <label name="thread" value="47256@Latitude.main(1)"/>
            </labels>
        </test-case>
        <test-case start="1510544951946" stop="1510544951950" status="passed">
            <name>luhn[VISA,4532-5471-0699-4816,03/15,123]</name>
            <steps/>
            <attachments/>
            <labels>
                <label name="testSuite" value="Default suite"/>
                <label name="testGroup" value="Default test"/>
                <label name="testClass" value="core.CreditCardValidationTest"/>
                <label name="testMethod" value="luhn"/>
                <label name="host" value="Latitude"/>
                <label name="thread" value="47256@Latitude.main(1)"/>
            </labels>
        </test-case>
        <test-case start="1510544951955" stop="1510544951959" status="passed">
            <name>luhn[MasterCard,5128946914605621,09/19,123]</name>
            <steps/>
            <attachments/>
            <labels>
                <label name="testSuite" value="Default suite"/>
                <label name="testGroup" value="Default test"/>
                <label name="testClass" value="core.CreditCardValidationTest"/>
                <label name="testMethod" value="luhn"/>
                <label name="host" value="Latitude"/>
                <label name="thread" value="47256@Latitude.main(1)"/>
            </labels>
        </test-case>
        <test-case start="1510544951962" stop="1510544951964" status="passed">
            <name>luhn[American Express,344259201906721,03/22,1234]</name>
            <steps/>
            <attachments/>
            <labels>
                <label name="testSuite" value="Default suite"/>
                <label name="testGroup" value="Default test"/>
                <label name="testClass" value="core.CreditCardValidationTest"/>
                <label name="testMethod" value="luhn"/>
                <label name="host" value="Latitude"/>
                <label name="thread" value="47256@Latitude.main(1)"/>
            </labels>
        </test-case>
        <test-case start="1510544951967" stop="1510544951969" status="passed">
            <name>luhn[American Express,371792656868232,03/16,1234]</name>
            <steps/>
            <attachments/>
            <labels>
                <label name="testSuite" value="Default suite"/>
                <label name="testGroup" value="Default test"/>
                <label name="testClass" value="core.CreditCardValidationTest"/>
                <label name="testMethod" value="luhn"/>
                <label name="host" value="Latitude"/>
                <label name="thread" value="47256@Latitude.main(1)"/>
            </labels>
        </test-case>
        <test-case start="1510544951977" stop="1510544951979" status="passed">
            <name>luhn[American Express,343515603411680,03/15,1234]</name>
            <steps/>
            <attachments/>
            <labels>
                <label name="testSuite" value="Default suite"/>
                <label name="testGroup" value="Default test"/>
                <label name="testClass" value="core.CreditCardValidationTest"/>
                <label name="testMethod" value="luhn"/>
                <label name="host" value="Latitude"/>
                <label name="thread" value="47256@Latitude.main(1)"/>
            </labels>
        </test-case>
        <test-case start="1510544951982" stop="1510544951997" status="failed">
            <name>luhn[American Express,37261536518254,03/21,1234]</name>
            <failure>
                <message>AssertionError: 
Expected: Luhn of: 37261536518254, should be valid
     but: was &lt;false&gt;</message>
                <stack-trace>java.lang.AssertionError: 
Expected: Luhn of: 37261536518254, should be valid
     but: was &lt;false&gt;
	at org.hamcrest.MatcherAssert.assertThat(MatcherAssert.java:20)
	at org.hamcrest.MatcherAssert.assertThat(MatcherAssert.java:8)
	at core.CreditCardValidationTest.luhn(CreditCardValidationTest.java:41)
	at sun.reflect.NativeMethodAccessorImpl.invoke0(Native Method)
	at sun.reflect.NativeMethodAccessorImpl.invoke(Unknown Source)
	at sun.reflect.DelegatingMethodAccessorImpl.invoke(Unknown Source)
	at java.lang.reflect.Method.invoke(Unknown Source)
	at org.testng.internal.MethodInvocationHelper.invokeMethod(MethodInvocationHelper.java:108)
	at org.testng.internal.Invoker.invokeMethod(Invoker.java:669)
	at org.testng.internal.Invoker.invokeTestMethod(Invoker.java:877)
	at org.testng.internal.Invoker.invokeTestMethods(Invoker.java:1201)
	at org.testng.internal.TestMethodWorker.invokeTestMethods(TestMethodWorker.java:125)
	at org.testng.internal.TestMethodWorker.run(TestMethodWorker.java:109)
	at org.testng.TestRunner.privateRun(TestRunner.java:776)
	at org.testng.TestRunner.run(TestRunner.java:634)
	at org.testng.SuiteRunner.runTest(SuiteRunner.java:425)
	at org.testng.SuiteRunner.runSequentially(SuiteRunner.java:420)
	at org.testng.SuiteRunner.privateRun(SuiteRunner.java:385)
	at org.testng.SuiteRunner.run(SuiteRunner.java:334)
	at org.testng.SuiteRunnerWorker.runSuite(SuiteRunnerWorker.java:52)
	at org.testng.SuiteRunnerWorker.run(SuiteRunnerWorker.java:86)
	at org.testng.TestNG.runSuitesSequentially(TestNG.java:1318)
	at org.testng.TestNG.runSuitesLocally(TestNG.java:1243)
	at org.testng.TestNG.runSuites(TestNG.java:1161)
	at org.testng.TestNG.run(TestNG.java:1129)
	at org.testng.remote.AbstractRemoteTestNG.run(AbstractRemoteTestNG.java:114)
	at org.testng.remote.RemoteTestNG.initAndRun(RemoteTestNG.java:251)
	at org.testng.remote.RemoteTestNG.main(RemoteTestNG.java:77)
</stack-trace>
            </failure>
            <steps/>
            <attachments/>
            <labels>
                <label name="testSuite" value="Default suite"/>
                <label name="testGroup" value="Default test"/>
                <label name="testClass" value="core.CreditCardValidationTest"/>
                <label name="testMethod" value="luhn"/>
                <label name="host" value="Latitude"/>
                <label name="thread" value="47256@Latitude.main(1)"/>
            </labels>
        </test-case>
        <test-case start="1510544952001" stop="1510544952042" status="passed">
            <name>luhn[American Express,343135671066264,03/21,1234]</name>
            <steps/>
            <attachments/>
            <labels>
                <label name="testSuite" value="Default suite"/>
                <label name="testGroup" value="Default test"/>
                <label name="testClass" value="core.CreditCardValidationTest"/>
                <label name="testMethod" value="luhn"/>
                <label name="host" value="Latitude"/>
                <label name="thread" value="47256@Latitude.main(1)"/>
            </labels>
        </test-case>
        <test-case start="1510544952048" stop="1510544952053" status="failed">
            <name>luhn[American Express,3561598966880,03/21,1234]</name>
            <failure>
                <message>AssertionError: 
Expected: Luhn of: 3561598966880, should be valid
     but: was &lt;false&gt;</message>
                <stack-trace>java.lang.AssertionError: 
Expected: Luhn of: 3561598966880, should be valid
     but: was &lt;false&gt;
	at org.hamcrest.MatcherAssert.assertThat(MatcherAssert.java:20)
	at org.hamcrest.MatcherAssert.assertThat(MatcherAssert.java:8)
	at core.CreditCardValidationTest.luhn(CreditCardValidationTest.java:41)
	at sun.reflect.NativeMethodAccessorImpl.invoke0(Native Method)
	at sun.reflect.NativeMethodAccessorImpl.invoke(Unknown Source)
	at sun.reflect.DelegatingMethodAccessorImpl.invoke(Unknown Source)
	at java.lang.reflect.Method.invoke(Unknown Source)
	at org.testng.internal.MethodInvocationHelper.invokeMethod(MethodInvocationHelper.java:108)
	at org.testng.internal.Invoker.invokeMethod(Invoker.java:669)
	at org.testng.internal.Invoker.invokeTestMethod(Invoker.java:877)
	at org.testng.internal.Invoker.invokeTestMethods(Invoker.java:1201)
	at org.testng.internal.TestMethodWorker.invokeTestMethods(TestMethodWorker.java:125)
	at org.testng.internal.TestMethodWorker.run(TestMethodWorker.java:109)
	at org.testng.TestRunner.privateRun(TestRunner.java:776)
	at org.testng.TestRunner.run(TestRunner.java:634)
	at org.testng.SuiteRunner.runTest(SuiteRunner.java:425)
	at org.testng.SuiteRunner.runSequentially(SuiteRunner.java:420)
	at org.testng.SuiteRunner.privateRun(SuiteRunner.java:385)
	at org.testng.SuiteRunner.run(SuiteRunner.java:334)
	at org.testng.SuiteRunnerWorker.runSuite(SuiteRunnerWorker.java:52)
	at org.testng.SuiteRunnerWorker.run(SuiteRunnerWorker.java:86)
	at org.testng.TestNG.runSuitesSequentially(TestNG.java:1318)
	at org.testng.TestNG.runSuitesLocally(TestNG.java:1243)
	at org.testng.TestNG.runSuites(TestNG.java:1161)
	at org.testng.TestNG.run(TestNG.java:1129)
	at org.testng.remote.AbstractRemoteTestNG.run(AbstractRemoteTestNG.java:114)
	at org.testng.remote.RemoteTestNG.initAndRun(RemoteTestNG.java:251)
	at org.testng.remote.RemoteTestNG.main(RemoteTestNG.java:77)
</stack-trace>
            </failure>
            <steps/>
            <attachments/>
            <labels>
                <label name="testSuite" value="Default suite"/>
                <label name="testGroup" value="Default test"/>
                <label name="testClass" value="core.CreditCardValidationTest"/>
                <label name="testMethod" value="luhn"/>
                <label name="host" value="Latitude"/>
                <label name="thread" value="47256@Latitude.main(1)"/>
            </labels>
        </test-case>
        <test-case start="1510544952056" stop="1510544952061" status="passed">
            <name>luhn[American Expres,341632186805618,03/21,1234]</name>
            <steps/>
            <attachments/>
            <labels>
                <label name="testSuite" value="Default suite"/>
                <label name="testGroup" value="Default test"/>
                <label name="testClass" value="core.CreditCardValidationTest"/>
                <label name="testMethod" value="luhn"/>
                <label name="host" value="Latitude"/>
                <label name="thread" value="47256@Latitude.main(1)"/>
            </labels>
        </test-case>
        <test-case start="1510544952064" stop="1510544952066" status="passed">
            <name>luhn[VISA,4532-5471-0699-4816,03/21,174]</name>
            <steps/>
            <attachments/>
            <labels>
                <label name="testSuite" value="Default suite"/>
                <label name="testGroup" value="Default test"/>
                <label name="testClass" value="core.CreditCardValidationTest"/>
                <label name="testMethod" value="luhn"/>
                <label name="host" value="Latitude"/>
                <label name="thread" value="47256@Latitude.main(1)"/>
            </labels>
        </test-case>
        <test-case start="1510544952072" stop="1510544952074" status="passed">
            <name>luhn[Discover,6011-0197-1148-6286,02/18,154]</name>
            <steps/>
            <attachments/>
            <labels>
                <label name="testSuite" value="Default suite"/>
                <label name="testGroup" value="Default test"/>
                <label name="testClass" value="core.CreditCardValidationTest"/>
                <label name="testMethod" value="luhn"/>
                <label name="host" value="Latitude"/>
                <label name="thread" value="47256@Latitude.main(1)"/>
            </labels>
        </test-case>
        <test-case start="1510544952077" stop="1510544952080" status="passed">
            <name>luhn[Discover,6495-5046-4029-1126,02/18,357]</name>
            <steps/>
            <attachments/>
            <labels>
                <label name="testSuite" value="Default suite"/>
                <label name="testGroup" value="Default test"/>
                <label name="testClass" value="core.CreditCardValidationTest"/>
                <label name="testMethod" value="luhn"/>
                <label name="host" value="Latitude"/>
                <label name="thread" value="47256@Latitude.main(1)"/>
            </labels>
        </test-case>
        <test-case start="1510544952082" stop="1510544952105" status="passed">
            <name>luhn[Discover,6229256965254832,02/18,354]</name>
            <steps/>
            <attachments/>
            <labels>
                <label name="testSuite" value="Default suite"/>
                <label name="testGroup" value="Default test"/>
                <label name="testClass" value="core.CreditCardValidationTest"/>
                <label name="testMethod" value="luhn"/>
                <label name="host" value="Latitude"/>
                <label name="thread" value="47256@Latitude.main(1)"/>
            </labels>
        </test-case>
        <test-case start="1510544952108" stop="1510544952109" status="passed">
            <name>luhn[Discover,6011077105446506,02/18,354]</name>
            <steps/>
            <attachments/>
            <labels>
                <label name="testSuite" value="Default suite"/>
                <label name="testGroup" value="Default test"/>
                <label name="testClass" value="core.CreditCardValidationTest"/>
                <label name="testMethod" value="luhn"/>
                <label name="host" value="Latitude"/>
                <label name="thread" value="47256@Latitude.main(1)"/>
            </labels>
        </test-case>
        <test-case start="1510544952119" stop="1510544952121" status="passed">
            <name>luhn[Discover,6011192042419415,02/18,354]</name>
            <steps/>
            <attachments/>
            <labels>
                <label name="testSuite" value="Default suite"/>
                <label name="testGroup" value="Default test"/>
                <label name="testClass" value="core.CreditCardValidationTest"/>
                <label name="testMethod" value="luhn"/>
                <label name="host" value="Latitude"/>
                <label name="thread" value="47256@Latitude.main(1)"/>
            </labels>
        </test-case>
        <test-case start="1510544952125" stop="1510544952132" status="passed">
            <name>luhn[Discov,6011724928833820,02/18,354]</name>
            <steps/>
            <attachments/>
            <labels>
                <label name="testSuite" value="Default suite"/>
                <label name="testGroup" value="Default test"/>
                <label name="testClass" value="core.CreditCardValidationTest"/>
                <label name="testMethod" value="luhn"/>
                <label name="host" value="Latitude"/>
                <label name="thread" value="47256@Latitude.main(1)"/>
            </labels>
        </test-case>
        <test-case start="1510544952134" stop="1510544952137" status="failed">
            <name>luhn[Discover,601156785254340,02/18,354]</name>
            <failure>
                <message>AssertionError: 
Expected: Luhn of: 601156785254340, should be valid
     but: was &lt;false&gt;</message>
                <stack-trace>java.lang.AssertionError: 
Expected: Luhn of: 601156785254340, should be valid
     but: was &lt;false&gt;
	at org.hamcrest.MatcherAssert.assertThat(MatcherAssert.java:20)
	at org.hamcrest.MatcherAssert.assertThat(MatcherAssert.java:8)
	at core.CreditCardValidationTest.luhn(CreditCardValidationTest.java:41)
	at sun.reflect.GeneratedMethodAccessor5.invoke(Unknown Source)
	at sun.reflect.DelegatingMethodAccessorImpl.invoke(Unknown Source)
	at java.lang.reflect.Method.invoke(Unknown Source)
	at org.testng.internal.MethodInvocationHelper.invokeMethod(MethodInvocationHelper.java:108)
	at org.testng.internal.Invoker.invokeMethod(Invoker.java:669)
	at org.testng.internal.Invoker.invokeTestMethod(Invoker.java:877)
	at org.testng.internal.Invoker.invokeTestMethods(Invoker.java:1201)
	at org.testng.internal.TestMethodWorker.invokeTestMethods(TestMethodWorker.java:125)
	at org.testng.internal.TestMethodWorker.run(TestMethodWorker.java:109)
	at org.testng.TestRunner.privateRun(TestRunner.java:776)
	at org.testng.TestRunner.run(TestRunner.java:634)
	at org.testng.SuiteRunner.runTest(SuiteRunner.java:425)
	at org.testng.SuiteRunner.runSequentially(SuiteRunner.java:420)
	at org.testng.SuiteRunner.privateRun(SuiteRunner.java:385)
	at org.testng.SuiteRunner.run(SuiteRunner.java:334)
	at org.testng.SuiteRunnerWorker.runSuite(SuiteRunnerWorker.java:52)
	at org.testng.SuiteRunnerWorker.run(SuiteRunnerWorker.java:86)
	at org.testng.TestNG.runSuitesSequentially(TestNG.java:1318)
	at org.testng.TestNG.runSuitesLocally(TestNG.java:1243)
	at org.testng.TestNG.runSuites(TestNG.java:1161)
	at org.testng.TestNG.run(TestNG.java:1129)
	at org.testng.remote.AbstractRemoteTestNG.run(AbstractRemoteTestNG.java:114)
	at org.testng.remote.RemoteTestNG.initAndRun(RemoteTestNG.java:251)
	at org.testng.remote.RemoteTestNG.main(RemoteTestNG.java:77)
</stack-trace>
            </failure>
            <steps/>
            <attachments/>
            <labels>
                <label name="testSuite" value="Default suite"/>
                <label name="testGroup" value="Default test"/>
                <label name="testClass" value="core.CreditCardValidationTest"/>
                <label name="testMethod" value="luhn"/>
                <label name="host" value="Latitude"/>
                <label name="thread" value="47256@Latitude.main(1)"/>
            </labels>
        </test-case>
        <test-case start="1510544952142" stop="1510544952143" status="passed">
            <name>luhn[Discover,6581185726028247,02/16,145]</name>
            <steps/>
            <attachments/>
            <labels>
                <label name="testSuite" value="Default suite"/>
                <label name="testGroup" value="Default test"/>
                <label name="testClass" value="core.CreditCardValidationTest"/>
                <label name="testMethod" value="luhn"/>
                <label name="host" value="Latitude"/>
                <label name="thread" value="47256@Latitude.main(1)"/>
            </labels>
        </test-case>
        <test-case start="1510544952145" stop="1510544952148" status="passed">
            <name>luhn[MasterCard,5248-6433-5421-6358,11/19,154]</name>
            <steps/>
            <attachments/>
            <labels>
                <label name="testSuite" value="Default suite"/>
                <label name="testGroup" value="Default test"/>
                <label name="testClass" value="core.CreditCardValidationTest"/>
                <label name="testMethod" value="luhn"/>
                <label name="host" value="Latitude"/>
                <label name="thread" value="47256@Latitude.main(1)"/>
            </labels>
        </test-case>
        <test-case start="1510544952150" stop="1510544952163" status="passed">
            <name>luhn[MasterCard,5169-1962-3193-8640,03/19,123]</name>
            <steps/>
            <attachments/>
            <labels>
                <label name="testSuite" value="Default suite"/>
                <label name="testGroup" value="Default test"/>
                <label name="testClass" value="core.CreditCardValidationTest"/>
                <label name="testMethod" value="luhn"/>
                <label name="host" value="Latitude"/>
                <label name="thread" value="47256@Latitude.main(1)"/>
            </labels>
        </test-case>
        <test-case start="1510544952190" stop="1510544952192" status="passed">
            <name>luhn[MasterCard,5599-6880-5206-3763,05/19,103]</name>
            <steps/>
            <attachments/>
            <labels>
                <label name="testSuite" value="Default suite"/>
                <label name="testGroup" value="Default test"/>
                <label name="testClass" value="core.CreditCardValidationTest"/>
                <label name="testMethod" value="luhn"/>
                <label name="host" value="Latitude"/>
                <label name="thread" value="47256@Latitude.main(1)"/>
            </labels>
        </test-case>
        <test-case start="1510544952199" stop="1510544952201" status="passed">
            <name>luhn[MasterCar,5171953247711452,01/21,123]</name>
            <steps/>
            <attachments/>
            <labels>
                <label name="testSuite" value="Default suite"/>
                <label name="testGroup" value="Default test"/>
                <label name="testClass" value="core.CreditCardValidationTest"/>
                <label name="testMethod" value="luhn"/>
                <label name="host" value="Latitude"/>
                <label name="thread" value="47256@Latitude.main(1)"/>
            </labels>
        </test-case>
        <test-case start="1510544952208" stop="1510544952210" status="passed">
            <name>luhn[MasterCard,5163365359379095,10/20,954]</name>
            <steps/>
            <attachments/>
            <labels>
                <label name="testSuite" value="Default suite"/>
                <label name="testGroup" value="Default test"/>
                <label name="testClass" value="core.CreditCardValidationTest"/>
                <label name="testMethod" value="luhn"/>
                <label name="host" value="Latitude"/>
                <label name="thread" value="47256@Latitude.main(1)"/>
            </labels>
        </test-case>
        <test-case start="1510544952213" stop="1510544952216" status="passed">
            <name>luhn[MasterCard,5232199338465288,05/19,143]</name>
            <steps/>
            <attachments/>
            <labels>
                <label name="testSuite" value="Default suite"/>
                <label name="testGroup" value="Default test"/>
                <label name="testClass" value="core.CreditCardValidationTest"/>
                <label name="testMethod" value="luhn"/>
                <label name="host" value="Latitude"/>
                <label name="thread" value="47256@Latitude.main(1)"/>
            </labels>
        </test-case>
        <test-case start="1510544952220" stop="1510544952222" status="passed">
            <name>luhn[MasterCard,5426847049094377,02/18,123]</name>
            <steps/>
            <attachments/>
            <labels>
                <label name="testSuite" value="Default suite"/>
                <label name="testGroup" value="Default test"/>
                <label name="testClass" value="core.CreditCardValidationTest"/>
                <label name="testMethod" value="luhn"/>
                <label name="host" value="Latitude"/>
                <label name="thread" value="47256@Latitude.main(1)"/>
            </labels>
        </test-case>
        <test-case start="1510544952227" stop="1510544952229" status="failed">
            <name>luhn[MasterCard,516866660165885,04/15,254]</name>
            <failure>
                <message>AssertionError: 
Expected: Luhn of: 516866660165885, should be valid
     but: was &lt;false&gt;</message>
                <stack-trace>java.lang.AssertionError: 
Expected: Luhn of: 516866660165885, should be valid
     but: was &lt;false&gt;
	at org.hamcrest.MatcherAssert.assertThat(MatcherAssert.java:20)
	at org.hamcrest.MatcherAssert.assertThat(MatcherAssert.java:8)
	at core.CreditCardValidationTest.luhn(CreditCardValidationTest.java:41)
	at sun.reflect.GeneratedMethodAccessor5.invoke(Unknown Source)
	at sun.reflect.DelegatingMethodAccessorImpl.invoke(Unknown Source)
	at java.lang.reflect.Method.invoke(Unknown Source)
	at org.testng.internal.MethodInvocationHelper.invokeMethod(MethodInvocationHelper.java:108)
	at org.testng.internal.Invoker.invokeMethod(Invoker.java:669)
	at org.testng.internal.Invoker.invokeTestMethod(Invoker.java:877)
	at org.testng.internal.Invoker.invokeTestMethods(Invoker.java:1201)
	at org.testng.internal.TestMethodWorker.invokeTestMethods(TestMethodWorker.java:125)
	at org.testng.internal.TestMethodWorker.run(TestMethodWorker.java:109)
	at org.testng.TestRunner.privateRun(TestRunner.java:776)
	at org.testng.TestRunner.run(TestRunner.java:634)
	at org.testng.SuiteRunner.runTest(SuiteRunner.java:425)
	at org.testng.SuiteRunner.runSequentially(SuiteRunner.java:420)
	at org.testng.SuiteRunner.privateRun(SuiteRunner.java:385)
	at org.testng.SuiteRunner.run(SuiteRunner.java:334)
	at org.testng.SuiteRunnerWorker.runSuite(SuiteRunnerWorker.java:52)
	at org.testng.SuiteRunnerWorker.run(SuiteRunnerWorker.java:86)
	at org.testng.TestNG.runSuitesSequentially(TestNG.java:1318)
	at org.testng.TestNG.runSuitesLocally(TestNG.java:1243)
	at org.testng.TestNG.runSuites(TestNG.java:1161)
	at org.testng.TestNG.run(TestNG.java:1129)
	at org.testng.remote.AbstractRemoteTestNG.run(AbstractRemoteTestNG.java:114)
	at org.testng.remote.RemoteTestNG.initAndRun(RemoteTestNG.java:251)
	at org.testng.remote.RemoteTestNG.main(RemoteTestNG.java:77)
</stack-trace>
            </failure>
            <steps/>
            <attachments/>
            <labels>
                <label name="testSuite" value="Default suite"/>
                <label name="testGroup" value="Default test"/>
                <label name="testClass" value="core.CreditCardValidationTest"/>
                <label name="testMethod" value="luhn"/>
                <label name="host" value="Latitude"/>
                <label name="thread" value="47256@Latitude.main(1)"/>
            </labels>
        </test-case>
        <test-case start="1510544952231" stop="1510544952232" status="passed">
            <name>luhn[MasterCard,5278-1875-3826-7559,07/16,258]</name>
            <steps/>
            <attachments/>
            <labels>
                <label name="testSuite" value="Default suite"/>
                <label name="testGroup" value="Default test"/>
                <label name="testClass" value="core.CreditCardValidationTest"/>
                <label name="testMethod" value="luhn"/>
                <label name="host" value="Latitude"/>
                <label name="thread" value="47256@Latitude.main(1)"/>
            </labels>
        </test-case>
        <test-case start="1510544952235" stop="1510544952236" status="passed">
            <name>luhn[MasterCard,5334919452640144,09/21,159]</name>
            <steps/>
            <attachments/>
            <labels>
                <label name="testSuite" value="Default suite"/>
                <label name="testGroup" value="Default test"/>
                <label name="testClass" value="core.CreditCardValidationTest"/>
                <label name="testMethod" value="luhn"/>
                <label name="host" value="Latitude"/>
                <label name="thread" value="47256@Latitude.main(1)"/>
            </labels>
        </test-case>
        <test-case start="1510544952239" stop="1510544952240" status="passed">
            <name>luhn[VIS,4929559308222,03/15,123]</name>
            <steps/>
            <attachments/>
            <labels>
                <label name="testSuite" value="Default suite"/>
                <label name="testGroup" value="Default test"/>
                <label name="testClass" value="core.CreditCardValidationTest"/>
                <label name="testMethod" value="luhn"/>
                <label name="host" value="Latitude"/>
                <label name="thread" value="47256@Latitude.main(1)"/>
            </labels>
        </test-case>
        <test-case start="1510544952243" stop="1510544952244" status="passed">
            <name>luhn[VISA,4556134786083,03/14,123]</name>
            <steps/>
            <attachments/>
            <labels>
                <label name="testSuite" value="Default suite"/>
                <label name="testGroup" value="Default test"/>
                <label name="testClass" value="core.CreditCardValidationTest"/>
                <label name="testMethod" value="luhn"/>
                <label name="host" value="Latitude"/>
                <label name="thread" value="47256@Latitude.main(1)"/>
            </labels>
        </test-case>
        <test-case start="1510544952246" stop="1510544952249" status="failed">
            <name>luhn[VISA,491680232637,03/19,123]</name>
            <failure>
                <message>AssertionError: 
Expected: Luhn of: 491680232637, should be valid
     but: was &lt;false&gt;</message>
                <stack-trace>java.lang.AssertionError: 
Expected: Luhn of: 491680232637, should be valid
     but: was &lt;false&gt;
	at org.hamcrest.MatcherAssert.assertThat(MatcherAssert.java:20)
	at org.hamcrest.MatcherAssert.assertThat(MatcherAssert.java:8)
	at core.CreditCardValidationTest.luhn(CreditCardValidationTest.java:41)
	at sun.reflect.GeneratedMethodAccessor5.invoke(Unknown Source)
	at sun.reflect.DelegatingMethodAccessorImpl.invoke(Unknown Source)
	at java.lang.reflect.Method.invoke(Unknown Source)
	at org.testng.internal.MethodInvocationHelper.invokeMethod(MethodInvocationHelper.java:108)
	at org.testng.internal.Invoker.invokeMethod(Invoker.java:669)
	at org.testng.internal.Invoker.invokeTestMethod(Invoker.java:877)
	at org.testng.internal.Invoker.invokeTestMethods(Invoker.java:1201)
	at org.testng.internal.TestMethodWorker.invokeTestMethods(TestMethodWorker.java:125)
	at org.testng.internal.TestMethodWorker.run(TestMethodWorker.java:109)
	at org.testng.TestRunner.privateRun(TestRunner.java:776)
	at org.testng.TestRunner.run(TestRunner.java:634)
	at org.testng.SuiteRunner.runTest(SuiteRunner.java:425)
	at org.testng.SuiteRunner.runSequentially(SuiteRunner.java:420)
	at org.testng.SuiteRunner.privateRun(SuiteRunner.java:385)
	at org.testng.SuiteRunner.run(SuiteRunner.java:334)
	at org.testng.SuiteRunnerWorker.runSuite(SuiteRunnerWorker.java:52)
	at org.testng.SuiteRunnerWorker.run(SuiteRunnerWorker.java:86)
	at org.testng.TestNG.runSuitesSequentially(TestNG.java:1318)
	at org.testng.TestNG.runSuitesLocally(TestNG.java:1243)
	at org.testng.TestNG.runSuites(TestNG.java:1161)
	at org.testng.TestNG.run(TestNG.java:1129)
	at org.testng.remote.AbstractRemoteTestNG.run(AbstractRemoteTestNG.java:114)
	at org.testng.remote.RemoteTestNG.initAndRun(RemoteTestNG.java:251)
	at org.testng.remote.RemoteTestNG.main(RemoteTestNG.java:77)
</stack-trace>
            </failure>
            <steps/>
            <attachments/>
            <labels>
                <label name="testSuite" value="Default suite"/>
                <label name="testGroup" value="Default test"/>
                <label name="testClass" value="core.CreditCardValidationTest"/>
                <label name="testMethod" value="luhn"/>
                <label name="host" value="Latitude"/>
                <label name="thread" value="47256@Latitude.main(1)"/>
            </labels>
        </test-case>
        <test-case start="1510544952251" stop="1510544952252" status="passed">
            <name>luhn[VISA,4916212843398,03/19,123]</name>
            <steps/>
            <attachments/>
            <labels>
                <label name="testSuite" value="Default suite"/>
                <label name="testGroup" value="Default test"/>
                <label name="testClass" value="core.CreditCardValidationTest"/>
                <label name="testMethod" value="luhn"/>
                <label name="host" value="Latitude"/>
                <label name="thread" value="47256@Latitude.main(1)"/>
            </labels>
        </test-case>
        <test-case start="1510544952256" stop="1510544952258" status="passed">
            <name>luhn[VISA,4716307252509,03/16,123]</name>
            <steps/>
            <attachments/>
            <labels>
                <label name="testSuite" value="Default suite"/>
                <label name="testGroup" value="Default test"/>
                <label name="testClass" value="core.CreditCardValidationTest"/>
                <label name="testMethod" value="luhn"/>
                <label name="host" value="Latitude"/>
                <label name="thread" value="47256@Latitude.main(1)"/>
            </labels>
        </test-case>
        <test-case start="1510544952260" stop="1510544952262" status="passed">
            <name>luhn[VISA,4701089159924,03/19,123]</name>
            <steps/>
            <attachments/>
            <labels>
                <label name="testSuite" value="Default suite"/>
                <label name="testGroup" value="Default test"/>
                <label name="testClass" value="core.CreditCardValidationTest"/>
                <label name="testMethod" value="luhn"/>
                <label name="host" value="Latitude"/>
                <label name="thread" value="47256@Latitude.main(1)"/>
            </labels>
        </test-case>
        <test-case start="1510544952266" stop="1510544952268" status="passed">
            <name>luhn[VISA,4916665640853,03/19,123]</name>
            <steps/>
            <attachments/>
            <labels>
                <label name="testSuite" value="Default suite"/>
                <label name="testGroup" value="Default test"/>
                <label name="testClass" value="core.CreditCardValidationTest"/>
                <label name="testMethod" value="luhn"/>
                <label name="host" value="Latitude"/>
                <label name="thread" value="47256@Latitude.main(1)"/>
            </labels>
        </test-case>
        <test-case start="1510544952272" stop="1510544952273" status="passed">
            <name>luhn[VISA,4617174213790,03/19,123]</name>
            <steps/>
            <attachments/>
            <labels>
                <label name="testSuite" value="Default suite"/>
                <label name="testGroup" value="Default test"/>
                <label name="testClass" value="core.CreditCardValidationTest"/>
                <label name="testMethod" value="luhn"/>
                <label name="host" value="Latitude"/>
                <label name="thread" value="47256@Latitude.main(1)"/>
            </labels>
        </test-case>
        <test-case start="1510544952275" stop="1510544952279" status="passed">
            <name>luhn[VISA,4716982643485,03/19,123]</name>
            <steps/>
            <attachments/>
            <labels>
                <label name="testSuite" value="Default suite"/>
                <label name="testGroup" value="Default test"/>
                <label name="testClass" value="core.CreditCardValidationTest"/>
                <label name="testMethod" value="luhn"/>
                <label name="host" value="Latitude"/>
                <label name="thread" value="47256@Latitude.main(1)"/>
            </labels>
        </test-case>
        <test-case start="1510544952286" stop="1510544952288" status="passed">
            <name>test_05</name>
            <steps/>
            <attachments/>
            <labels>
                <label name="testSuite" value="Default suite"/>
                <label name="testGroup" value="Default test"/>
                <label name="testClass" value="core.CreditCardValidationTest"/>
                <label name="testMethod" value="test_05"/>
                <label name="host" value="Latitude"/>
                <label name="thread" value="47256@Latitude.main(1)"/>
            </labels>
        </test-case>
        <test-case start="1510544952291" stop="1510544952299" status="passed">
            <name>type[VISA,4532-5471-0699-4816,03/15,123]</name>
            <steps/>
            <attachments/>
            <labels>
                <label name="testSuite" value="Default suite"/>
                <label name="testGroup" value="Default test"/>
                <label name="testClass" value="core.CreditCardValidationTest"/>
                <label name="testMethod" value="type"/>
                <label name="host" value="Latitude"/>
                <label name="thread" value="47256@Latitude.main(1)"/>
            </labels>
        </test-case>
        <test-case start="1510544952302" stop="1510544952304" status="passed">
            <name>type[MasterCard,5128946914605621,09/19,123]</name>
            <steps/>
            <attachments/>
            <labels>
                <label name="testSuite" value="Default suite"/>
                <label name="testGroup" value="Default test"/>
                <label name="testClass" value="core.CreditCardValidationTest"/>
                <label name="testMethod" value="type"/>
                <label name="host" value="Latitude"/>
                <label name="thread" value="47256@Latitude.main(1)"/>
            </labels>
        </test-case>
        <test-case start="1510544952308" stop="1510544952310" status="passed">
            <name>type[American Express,344259201906721,03/22,1234]</name>
            <steps/>
            <attachments/>
            <labels>
                <label name="testSuite" value="Default suite"/>
                <label name="testGroup" value="Default test"/>
                <label name="testClass" value="core.CreditCardValidationTest"/>
                <label name="testMethod" value="type"/>
                <label name="host" value="Latitude"/>
                <label name="thread" value="47256@Latitude.main(1)"/>
            </labels>
        </test-case>
        <test-case start="1510544952312" stop="1510544952314" status="passed">
            <name>type[American Express,371792656868232,03/16,1234]</name>
            <steps/>
            <attachments/>
            <labels>
                <label name="testSuite" value="Default suite"/>
                <label name="testGroup" value="Default test"/>
                <label name="testClass" value="core.CreditCardValidationTest"/>
                <label name="testMethod" value="type"/>
                <label name="host" value="Latitude"/>
                <label name="thread" value="47256@Latitude.main(1)"/>
            </labels>
        </test-case>
        <test-case start="1510544952316" stop="1510544952317" status="passed">
            <name>type[American Express,343515603411680,03/15,1234]</name>
            <steps/>
            <attachments/>
            <labels>
                <label name="testSuite" value="Default suite"/>
                <label name="testGroup" value="Default test"/>
                <label name="testClass" value="core.CreditCardValidationTest"/>
                <label name="testMethod" value="type"/>
                <label name="host" value="Latitude"/>
                <label name="thread" value="47256@Latitude.main(1)"/>
            </labels>
        </test-case>
        <test-case start="1510544952321" stop="1510544952327" status="failed">
            <name>type[American Express,37261536518254,03/21,1234]</name>
            <failure>
                <message>AssertionError: 
Expected: Credit Card Type: American Express, should be valid
     but: was &lt;false&gt;</message>
                <stack-trace>java.lang.AssertionError: 
Expected: Credit Card Type: American Express, should be valid
     but: was &lt;false&gt;
	at org.hamcrest.MatcherAssert.assertThat(MatcherAssert.java:20)
	at org.hamcrest.MatcherAssert.assertThat(MatcherAssert.java:8)
	at core.CreditCardValidationTest.type(CreditCardValidationTest.java:26)
	at sun.reflect.NativeMethodAccessorImpl.invoke0(Native Method)
	at sun.reflect.NativeMethodAccessorImpl.invoke(Unknown Source)
	at sun.reflect.DelegatingMethodAccessorImpl.invoke(Unknown Source)
	at java.lang.reflect.Method.invoke(Unknown Source)
	at org.testng.internal.MethodInvocationHelper.invokeMethod(MethodInvocationHelper.java:108)
	at org.testng.internal.Invoker.invokeMethod(Invoker.java:669)
	at org.testng.internal.Invoker.invokeTestMethod(Invoker.java:877)
	at org.testng.internal.Invoker.invokeTestMethods(Invoker.java:1201)
	at org.testng.internal.TestMethodWorker.invokeTestMethods(TestMethodWorker.java:125)
	at org.testng.internal.TestMethodWorker.run(TestMethodWorker.java:109)
	at org.testng.TestRunner.privateRun(TestRunner.java:776)
	at org.testng.TestRunner.run(TestRunner.java:634)
	at org.testng.SuiteRunner.runTest(SuiteRunner.java:425)
	at org.testng.SuiteRunner.runSequentially(SuiteRunner.java:420)
	at org.testng.SuiteRunner.privateRun(SuiteRunner.java:385)
	at org.testng.SuiteRunner.run(SuiteRunner.java:334)
	at org.testng.SuiteRunnerWorker.runSuite(SuiteRunnerWorker.java:52)
	at org.testng.SuiteRunnerWorker.run(SuiteRunnerWorker.java:86)
	at org.testng.TestNG.runSuitesSequentially(TestNG.java:1318)
	at org.testng.TestNG.runSuitesLocally(TestNG.java:1243)
	at org.testng.TestNG.runSuites(TestNG.java:1161)
	at org.testng.TestNG.run(TestNG.java:1129)
	at org.testng.remote.AbstractRemoteTestNG.run(AbstractRemoteTestNG.java:114)
	at org.testng.remote.RemoteTestNG.initAndRun(RemoteTestNG.java:251)
	at org.testng.remote.RemoteTestNG.main(RemoteTestNG.java:77)
</stack-trace>
            </failure>
            <steps/>
            <attachments/>
            <labels>
                <label name="testSuite" value="Default suite"/>
                <label name="testGroup" value="Default test"/>
                <label name="testClass" value="core.CreditCardValidationTest"/>
                <label name="testMethod" value="type"/>
                <label name="host" value="Latitude"/>
                <label name="thread" value="47256@Latitude.main(1)"/>
            </labels>
        </test-case>
        <test-case start="1510544952332" stop="1510544952334" status="passed">
            <name>type[American Express,343135671066264,03/21,1234]</name>
            <steps/>
            <attachments/>
            <labels>
                <label name="testSuite" value="Default suite"/>
                <label name="testGroup" value="Default test"/>
                <label name="testClass" value="core.CreditCardValidationTest"/>
                <label name="testMethod" value="type"/>
                <label name="host" value="Latitude"/>
                <label name="thread" value="47256@Latitude.main(1)"/>
            </labels>
        </test-case>
        <test-case start="1510544952337" stop="1510544952340" status="failed">
            <name>type[American Express,3561598966880,03/21,1234]</name>
            <failure>
                <message>AssertionError: 
Expected: Credit Card Type: American Express, should be valid
     but: was &lt;false&gt;</message>
                <stack-trace>java.lang.AssertionError: 
Expected: Credit Card Type: American Express, should be valid
     but: was &lt;false&gt;
	at org.hamcrest.MatcherAssert.assertThat(MatcherAssert.java:20)
	at org.hamcrest.MatcherAssert.assertThat(MatcherAssert.java:8)
	at core.CreditCardValidationTest.type(CreditCardValidationTest.java:26)
	at sun.reflect.NativeMethodAccessorImpl.invoke0(Native Method)
	at sun.reflect.NativeMethodAccessorImpl.invoke(Unknown Source)
	at sun.reflect.DelegatingMethodAccessorImpl.invoke(Unknown Source)
	at java.lang.reflect.Method.invoke(Unknown Source)
	at org.testng.internal.MethodInvocationHelper.invokeMethod(MethodInvocationHelper.java:108)
	at org.testng.internal.Invoker.invokeMethod(Invoker.java:669)
	at org.testng.internal.Invoker.invokeTestMethod(Invoker.java:877)
	at org.testng.internal.Invoker.invokeTestMethods(Invoker.java:1201)
	at org.testng.internal.TestMethodWorker.invokeTestMethods(TestMethodWorker.java:125)
	at org.testng.internal.TestMethodWorker.run(TestMethodWorker.java:109)
	at org.testng.TestRunner.privateRun(TestRunner.java:776)
	at org.testng.TestRunner.run(TestRunner.java:634)
	at org.testng.SuiteRunner.runTest(SuiteRunner.java:425)
	at org.testng.SuiteRunner.runSequentially(SuiteRunner.java:420)
	at org.testng.SuiteRunner.privateRun(SuiteRunner.java:385)
	at org.testng.SuiteRunner.run(SuiteRunner.java:334)
	at org.testng.SuiteRunnerWorker.runSuite(SuiteRunnerWorker.java:52)
	at org.testng.SuiteRunnerWorker.run(SuiteRunnerWorker.java:86)
	at org.testng.TestNG.runSuitesSequentially(TestNG.java:1318)
	at org.testng.TestNG.runSuitesLocally(TestNG.java:1243)
	at org.testng.TestNG.runSuites(TestNG.java:1161)
	at org.testng.TestNG.run(TestNG.java:1129)
	at org.testng.remote.AbstractRemoteTestNG.run(AbstractRemoteTestNG.java:114)
	at org.testng.remote.RemoteTestNG.initAndRun(RemoteTestNG.java:251)
	at org.testng.remote.RemoteTestNG.main(RemoteTestNG.java:77)
</stack-trace>
            </failure>
            <steps/>
            <attachments/>
            <labels>
                <label name="testSuite" value="Default suite"/>
                <label name="testGroup" value="Default test"/>
                <label name="testClass" value="core.CreditCardValidationTest"/>
                <label name="testMethod" value="type"/>
                <label name="host" value="Latitude"/>
                <label name="thread" value="47256@Latitude.main(1)"/>
            </labels>
        </test-case>
        <test-case start="1510544952343" stop="1510544952345" status="failed">
            <name>type[American Expres,341632186805618,03/21,1234]</name>
            <failure>
                <message>AssertionError: 
Expected: Credit Card Type: American Expres, should be valid
     but: was &lt;false&gt;</message>
                <stack-trace>java.lang.AssertionError: 
Expected: Credit Card Type: American Expres, should be valid
     but: was &lt;false&gt;
	at org.hamcrest.MatcherAssert.assertThat(MatcherAssert.java:20)
	at org.hamcrest.MatcherAssert.assertThat(MatcherAssert.java:8)
	at core.CreditCardValidationTest.type(CreditCardValidationTest.java:26)
	at sun.reflect.NativeMethodAccessorImpl.invoke0(Native Method)
	at sun.reflect.NativeMethodAccessorImpl.invoke(Unknown Source)
	at sun.reflect.DelegatingMethodAccessorImpl.invoke(Unknown Source)
	at java.lang.reflect.Method.invoke(Unknown Source)
	at org.testng.internal.MethodInvocationHelper.invokeMethod(MethodInvocationHelper.java:108)
	at org.testng.internal.Invoker.invokeMethod(Invoker.java:669)
	at org.testng.internal.Invoker.invokeTestMethod(Invoker.java:877)
	at org.testng.internal.Invoker.invokeTestMethods(Invoker.java:1201)
	at org.testng.internal.TestMethodWorker.invokeTestMethods(TestMethodWorker.java:125)
	at org.testng.internal.TestMethodWorker.run(TestMethodWorker.java:109)
	at org.testng.TestRunner.privateRun(TestRunner.java:776)
	at org.testng.TestRunner.run(TestRunner.java:634)
	at org.testng.SuiteRunner.runTest(SuiteRunner.java:425)
	at org.testng.SuiteRunner.runSequentially(SuiteRunner.java:420)
	at org.testng.SuiteRunner.privateRun(SuiteRunner.java:385)
	at org.testng.SuiteRunner.run(SuiteRunner.java:334)
	at org.testng.SuiteRunnerWorker.runSuite(SuiteRunnerWorker.java:52)
	at org.testng.SuiteRunnerWorker.run(SuiteRunnerWorker.java:86)
	at org.testng.TestNG.runSuitesSequentially(TestNG.java:1318)
	at org.testng.TestNG.runSuitesLocally(TestNG.java:1243)
	at org.testng.TestNG.runSuites(TestNG.java:1161)
	at org.testng.TestNG.run(TestNG.java:1129)
	at org.testng.remote.AbstractRemoteTestNG.run(AbstractRemoteTestNG.java:114)
	at org.testng.remote.RemoteTestNG.initAndRun(RemoteTestNG.java:251)
	at org.testng.remote.RemoteTestNG.main(RemoteTestNG.java:77)
</stack-trace>
            </failure>
            <steps/>
            <attachments/>
            <labels>
                <label name="testSuite" value="Default suite"/>
                <label name="testGroup" value="Default test"/>
                <label name="testClass" value="core.CreditCardValidationTest"/>
                <label name="testMethod" value="type"/>
                <label name="host" value="Latitude"/>
                <label name="thread" value="47256@Latitude.main(1)"/>
            </labels>
        </test-case>
        <test-case start="1510544952348" stop="1510544952350" status="passed">
            <name>type[VISA,4532-5471-0699-4816,03/21,174]</name>
            <steps/>
            <attachments/>
            <labels>
                <label name="testSuite" value="Default suite"/>
                <label name="testGroup" value="Default test"/>
                <label name="testClass" value="core.CreditCardValidationTest"/>
                <label name="testMethod" value="type"/>
                <label name="host" value="Latitude"/>
                <label name="thread" value="47256@Latitude.main(1)"/>
            </labels>
        </test-case>
        <test-case start="1510544952354" stop="1510544952355" status="passed">
            <name>type[Discover,6011-0197-1148-6286,02/18,154]</name>
            <steps/>
            <attachments/>
            <labels>
                <label name="testSuite" value="Default suite"/>
                <label name="testGroup" value="Default test"/>
                <label name="testClass" value="core.CreditCardValidationTest"/>
                <label name="testMethod" value="type"/>
                <label name="host" value="Latitude"/>
                <label name="thread" value="47256@Latitude.main(1)"/>
            </labels>
        </test-case>
        <test-case start="1510544952358" stop="1510544952359" status="passed">
            <name>type[Discover,6495-5046-4029-1126,02/18,357]</name>
            <steps/>
            <attachments/>
            <labels>
                <label name="testSuite" value="Default suite"/>
                <label name="testGroup" value="Default test"/>
                <label name="testClass" value="core.CreditCardValidationTest"/>
                <label name="testMethod" value="type"/>
                <label name="host" value="Latitude"/>
                <label name="thread" value="47256@Latitude.main(1)"/>
            </labels>
        </test-case>
        <test-case start="1510544952362" stop="1510544952363" status="passed">
            <name>type[Discover,6229256965254832,02/18,354]</name>
            <steps/>
            <attachments/>
            <labels>
                <label name="testSuite" value="Default suite"/>
                <label name="testGroup" value="Default test"/>
                <label name="testClass" value="core.CreditCardValidationTest"/>
                <label name="testMethod" value="type"/>
                <label name="host" value="Latitude"/>
                <label name="thread" value="47256@Latitude.main(1)"/>
            </labels>
        </test-case>
        <test-case start="1510544952369" stop="1510544952371" status="passed">
            <name>type[Discover,6011077105446506,02/18,354]</name>
            <steps/>
            <attachments/>
            <labels>
                <label name="testSuite" value="Default suite"/>
                <label name="testGroup" value="Default test"/>
                <label name="testClass" value="core.CreditCardValidationTest"/>
                <label name="testMethod" value="type"/>
                <label name="host" value="Latitude"/>
                <label name="thread" value="47256@Latitude.main(1)"/>
            </labels>
        </test-case>
        <test-case start="1510544952374" stop="1510544952375" status="passed">
            <name>type[Discover,6011192042419415,02/18,354]</name>
            <steps/>
            <attachments/>
            <labels>
                <label name="testSuite" value="Default suite"/>
                <label name="testGroup" value="Default test"/>
                <label name="testClass" value="core.CreditCardValidationTest"/>
                <label name="testMethod" value="type"/>
                <label name="host" value="Latitude"/>
                <label name="thread" value="47256@Latitude.main(1)"/>
            </labels>
        </test-case>
        <test-case start="1510544952390" stop="1510544952392" status="failed">
            <name>type[Discov,6011724928833820,02/18,354]</name>
            <failure>
                <message>AssertionError: 
Expected: Credit Card Type: Discov, should be valid
     but: was &lt;false&gt;</message>
                <stack-trace>java.lang.AssertionError: 
Expected: Credit Card Type: Discov, should be valid
     but: was &lt;false&gt;
	at org.hamcrest.MatcherAssert.assertThat(MatcherAssert.java:20)
	at org.hamcrest.MatcherAssert.assertThat(MatcherAssert.java:8)
	at core.CreditCardValidationTest.type(CreditCardValidationTest.java:26)
	at sun.reflect.NativeMethodAccessorImpl.invoke0(Native Method)
	at sun.reflect.NativeMethodAccessorImpl.invoke(Unknown Source)
	at sun.reflect.DelegatingMethodAccessorImpl.invoke(Unknown Source)
	at java.lang.reflect.Method.invoke(Unknown Source)
	at org.testng.internal.MethodInvocationHelper.invokeMethod(MethodInvocationHelper.java:108)
	at org.testng.internal.Invoker.invokeMethod(Invoker.java:669)
	at org.testng.internal.Invoker.invokeTestMethod(Invoker.java:877)
	at org.testng.internal.Invoker.invokeTestMethods(Invoker.java:1201)
	at org.testng.internal.TestMethodWorker.invokeTestMethods(TestMethodWorker.java:125)
	at org.testng.internal.TestMethodWorker.run(TestMethodWorker.java:109)
	at org.testng.TestRunner.privateRun(TestRunner.java:776)
	at org.testng.TestRunner.run(TestRunner.java:634)
	at org.testng.SuiteRunner.runTest(SuiteRunner.java:425)
	at org.testng.SuiteRunner.runSequentially(SuiteRunner.java:420)
	at org.testng.SuiteRunner.privateRun(SuiteRunner.java:385)
	at org.testng.SuiteRunner.run(SuiteRunner.java:334)
	at org.testng.SuiteRunnerWorker.runSuite(SuiteRunnerWorker.java:52)
	at org.testng.SuiteRunnerWorker.run(SuiteRunnerWorker.java:86)
	at org.testng.TestNG.runSuitesSequentially(TestNG.java:1318)
	at org.testng.TestNG.runSuitesLocally(TestNG.java:1243)
	at org.testng.TestNG.runSuites(TestNG.java:1161)
	at org.testng.TestNG.run(TestNG.java:1129)
	at org.testng.remote.AbstractRemoteTestNG.run(AbstractRemoteTestNG.java:114)
	at org.testng.remote.RemoteTestNG.initAndRun(RemoteTestNG.java:251)
	at org.testng.remote.RemoteTestNG.main(RemoteTestNG.java:77)
</stack-trace>
            </failure>
            <steps/>
            <attachments/>
            <labels>
                <label name="testSuite" value="Default suite"/>
                <label name="testGroup" value="Default test"/>
                <label name="testClass" value="core.CreditCardValidationTest"/>
                <label name="testMethod" value="type"/>
                <label name="host" value="Latitude"/>
                <label name="thread" value="47256@Latitude.main(1)"/>
            </labels>
        </test-case>
        <test-case start="1510544952394" stop="1510544952397" status="failed">
            <name>type[Discover,601156785254340,02/18,354]</name>
            <failure>
                <message>AssertionError: 
Expected: Credit Card Type: Discover, should be valid
     but: was &lt;false&gt;</message>
                <stack-trace>java.lang.AssertionError: 
Expected: Credit Card Type: Discover, should be valid
     but: was &lt;false&gt;
	at org.hamcrest.MatcherAssert.assertThat(MatcherAssert.java:20)
	at org.hamcrest.MatcherAssert.assertThat(MatcherAssert.java:8)
	at core.CreditCardValidationTest.type(CreditCardValidationTest.java:26)
	at sun.reflect.GeneratedMethodAccessor6.invoke(Unknown Source)
	at sun.reflect.DelegatingMethodAccessorImpl.invoke(Unknown Source)
	at java.lang.reflect.Method.invoke(Unknown Source)
	at org.testng.internal.MethodInvocationHelper.invokeMethod(MethodInvocationHelper.java:108)
	at org.testng.internal.Invoker.invokeMethod(Invoker.java:669)
	at org.testng.internal.Invoker.invokeTestMethod(Invoker.java:877)
	at org.testng.internal.Invoker.invokeTestMethods(Invoker.java:1201)
	at org.testng.internal.TestMethodWorker.invokeTestMethods(TestMethodWorker.java:125)
	at org.testng.internal.TestMethodWorker.run(TestMethodWorker.java:109)
	at org.testng.TestRunner.privateRun(TestRunner.java:776)
	at org.testng.TestRunner.run(TestRunner.java:634)
	at org.testng.SuiteRunner.runTest(SuiteRunner.java:425)
	at org.testng.SuiteRunner.runSequentially(SuiteRunner.java:420)
	at org.testng.SuiteRunner.privateRun(SuiteRunner.java:385)
	at org.testng.SuiteRunner.run(SuiteRunner.java:334)
	at org.testng.SuiteRunnerWorker.runSuite(SuiteRunnerWorker.java:52)
	at org.testng.SuiteRunnerWorker.run(SuiteRunnerWorker.java:86)
	at org.testng.TestNG.runSuitesSequentially(TestNG.java:1318)
	at org.testng.TestNG.runSuitesLocally(TestNG.java:1243)
	at org.testng.TestNG.runSuites(TestNG.java:1161)
	at org.testng.TestNG.run(TestNG.java:1129)
	at org.testng.remote.AbstractRemoteTestNG.run(AbstractRemoteTestNG.java:114)
	at org.testng.remote.RemoteTestNG.initAndRun(RemoteTestNG.java:251)
	at org.testng.remote.RemoteTestNG.main(RemoteTestNG.java:77)
</stack-trace>
            </failure>
            <steps/>
            <attachments/>
            <labels>
                <label name="testSuite" value="Default suite"/>
                <label name="testGroup" value="Default test"/>
                <label name="testClass" value="core.CreditCardValidationTest"/>
                <label name="testMethod" value="type"/>
                <label name="host" value="Latitude"/>
                <label name="thread" value="47256@Latitude.main(1)"/>
            </labels>
        </test-case>
        <test-case start="1510544952399" stop="1510544952400" status="passed">
            <name>type[Discover,6581185726028247,02/16,145]</name>
            <steps/>
            <attachments/>
            <labels>
                <label name="testSuite" value="Default suite"/>
                <label name="testGroup" value="Default test"/>
                <label name="testClass" value="core.CreditCardValidationTest"/>
                <label name="testMethod" value="type"/>
                <label name="host" value="Latitude"/>
                <label name="thread" value="47256@Latitude.main(1)"/>
            </labels>
        </test-case>
        <test-case start="1510544952402" stop="1510544952404" status="passed">
            <name>type[MasterCard,5248-6433-5421-6358,11/19,154]</name>
            <steps/>
            <attachments/>
            <labels>
                <label name="testSuite" value="Default suite"/>
                <label name="testGroup" value="Default test"/>
                <label name="testClass" value="core.CreditCardValidationTest"/>
                <label name="testMethod" value="type"/>
                <label name="host" value="Latitude"/>
                <label name="thread" value="47256@Latitude.main(1)"/>
            </labels>
        </test-case>
        <test-case start="1510544952406" stop="1510544952407" status="passed">
            <name>type[MasterCard,5169-1962-3193-8640,03/19,123]</name>
            <steps/>
            <attachments/>
            <labels>
                <label name="testSuite" value="Default suite"/>
                <label name="testGroup" value="Default test"/>
                <label name="testClass" value="core.CreditCardValidationTest"/>
                <label name="testMethod" value="type"/>
                <label name="host" value="Latitude"/>
                <label name="thread" value="47256@Latitude.main(1)"/>
            </labels>
        </test-case>
        <test-case start="1510544952410" stop="1510544952411" status="passed">
            <name>type[MasterCard,5599-6880-5206-3763,05/19,103]</name>
            <steps/>
            <attachments/>
            <labels>
                <label name="testSuite" value="Default suite"/>
                <label name="testGroup" value="Default test"/>
                <label name="testClass" value="core.CreditCardValidationTest"/>
                <label name="testMethod" value="type"/>
                <label name="host" value="Latitude"/>
                <label name="thread" value="47256@Latitude.main(1)"/>
            </labels>
        </test-case>
        <test-case start="1510544952413" stop="1510544952415" status="failed">
            <name>type[MasterCar,5171953247711452,01/21,123]</name>
            <failure>
                <message>AssertionError: 
Expected: Credit Card Type: MasterCar, should be valid
     but: was &lt;false&gt;</message>
                <stack-trace>java.lang.AssertionError: 
Expected: Credit Card Type: MasterCar, should be valid
     but: was &lt;false&gt;
	at org.hamcrest.MatcherAssert.assertThat(MatcherAssert.java:20)
	at org.hamcrest.MatcherAssert.assertThat(MatcherAssert.java:8)
	at core.CreditCardValidationTest.type(CreditCardValidationTest.java:26)
	at sun.reflect.GeneratedMethodAccessor6.invoke(Unknown Source)
	at sun.reflect.DelegatingMethodAccessorImpl.invoke(Unknown Source)
	at java.lang.reflect.Method.invoke(Unknown Source)
	at org.testng.internal.MethodInvocationHelper.invokeMethod(MethodInvocationHelper.java:108)
	at org.testng.internal.Invoker.invokeMethod(Invoker.java:669)
	at org.testng.internal.Invoker.invokeTestMethod(Invoker.java:877)
	at org.testng.internal.Invoker.invokeTestMethods(Invoker.java:1201)
	at org.testng.internal.TestMethodWorker.invokeTestMethods(TestMethodWorker.java:125)
	at org.testng.internal.TestMethodWorker.run(TestMethodWorker.java:109)
	at org.testng.TestRunner.privateRun(TestRunner.java:776)
	at org.testng.TestRunner.run(TestRunner.java:634)
	at org.testng.SuiteRunner.runTest(SuiteRunner.java:425)
	at org.testng.SuiteRunner.runSequentially(SuiteRunner.java:420)
	at org.testng.SuiteRunner.privateRun(SuiteRunner.java:385)
	at org.testng.SuiteRunner.run(SuiteRunner.java:334)
	at org.testng.SuiteRunnerWorker.runSuite(SuiteRunnerWorker.java:52)
	at org.testng.SuiteRunnerWorker.run(SuiteRunnerWorker.java:86)
	at org.testng.TestNG.runSuitesSequentially(TestNG.java:1318)
	at org.testng.TestNG.runSuitesLocally(TestNG.java:1243)
	at org.testng.TestNG.runSuites(TestNG.java:1161)
	at org.testng.TestNG.run(TestNG.java:1129)
	at org.testng.remote.AbstractRemoteTestNG.run(AbstractRemoteTestNG.java:114)
	at org.testng.remote.RemoteTestNG.initAndRun(RemoteTestNG.java:251)
	at org.testng.remote.RemoteTestNG.main(RemoteTestNG.java:77)
</stack-trace>
            </failure>
            <steps/>
            <attachments/>
            <labels>
                <label name="testSuite" value="Default suite"/>
                <label name="testGroup" value="Default test"/>
                <label name="testClass" value="core.CreditCardValidationTest"/>
                <label name="testMethod" value="type"/>
                <label name="host" value="Latitude"/>
                <label name="thread" value="47256@Latitude.main(1)"/>
            </labels>
        </test-case>
        <test-case start="1510544952417" stop="1510544952419" status="passed">
            <name>type[MasterCard,5163365359379095,10/20,954]</name>
            <steps/>
            <attachments/>
            <labels>
                <label name="testSuite" value="Default suite"/>
                <label name="testGroup" value="Default test"/>
                <label name="testClass" value="core.CreditCardValidationTest"/>
                <label name="testMethod" value="type"/>
                <label name="host" value="Latitude"/>
                <label name="thread" value="47256@Latitude.main(1)"/>
            </labels>
        </test-case>
        <test-case start="1510544952421" stop="1510544952423" status="passed">
            <name>type[MasterCard,5232199338465288,05/19,143]</name>
            <steps/>
            <attachments/>
            <labels>
                <label name="testSuite" value="Default suite"/>
                <label name="testGroup" value="Default test"/>
                <label name="testClass" value="core.CreditCardValidationTest"/>
                <label name="testMethod" value="type"/>
                <label name="host" value="Latitude"/>
                <label name="thread" value="47256@Latitude.main(1)"/>
            </labels>
        </test-case>
        <test-case start="1510544952425" stop="1510544952426" status="passed">
            <name>type[MasterCard,5426847049094377,02/18,123]</name>
            <steps/>
            <attachments/>
            <labels>
                <label name="testSuite" value="Default suite"/>
                <label name="testGroup" value="Default test"/>
                <label name="testClass" value="core.CreditCardValidationTest"/>
                <label name="testMethod" value="type"/>
                <label name="host" value="Latitude"/>
                <label name="thread" value="47256@Latitude.main(1)"/>
            </labels>
        </test-case>
        <test-case start="1510544952429" stop="1510544952431" status="failed">
            <name>type[MasterCard,516866660165885,04/15,254]</name>
            <failure>
                <message>AssertionError: 
Expected: Credit Card Type: MasterCard, should be valid
     but: was &lt;false&gt;</message>
                <stack-trace>java.lang.AssertionError: 
Expected: Credit Card Type: MasterCard, should be valid
     but: was &lt;false&gt;
	at org.hamcrest.MatcherAssert.assertThat(MatcherAssert.java:20)
	at org.hamcrest.MatcherAssert.assertThat(MatcherAssert.java:8)
	at core.CreditCardValidationTest.type(CreditCardValidationTest.java:26)
	at sun.reflect.GeneratedMethodAccessor6.invoke(Unknown Source)
	at sun.reflect.DelegatingMethodAccessorImpl.invoke(Unknown Source)
	at java.lang.reflect.Method.invoke(Unknown Source)
	at org.testng.internal.MethodInvocationHelper.invokeMethod(MethodInvocationHelper.java:108)
	at org.testng.internal.Invoker.invokeMethod(Invoker.java:669)
	at org.testng.internal.Invoker.invokeTestMethod(Invoker.java:877)
	at org.testng.internal.Invoker.invokeTestMethods(Invoker.java:1201)
	at org.testng.internal.TestMethodWorker.invokeTestMethods(TestMethodWorker.java:125)
	at org.testng.internal.TestMethodWorker.run(TestMethodWorker.java:109)
	at org.testng.TestRunner.privateRun(TestRunner.java:776)
	at org.testng.TestRunner.run(TestRunner.java:634)
	at org.testng.SuiteRunner.runTest(SuiteRunner.java:425)
	at org.testng.SuiteRunner.runSequentially(SuiteRunner.java:420)
	at org.testng.SuiteRunner.privateRun(SuiteRunner.java:385)
	at org.testng.SuiteRunner.run(SuiteRunner.java:334)
	at org.testng.SuiteRunnerWorker.runSuite(SuiteRunnerWorker.java:52)
	at org.testng.SuiteRunnerWorker.run(SuiteRunnerWorker.java:86)
	at org.testng.TestNG.runSuitesSequentially(TestNG.java:1318)
	at org.testng.TestNG.runSuitesLocally(TestNG.java:1243)
	at org.testng.TestNG.runSuites(TestNG.java:1161)
	at org.testng.TestNG.run(TestNG.java:1129)
	at org.testng.remote.AbstractRemoteTestNG.run(AbstractRemoteTestNG.java:114)
	at org.testng.remote.RemoteTestNG.initAndRun(RemoteTestNG.java:251)
	at org.testng.remote.RemoteTestNG.main(RemoteTestNG.java:77)
</stack-trace>
            </failure>
            <steps/>
            <attachments/>
            <labels>
                <label name="testSuite" value="Default suite"/>
                <label name="testGroup" value="Default test"/>
                <label name="testClass" value="core.CreditCardValidationTest"/>
                <label name="testMethod" value="type"/>
                <label name="host" value="Latitude"/>
                <label name="thread" value="47256@Latitude.main(1)"/>
            </labels>
        </test-case>
        <test-case start="1510544952433" stop="1510544952434" status="passed">
            <name>type[MasterCard,5278-1875-3826-7559,07/16,258]</name>
            <steps/>
            <attachments/>
            <labels>
                <label name="testSuite" value="Default suite"/>
                <label name="testGroup" value="Default test"/>
                <label name="testClass" value="core.CreditCardValidationTest"/>
                <label name="testMethod" value="type"/>
                <label name="host" value="Latitude"/>
                <label name="thread" value="47256@Latitude.main(1)"/>
            </labels>
        </test-case>
        <test-case start="1510544952436" stop="1510544952438" status="passed">
            <name>type[MasterCard,5334919452640144,09/21,159]</name>
            <steps/>
            <attachments/>
            <labels>
                <label name="testSuite" value="Default suite"/>
                <label name="testGroup" value="Default test"/>
                <label name="testClass" value="core.CreditCardValidationTest"/>
                <label name="testMethod" value="type"/>
                <label name="host" value="Latitude"/>
                <label name="thread" value="47256@Latitude.main(1)"/>
            </labels>
        </test-case>
        <test-case start="1510544952440" stop="1510544952442" status="failed">
            <name>type[VIS,4929559308222,03/15,123]</name>
            <failure>
                <message>AssertionError: 
Expected: Credit Card Type: VIS, should be valid
     but: was &lt;false&gt;</message>
                <stack-trace>java.lang.AssertionError: 
Expected: Credit Card Type: VIS, should be valid
     but: was &lt;false&gt;
	at org.hamcrest.MatcherAssert.assertThat(MatcherAssert.java:20)
	at org.hamcrest.MatcherAssert.assertThat(MatcherAssert.java:8)
	at core.CreditCardValidationTest.type(CreditCardValidationTest.java:26)
	at sun.reflect.GeneratedMethodAccessor6.invoke(Unknown Source)
	at sun.reflect.DelegatingMethodAccessorImpl.invoke(Unknown Source)
	at java.lang.reflect.Method.invoke(Unknown Source)
	at org.testng.internal.MethodInvocationHelper.invokeMethod(MethodInvocationHelper.java:108)
	at org.testng.internal.Invoker.invokeMethod(Invoker.java:669)
	at org.testng.internal.Invoker.invokeTestMethod(Invoker.java:877)
	at org.testng.internal.Invoker.invokeTestMethods(Invoker.java:1201)
	at org.testng.internal.TestMethodWorker.invokeTestMethods(TestMethodWorker.java:125)
	at org.testng.internal.TestMethodWorker.run(TestMethodWorker.java:109)
	at org.testng.TestRunner.privateRun(TestRunner.java:776)
	at org.testng.TestRunner.run(TestRunner.java:634)
	at org.testng.SuiteRunner.runTest(SuiteRunner.java:425)
	at org.testng.SuiteRunner.runSequentially(SuiteRunner.java:420)
	at org.testng.SuiteRunner.privateRun(SuiteRunner.java:385)
	at org.testng.SuiteRunner.run(SuiteRunner.java:334)
	at org.testng.SuiteRunnerWorker.runSuite(SuiteRunnerWorker.java:52)
	at org.testng.SuiteRunnerWorker.run(SuiteRunnerWorker.java:86)
	at org.testng.TestNG.runSuitesSequentially(TestNG.java:1318)
	at org.testng.TestNG.runSuitesLocally(TestNG.java:1243)
	at org.testng.TestNG.runSuites(TestNG.java:1161)
	at org.testng.TestNG.run(TestNG.java:1129)
	at org.testng.remote.AbstractRemoteTestNG.run(AbstractRemoteTestNG.java:114)
	at org.testng.remote.RemoteTestNG.initAndRun(RemoteTestNG.java:251)
	at org.testng.remote.RemoteTestNG.main(RemoteTestNG.java:77)
</stack-trace>
            </failure>
            <steps/>
            <attachments/>
            <labels>
                <label name="testSuite" value="Default suite"/>
                <label name="testGroup" value="Default test"/>
                <label name="testClass" value="core.CreditCardValidationTest"/>
                <label name="testMethod" value="type"/>
                <label name="host" value="Latitude"/>
                <label name="thread" value="47256@Latitude.main(1)"/>
            </labels>
        </test-case>
        <test-case start="1510544952444" stop="1510544952445" status="passed">
            <name>type[VISA,4556134786083,03/14,123]</name>
            <steps/>
            <attachments/>
            <labels>
                <label name="testSuite" value="Default suite"/>
                <label name="testGroup" value="Default test"/>
                <label name="testClass" value="core.CreditCardValidationTest"/>
                <label name="testMethod" value="type"/>
                <label name="host" value="Latitude"/>
                <label name="thread" value="47256@Latitude.main(1)"/>
            </labels>
        </test-case>
        <test-case start="1510544952448" stop="1510544952450" status="failed">
            <name>type[VISA,491680232637,03/19,123]</name>
            <failure>
                <message>AssertionError: 
Expected: Credit Card Type: VISA, should be valid
     but: was &lt;false&gt;</message>
                <stack-trace>java.lang.AssertionError: 
Expected: Credit Card Type: VISA, should be valid
     but: was &lt;false&gt;
	at org.hamcrest.MatcherAssert.assertThat(MatcherAssert.java:20)
	at org.hamcrest.MatcherAssert.assertThat(MatcherAssert.java:8)
	at core.CreditCardValidationTest.type(CreditCardValidationTest.java:26)
	at sun.reflect.GeneratedMethodAccessor6.invoke(Unknown Source)
	at sun.reflect.DelegatingMethodAccessorImpl.invoke(Unknown Source)
	at java.lang.reflect.Method.invoke(Unknown Source)
	at org.testng.internal.MethodInvocationHelper.invokeMethod(MethodInvocationHelper.java:108)
	at org.testng.internal.Invoker.invokeMethod(Invoker.java:669)
	at org.testng.internal.Invoker.invokeTestMethod(Invoker.java:877)
	at org.testng.internal.Invoker.invokeTestMethods(Invoker.java:1201)
	at org.testng.internal.TestMethodWorker.invokeTestMethods(TestMethodWorker.java:125)
	at org.testng.internal.TestMethodWorker.run(TestMethodWorker.java:109)
	at org.testng.TestRunner.privateRun(TestRunner.java:776)
	at org.testng.TestRunner.run(TestRunner.java:634)
	at org.testng.SuiteRunner.runTest(SuiteRunner.java:425)
	at org.testng.SuiteRunner.runSequentially(SuiteRunner.java:420)
	at org.testng.SuiteRunner.privateRun(SuiteRunner.java:385)
	at org.testng.SuiteRunner.run(SuiteRunner.java:334)
	at org.testng.SuiteRunnerWorker.runSuite(SuiteRunnerWorker.java:52)
	at org.testng.SuiteRunnerWorker.run(SuiteRunnerWorker.java:86)
	at org.testng.TestNG.runSuitesSequentially(TestNG.java:1318)
	at org.testng.TestNG.runSuitesLocally(TestNG.java:1243)
	at org.testng.TestNG.runSuites(TestNG.java:1161)
	at org.testng.TestNG.run(TestNG.java:1129)
	at org.testng.remote.AbstractRemoteTestNG.run(AbstractRemoteTestNG.java:114)
	at org.testng.remote.RemoteTestNG.initAndRun(RemoteTestNG.java:251)
	at org.testng.remote.RemoteTestNG.main(RemoteTestNG.java:77)
</stack-trace>
            </failure>
            <steps/>
            <attachments/>
            <labels>
                <label name="testSuite" value="Default suite"/>
                <label name="testGroup" value="Default test"/>
                <label name="testClass" value="core.CreditCardValidationTest"/>
                <label name="testMethod" value="type"/>
                <label name="host" value="Latitude"/>
                <label name="thread" value="47256@Latitude.main(1)"/>
            </labels>
        </test-case>
        <test-case start="1510544952452" stop="1510544952453" status="passed">
            <name>type[VISA,4916212843398,03/19,123]</name>
            <steps/>
            <attachments/>
            <labels>
                <label name="testSuite" value="Default suite"/>
                <label name="testGroup" value="Default test"/>
                <label name="testClass" value="core.CreditCardValidationTest"/>
                <label name="testMethod" value="type"/>
                <label name="host" value="Latitude"/>
                <label name="thread" value="47256@Latitude.main(1)"/>
            </labels>
        </test-case>
        <test-case start="1510544952455" stop="1510544952457" status="passed">
            <name>type[VISA,4716307252509,03/16,123]</name>
            <steps/>
            <attachments/>
            <labels>
                <label name="testSuite" value="Default suite"/>
                <label name="testGroup" value="Default test"/>
                <label name="testClass" value="core.CreditCardValidationTest"/>
                <label name="testMethod" value="type"/>
                <label name="host" value="Latitude"/>
                <label name="thread" value="47256@Latitude.main(1)"/>
            </labels>
        </test-case>
        <test-case start="1510544952459" stop="1510544952460" status="passed">
            <name>type[VISA,4701089159924,03/19,123]</name>
            <steps/>
            <attachments/>
            <labels>
                <label name="testSuite" value="Default suite"/>
                <label name="testGroup" value="Default test"/>
                <label name="testClass" value="core.CreditCardValidationTest"/>
                <label name="testMethod" value="type"/>
                <label name="host" value="Latitude"/>
                <label name="thread" value="47256@Latitude.main(1)"/>
            </labels>
        </test-case>
        <test-case start="1510544952463" stop="1510544952464" status="passed">
            <name>type[VISA,4916665640853,03/19,123]</name>
            <steps/>
            <attachments/>
            <labels>
                <label name="testSuite" value="Default suite"/>
                <label name="testGroup" value="Default test"/>
                <label name="testClass" value="core.CreditCardValidationTest"/>
                <label name="testMethod" value="type"/>
                <label name="host" value="Latitude"/>
                <label name="thread" value="47256@Latitude.main(1)"/>
            </labels>
        </test-case>
        <test-case start="1510544952466" stop="1510544952468" status="passed">
            <name>type[VISA,4617174213790,03/19,123]</name>
            <steps/>
            <attachments/>
            <labels>
                <label name="testSuite" value="Default suite"/>
                <label name="testGroup" value="Default test"/>
                <label name="testClass" value="core.CreditCardValidationTest"/>
                <label name="testMethod" value="type"/>
                <label name="host" value="Latitude"/>
                <label name="thread" value="47256@Latitude.main(1)"/>
            </labels>
        </test-case>
        <test-case start="1510544952470" stop="1510544952472" status="passed">
            <name>type[VISA,4716982643485,03/19,123]</name>
            <steps/>
            <attachments/>
            <labels>
                <label name="testSuite" value="Default suite"/>
                <label name="testGroup" value="Default test"/>
                <label name="testClass" value="core.CreditCardValidationTest"/>
                <label name="testMethod" value="type"/>
                <label name="host" value="Latitude"/>
                <label name="thread" value="47256@Latitude.main(1)"/>
            </labels>
        </test-case>
    </test-cases>
    <labels>
        <label name="framework" value="TestNG"/>
        <label name="language" value="JAVA"/>
    </labels>
</ns2:test-suite>
