<?xml version="1.0" encoding="UTF-8" standalone="yes"?>
<ns2:test-suite start="1510478505366" stop="1510478507711" version="1.5.4" xmlns:ns2="urn:model.allure.qatools.yandex.ru">
    <name>Default suite : Default test</name>
    <title>Default suite : Default test</title>
    <test-cases>
        <test-case start="1510478505656" stop="1510478505707" status="passed">
            <name>cvv[VISA,4532-5471-0699-4816,03/15,123]</name>
            <steps/>
            <attachments/>
            <labels>
                <label name="testSuite" value="Default suite"/>
                <label name="testGroup" value="Default test"/>
                <label name="testClass" value="core.CreditCardValidationTest"/>
                <label name="testMethod" value="cvv"/>
                <label name="host" value="Latitude"/>
                <label name="thread" value="45860@Latitude.main(1)"/>
            </labels>
        </test-case>
        <test-case start="1510478505736" stop="1510478505747" status="passed">
            <name>cvv[MasterCard,5128946914605621,09/19,123]</name>
            <steps/>
            <attachments/>
            <labels>
                <label name="testSuite" value="Default suite"/>
                <label name="testGroup" value="Default test"/>
                <label name="testClass" value="core.CreditCardValidationTest"/>
                <label name="testMethod" value="cvv"/>
                <label name="host" value="Latitude"/>
                <label name="thread" value="45860@Latitude.main(1)"/>
            </labels>
        </test-case>
        <test-case start="1510478505754" stop="1510478505758" status="passed">
            <name>cvv[American Express,344259201906721,03/22,1234]</name>
            <steps/>
            <attachments/>
            <labels>
                <label name="testSuite" value="Default suite"/>
                <label name="testGroup" value="Default test"/>
                <label name="testClass" value="core.CreditCardValidationTest"/>
                <label name="testMethod" value="cvv"/>
                <label name="host" value="Latitude"/>
                <label name="thread" value="45860@Latitude.main(1)"/>
            </labels>
        </test-case>
        <test-case start="1510478505764" stop="1510478505768" status="passed">
            <name>cvv[American Express,371792656868232,03/16,1234]</name>
            <steps/>
            <attachments/>
            <labels>
                <label name="testSuite" value="Default suite"/>
                <label name="testGroup" value="Default test"/>
                <label name="testClass" value="core.CreditCardValidationTest"/>
                <label name="testMethod" value="cvv"/>
                <label name="host" value="Latitude"/>
                <label name="thread" value="45860@Latitude.main(1)"/>
            </labels>
        </test-case>
        <test-case start="1510478505773" stop="1510478505776" status="passed">
            <name>cvv[American Express,343515603411680,03/15,1234]</name>
            <steps/>
            <attachments/>
            <labels>
                <label name="testSuite" value="Default suite"/>
                <label name="testGroup" value="Default test"/>
                <label name="testClass" value="core.CreditCardValidationTest"/>
                <label name="testMethod" value="cvv"/>
                <label name="host" value="Latitude"/>
                <label name="thread" value="45860@Latitude.main(1)"/>
            </labels>
        </test-case>
        <test-case start="1510478505786" stop="1510478505789" status="passed">
            <name>cvv[American Express,37261536518254,03/21,1234]</name>
            <steps/>
            <attachments/>
            <labels>
                <label name="testSuite" value="Default suite"/>
                <label name="testGroup" value="Default test"/>
                <label name="testClass" value="core.CreditCardValidationTest"/>
                <label name="testMethod" value="cvv"/>
                <label name="host" value="Latitude"/>
                <label name="thread" value="45860@Latitude.main(1)"/>
            </labels>
        </test-case>
        <test-case start="1510478505792" stop="1510478505795" status="passed">
            <name>cvv[American Express,343135671066264,03/21,1234]</name>
            <steps/>
            <attachments/>
            <labels>
                <label name="testSuite" value="Default suite"/>
                <label name="testGroup" value="Default test"/>
                <label name="testClass" value="core.CreditCardValidationTest"/>
                <label name="testMethod" value="cvv"/>
                <label name="host" value="Latitude"/>
                <label name="thread" value="45860@Latitude.main(1)"/>
            </labels>
        </test-case>
        <test-case start="1510478505799" stop="1510478505801" status="passed">
            <name>cvv[American Express,3561598966880,03/21,1234]</name>
            <steps/>
            <attachments/>
            <labels>
                <label name="testSuite" value="Default suite"/>
                <label name="testGroup" value="Default test"/>
                <label name="testClass" value="core.CreditCardValidationTest"/>
                <label name="testMethod" value="cvv"/>
                <label name="host" value="Latitude"/>
                <label name="thread" value="45860@Latitude.main(1)"/>
            </labels>
        </test-case>
        <test-case start="1510478505804" stop="1510478505846" status="failed">
            <name>cvv[American Expres,341632186805618,03/21,1234]</name>
            <failure>
                <message>AssertionError: 
Expected: Credit Card CVV: 1234, should be valid
     but: was &lt;false&gt;</message>
                <stack-trace>java.lang.AssertionError: 
Expected: Credit Card CVV: 1234, should be valid
     but: was &lt;false&gt;
	at org.hamcrest.MatcherAssert.assertThat(MatcherAssert.java:20)
	at org.hamcrest.MatcherAssert.assertThat(MatcherAssert.java:8)
	at core.CreditCardValidationTest.cvv(CreditCardValidationTest.java:36)
	at sun.reflect.NativeMethodAccessorImpl.invoke0(Native Method)
	at sun.reflect.NativeMethodAccessorImpl.invoke(Unknown Source)
	at sun.reflect.DelegatingMethodAccessorImpl.invoke(Unknown Source)
	at java.lang.reflect.Method.invoke(Unknown Source)
	at org.testng.internal.MethodInvocationHelper.invokeMethod(MethodInvocationHelper.java:108)
	at org.testng.internal.Invoker.invokeMethod(Invoker.java:669)
	at org.testng.internal.Invoker.invokeTestMethod(Invoker.java:877)
	at org.testng.internal.Invoker.invokeTestMethods(Invoker.java:1201)
	at org.testng.internal.TestMethodWorker.invokeTestMethods(TestMethodWorker.java:125)
	at org.testng.internal.TestMethodWorker.run(TestMethodWorker.java:109)
	at org.testng.TestRunner.privateRun(TestRunner.java:776)
	at org.testng.TestRunner.run(TestRunner.java:634)
	at org.testng.SuiteRunner.runTest(SuiteRunner.java:425)
	at org.testng.SuiteRunner.runSequentially(SuiteRunner.java:420)
	at org.testng.SuiteRunner.privateRun(SuiteRunner.java:385)
	at org.testng.SuiteRunner.run(SuiteRunner.java:334)
	at org.testng.SuiteRunnerWorker.runSuite(SuiteRunnerWorker.java:52)
	at org.testng.SuiteRunnerWorker.run(SuiteRunnerWorker.java:86)
	at org.testng.TestNG.runSuitesSequentially(TestNG.java:1318)
	at org.testng.TestNG.runSuitesLocally(TestNG.java:1243)
	at org.testng.TestNG.runSuites(TestNG.java:1161)
	at org.testng.TestNG.run(TestNG.java:1129)
	at org.testng.remote.AbstractRemoteTestNG.run(AbstractRemoteTestNG.java:114)
	at org.testng.remote.RemoteTestNG.initAndRun(RemoteTestNG.java:251)
	at org.testng.remote.RemoteTestNG.main(RemoteTestNG.java:77)
</stack-trace>
            </failure>
            <steps/>
            <attachments/>
            <labels>
                <label name="testSuite" value="Default suite"/>
                <label name="testGroup" value="Default test"/>
                <label name="testClass" value="core.CreditCardValidationTest"/>
                <label name="testMethod" value="cvv"/>
                <label name="host" value="Latitude"/>
                <label name="thread" value="45860@Latitude.main(1)"/>
            </labels>
        </test-case>
        <test-case start="1510478505849" stop="1510478505851" status="passed">
            <name>cvv[VISA,4532-5471-0699-4816,03/21,174]</name>
            <steps/>
            <attachments/>
            <labels>
                <label name="testSuite" value="Default suite"/>
                <label name="testGroup" value="Default test"/>
                <label name="testClass" value="core.CreditCardValidationTest"/>
                <label name="testMethod" value="cvv"/>
                <label name="host" value="Latitude"/>
                <label name="thread" value="45860@Latitude.main(1)"/>
            </labels>
        </test-case>
        <test-case start="1510478505857" stop="1510478505862" status="passed">
            <name>cvv[Discover,6011-0197-1148-6286,02/18,154]</name>
            <steps/>
            <attachments/>
            <labels>
                <label name="testSuite" value="Default suite"/>
                <label name="testGroup" value="Default test"/>
                <label name="testClass" value="core.CreditCardValidationTest"/>
                <label name="testMethod" value="cvv"/>
                <label name="host" value="Latitude"/>
                <label name="thread" value="45860@Latitude.main(1)"/>
            </labels>
        </test-case>
        <test-case start="1510478505868" stop="1510478505870" status="passed">
            <name>cvv[Discover,6495-5046-4029-1126,02/18,357]</name>
            <steps/>
            <attachments/>
            <labels>
                <label name="testSuite" value="Default suite"/>
                <label name="testGroup" value="Default test"/>
                <label name="testClass" value="core.CreditCardValidationTest"/>
                <label name="testMethod" value="cvv"/>
                <label name="host" value="Latitude"/>
                <label name="thread" value="45860@Latitude.main(1)"/>
            </labels>
        </test-case>
        <test-case start="1510478505874" stop="1510478505876" status="passed">
            <name>cvv[Discover,6229256965254832,02/18,354]</name>
            <steps/>
            <attachments/>
            <labels>
                <label name="testSuite" value="Default suite"/>
                <label name="testGroup" value="Default test"/>
                <label name="testClass" value="core.CreditCardValidationTest"/>
                <label name="testMethod" value="cvv"/>
                <label name="host" value="Latitude"/>
                <label name="thread" value="45860@Latitude.main(1)"/>
            </labels>
        </test-case>
        <test-case start="1510478505879" stop="1510478505881" status="passed">
            <name>cvv[Discover,6011077105446506,02/18,354]</name>
            <steps/>
            <attachments/>
            <labels>
                <label name="testSuite" value="Default suite"/>
                <label name="testGroup" value="Default test"/>
                <label name="testClass" value="core.CreditCardValidationTest"/>
                <label name="testMethod" value="cvv"/>
                <label name="host" value="Latitude"/>
                <label name="thread" value="45860@Latitude.main(1)"/>
            </labels>
        </test-case>
        <test-case start="1510478505884" stop="1510478505886" status="passed">
            <name>cvv[Discover,6011192042419415,02/18,354]</name>
            <steps/>
            <attachments/>
            <labels>
                <label name="testSuite" value="Default suite"/>
                <label name="testGroup" value="Default test"/>
                <label name="testClass" value="core.CreditCardValidationTest"/>
                <label name="testMethod" value="cvv"/>
                <label name="host" value="Latitude"/>
                <label name="thread" value="45860@Latitude.main(1)"/>
            </labels>
        </test-case>
        <test-case start="1510478505890" stop="1510478505896" status="passed">
            <name>cvv[Discov,6011724928833820,02/18,354]</name>
            <steps/>
            <attachments/>
            <labels>
                <label name="testSuite" value="Default suite"/>
                <label name="testGroup" value="Default test"/>
                <label name="testClass" value="core.CreditCardValidationTest"/>
                <label name="testMethod" value="cvv"/>
                <label name="host" value="Latitude"/>
                <label name="thread" value="45860@Latitude.main(1)"/>
            </labels>
        </test-case>
        <test-case start="1510478505899" stop="1510478505901" status="passed">
            <name>cvv[Discover,601156785254340,02/18,354]</name>
            <steps/>
            <attachments/>
            <labels>
                <label name="testSuite" value="Default suite"/>
                <label name="testGroup" value="Default test"/>
                <label name="testClass" value="core.CreditCardValidationTest"/>
                <label name="testMethod" value="cvv"/>
                <label name="host" value="Latitude"/>
                <label name="thread" value="45860@Latitude.main(1)"/>
            </labels>
        </test-case>
        <test-case start="1510478505904" stop="1510478505908" status="passed">
            <name>cvv[Discover,6581185726028247,02/16,145]</name>
            <steps/>
            <attachments/>
            <labels>
                <label name="testSuite" value="Default suite"/>
                <label name="testGroup" value="Default test"/>
                <label name="testClass" value="core.CreditCardValidationTest"/>
                <label name="testMethod" value="cvv"/>
                <label name="host" value="Latitude"/>
                <label name="thread" value="45860@Latitude.main(1)"/>
            </labels>
        </test-case>
        <test-case start="1510478505911" stop="1510478505914" status="passed">
            <name>cvv[MasterCard,5248-6433-5421-6358,11/19,154]</name>
            <steps/>
            <attachments/>
            <labels>
                <label name="testSuite" value="Default suite"/>
                <label name="testGroup" value="Default test"/>
                <label name="testClass" value="core.CreditCardValidationTest"/>
                <label name="testMethod" value="cvv"/>
                <label name="host" value="Latitude"/>
                <label name="thread" value="45860@Latitude.main(1)"/>
            </labels>
        </test-case>
        <test-case start="1510478505918" stop="1510478505920" status="passed">
            <name>cvv[MasterCard,5169-1962-3193-8640,03/19,123]</name>
            <steps/>
            <attachments/>
            <labels>
                <label name="testSuite" value="Default suite"/>
                <label name="testGroup" value="Default test"/>
                <label name="testClass" value="core.CreditCardValidationTest"/>
                <label name="testMethod" value="cvv"/>
                <label name="host" value="Latitude"/>
                <label name="thread" value="45860@Latitude.main(1)"/>
            </labels>
        </test-case>
        <test-case start="1510478505924" stop="1510478505926" status="passed">
            <name>cvv[MasterCard,5599-6880-5206-3763,05/19,103]</name>
            <steps/>
            <attachments/>
            <labels>
                <label name="testSuite" value="Default suite"/>
                <label name="testGroup" value="Default test"/>
                <label name="testClass" value="core.CreditCardValidationTest"/>
                <label name="testMethod" value="cvv"/>
                <label name="host" value="Latitude"/>
                <label name="thread" value="45860@Latitude.main(1)"/>
            </labels>
        </test-case>
        <test-case start="1510478505930" stop="1510478505931" status="passed">
            <name>cvv[MasterCar,5171953247711452,01/21,123]</name>
            <steps/>
            <attachments/>
            <labels>
                <label name="testSuite" value="Default suite"/>
                <label name="testGroup" value="Default test"/>
                <label name="testClass" value="core.CreditCardValidationTest"/>
                <label name="testMethod" value="cvv"/>
                <label name="host" value="Latitude"/>
                <label name="thread" value="45860@Latitude.main(1)"/>
            </labels>
        </test-case>
        <test-case start="1510478505934" stop="1510478505937" status="passed">
            <name>cvv[MasterCard,5163365359379095,10/20,954]</name>
            <steps/>
            <attachments/>
            <labels>
                <label name="testSuite" value="Default suite"/>
                <label name="testGroup" value="Default test"/>
                <label name="testClass" value="core.CreditCardValidationTest"/>
                <label name="testMethod" value="cvv"/>
                <label name="host" value="Latitude"/>
                <label name="thread" value="45860@Latitude.main(1)"/>
            </labels>
        </test-case>
        <test-case start="1510478505940" stop="1510478505942" status="passed">
            <name>cvv[MasterCard,5232199338465288,05/19,143]</name>
            <steps/>
            <attachments/>
            <labels>
                <label name="testSuite" value="Default suite"/>
                <label name="testGroup" value="Default test"/>
                <label name="testClass" value="core.CreditCardValidationTest"/>
                <label name="testMethod" value="cvv"/>
                <label name="host" value="Latitude"/>
                <label name="thread" value="45860@Latitude.main(1)"/>
            </labels>
        </test-case>
        <test-case start="1510478505945" stop="1510478505946" status="passed">
            <name>cvv[MasterCard,5426847049094377,02/18,123]</name>
            <steps/>
            <attachments/>
            <labels>
                <label name="testSuite" value="Default suite"/>
                <label name="testGroup" value="Default test"/>
                <label name="testClass" value="core.CreditCardValidationTest"/>
                <label name="testMethod" value="cvv"/>
                <label name="host" value="Latitude"/>
                <label name="thread" value="45860@Latitude.main(1)"/>
            </labels>
        </test-case>
        <test-case start="1510478505949" stop="1510478505952" status="passed">
            <name>cvv[MasterCard,516866660165885,04/15,254]</name>
            <steps/>
            <attachments/>
            <labels>
                <label name="testSuite" value="Default suite"/>
                <label name="testGroup" value="Default test"/>
                <label name="testClass" value="core.CreditCardValidationTest"/>
                <label name="testMethod" value="cvv"/>
                <label name="host" value="Latitude"/>
                <label name="thread" value="45860@Latitude.main(1)"/>
            </labels>
        </test-case>
        <test-case start="1510478505956" stop="1510478505958" status="passed">
            <name>cvv[MasterCard,5278-1875-3826-7559,07/16,258]</name>
            <steps/>
            <attachments/>
            <labels>
                <label name="testSuite" value="Default suite"/>
                <label name="testGroup" value="Default test"/>
                <label name="testClass" value="core.CreditCardValidationTest"/>
                <label name="testMethod" value="cvv"/>
                <label name="host" value="Latitude"/>
                <label name="thread" value="45860@Latitude.main(1)"/>
            </labels>
        </test-case>
        <test-case start="1510478505963" stop="1510478505964" status="passed">
            <name>cvv[MasterCard,5334919452640144,09/21,159]</name>
            <steps/>
            <attachments/>
            <labels>
                <label name="testSuite" value="Default suite"/>
                <label name="testGroup" value="Default test"/>
                <label name="testClass" value="core.CreditCardValidationTest"/>
                <label name="testMethod" value="cvv"/>
                <label name="host" value="Latitude"/>
                <label name="thread" value="45860@Latitude.main(1)"/>
            </labels>
        </test-case>
        <test-case start="1510478505968" stop="1510478505972" status="passed">
            <name>cvv[VIS,4929559308222,03/15,123]</name>
            <steps/>
            <attachments/>
            <labels>
                <label name="testSuite" value="Default suite"/>
                <label name="testGroup" value="Default test"/>
                <label name="testClass" value="core.CreditCardValidationTest"/>
                <label name="testMethod" value="cvv"/>
                <label name="host" value="Latitude"/>
                <label name="thread" value="45860@Latitude.main(1)"/>
            </labels>
        </test-case>
        <test-case start="1510478505976" stop="1510478505978" status="passed">
            <name>cvv[VISA,4556134786083,03/14,123]</name>
            <steps/>
            <attachments/>
            <labels>
                <label name="testSuite" value="Default suite"/>
                <label name="testGroup" value="Default test"/>
                <label name="testClass" value="core.CreditCardValidationTest"/>
                <label name="testMethod" value="cvv"/>
                <label name="host" value="Latitude"/>
                <label name="thread" value="45860@Latitude.main(1)"/>
            </labels>
        </test-case>
        <test-case start="1510478505982" stop="1510478505984" status="passed">
            <name>cvv[VISA,491680232637,03/19,123]</name>
            <steps/>
            <attachments/>
            <labels>
                <label name="testSuite" value="Default suite"/>
                <label name="testGroup" value="Default test"/>
                <label name="testClass" value="core.CreditCardValidationTest"/>
                <label name="testMethod" value="cvv"/>
                <label name="host" value="Latitude"/>
                <label name="thread" value="45860@Latitude.main(1)"/>
            </labels>
        </test-case>
        <test-case start="1510478505988" stop="1510478505990" status="passed">
            <name>cvv[VISA,4916212843398,03/19,123]</name>
            <steps/>
            <attachments/>
            <labels>
                <label name="testSuite" value="Default suite"/>
                <label name="testGroup" value="Default test"/>
                <label name="testClass" value="core.CreditCardValidationTest"/>
                <label name="testMethod" value="cvv"/>
                <label name="host" value="Latitude"/>
                <label name="thread" value="45860@Latitude.main(1)"/>
            </labels>
        </test-case>
        <test-case start="1510478505993" stop="1510478505995" status="passed">
            <name>cvv[VISA,4716307252509,03/16,123]</name>
            <steps/>
            <attachments/>
            <labels>
                <label name="testSuite" value="Default suite"/>
                <label name="testGroup" value="Default test"/>
                <label name="testClass" value="core.CreditCardValidationTest"/>
                <label name="testMethod" value="cvv"/>
                <label name="host" value="Latitude"/>
                <label name="thread" value="45860@Latitude.main(1)"/>
            </labels>
        </test-case>
        <test-case start="1510478506002" stop="1510478506004" status="passed">
            <name>cvv[VISA,4701089159924,03/19,123]</name>
            <steps/>
            <attachments/>
            <labels>
                <label name="testSuite" value="Default suite"/>
                <label name="testGroup" value="Default test"/>
                <label name="testClass" value="core.CreditCardValidationTest"/>
                <label name="testMethod" value="cvv"/>
                <label name="host" value="Latitude"/>
                <label name="thread" value="45860@Latitude.main(1)"/>
            </labels>
        </test-case>
        <test-case start="1510478506007" stop="1510478506009" status="passed">
            <name>cvv[VISA,4916665640853,03/19,123]</name>
            <steps/>
            <attachments/>
            <labels>
                <label name="testSuite" value="Default suite"/>
                <label name="testGroup" value="Default test"/>
                <label name="testClass" value="core.CreditCardValidationTest"/>
                <label name="testMethod" value="cvv"/>
                <label name="host" value="Latitude"/>
                <label name="thread" value="45860@Latitude.main(1)"/>
            </labels>
        </test-case>
        <test-case start="1510478506011" stop="1510478506013" status="passed">
            <name>cvv[VISA,4617174213790,03/19,123]</name>
            <steps/>
            <attachments/>
            <labels>
                <label name="testSuite" value="Default suite"/>
                <label name="testGroup" value="Default test"/>
                <label name="testClass" value="core.CreditCardValidationTest"/>
                <label name="testMethod" value="cvv"/>
                <label name="host" value="Latitude"/>
                <label name="thread" value="45860@Latitude.main(1)"/>
            </labels>
        </test-case>
        <test-case start="1510478506022" stop="1510478506024" status="passed">
            <name>cvv[VISA,4716982643485,03/19,123]</name>
            <steps/>
            <attachments/>
            <labels>
                <label name="testSuite" value="Default suite"/>
                <label name="testGroup" value="Default test"/>
                <label name="testClass" value="core.CreditCardValidationTest"/>
                <label name="testMethod" value="cvv"/>
                <label name="host" value="Latitude"/>
                <label name="thread" value="45860@Latitude.main(1)"/>
            </labels>
        </test-case>
        <test-case start="1510478506030" stop="1510478506041" status="failed">
            <name>exp[VISA,4532-5471-0699-4816,03/15,123]</name>
            <failure>
                <message>AssertionError: 
Expected: Credit Card Exp: 03/15, should be not expired
     but: was &lt;false&gt;</message>
                <stack-trace>java.lang.AssertionError: 
Expected: Credit Card Exp: 03/15, should be not expired
     but: was &lt;false&gt;
	at org.hamcrest.MatcherAssert.assertThat(MatcherAssert.java:20)
	at org.hamcrest.MatcherAssert.assertThat(MatcherAssert.java:8)
	at core.CreditCardValidationTest.exp(CreditCardValidationTest.java:31)
	at sun.reflect.NativeMethodAccessorImpl.invoke0(Native Method)
	at sun.reflect.NativeMethodAccessorImpl.invoke(Unknown Source)
	at sun.reflect.DelegatingMethodAccessorImpl.invoke(Unknown Source)
	at java.lang.reflect.Method.invoke(Unknown Source)
	at org.testng.internal.MethodInvocationHelper.invokeMethod(MethodInvocationHelper.java:108)
	at org.testng.internal.Invoker.invokeMethod(Invoker.java:669)
	at org.testng.internal.Invoker.invokeTestMethod(Invoker.java:877)
	at org.testng.internal.Invoker.invokeTestMethods(Invoker.java:1201)
	at org.testng.internal.TestMethodWorker.invokeTestMethods(TestMethodWorker.java:125)
	at org.testng.internal.TestMethodWorker.run(TestMethodWorker.java:109)
	at org.testng.TestRunner.privateRun(TestRunner.java:776)
	at org.testng.TestRunner.run(TestRunner.java:634)
	at org.testng.SuiteRunner.runTest(SuiteRunner.java:425)
	at org.testng.SuiteRunner.runSequentially(SuiteRunner.java:420)
	at org.testng.SuiteRunner.privateRun(SuiteRunner.java:385)
	at org.testng.SuiteRunner.run(SuiteRunner.java:334)
	at org.testng.SuiteRunnerWorker.runSuite(SuiteRunnerWorker.java:52)
	at org.testng.SuiteRunnerWorker.run(SuiteRunnerWorker.java:86)
	at org.testng.TestNG.runSuitesSequentially(TestNG.java:1318)
	at org.testng.TestNG.runSuitesLocally(TestNG.java:1243)
	at org.testng.TestNG.runSuites(TestNG.java:1161)
	at org.testng.TestNG.run(TestNG.java:1129)
	at org.testng.remote.AbstractRemoteTestNG.run(AbstractRemoteTestNG.java:114)
	at org.testng.remote.RemoteTestNG.initAndRun(RemoteTestNG.java:251)
	at org.testng.remote.RemoteTestNG.main(RemoteTestNG.java:77)
</stack-trace>
            </failure>
            <steps/>
            <attachments/>
            <labels>
                <label name="testSuite" value="Default suite"/>
                <label name="testGroup" value="Default test"/>
                <label name="testClass" value="core.CreditCardValidationTest"/>
                <label name="testMethod" value="exp"/>
                <label name="host" value="Latitude"/>
                <label name="thread" value="45860@Latitude.main(1)"/>
            </labels>
        </test-case>
        <test-case start="1510478506044" stop="1510478506046" status="passed">
            <name>exp[MasterCard,5128946914605621,09/19,123]</name>
            <steps/>
            <attachments/>
            <labels>
                <label name="testSuite" value="Default suite"/>
                <label name="testGroup" value="Default test"/>
                <label name="testClass" value="core.CreditCardValidationTest"/>
                <label name="testMethod" value="exp"/>
                <label name="host" value="Latitude"/>
                <label name="thread" value="45860@Latitude.main(1)"/>
            </labels>
        </test-case>
        <test-case start="1510478506049" stop="1510478506051" status="passed">
            <name>exp[American Express,344259201906721,03/22,1234]</name>
            <steps/>
            <attachments/>
            <labels>
                <label name="testSuite" value="Default suite"/>
                <label name="testGroup" value="Default test"/>
                <label name="testClass" value="core.CreditCardValidationTest"/>
                <label name="testMethod" value="exp"/>
                <label name="host" value="Latitude"/>
                <label name="thread" value="45860@Latitude.main(1)"/>
            </labels>
        </test-case>
        <test-case start="1510478506055" stop="1510478506064" status="failed">
            <name>exp[American Express,371792656868232,03/16,1234]</name>
            <failure>
                <message>AssertionError: 
Expected: Credit Card Exp: 03/16, should be not expired
     but: was &lt;false&gt;</message>
                <stack-trace>java.lang.AssertionError: 
Expected: Credit Card Exp: 03/16, should be not expired
     but: was &lt;false&gt;
	at org.hamcrest.MatcherAssert.assertThat(MatcherAssert.java:20)
	at org.hamcrest.MatcherAssert.assertThat(MatcherAssert.java:8)
	at core.CreditCardValidationTest.exp(CreditCardValidationTest.java:31)
	at sun.reflect.NativeMethodAccessorImpl.invoke0(Native Method)
	at sun.reflect.NativeMethodAccessorImpl.invoke(Unknown Source)
	at sun.reflect.DelegatingMethodAccessorImpl.invoke(Unknown Source)
	at java.lang.reflect.Method.invoke(Unknown Source)
	at org.testng.internal.MethodInvocationHelper.invokeMethod(MethodInvocationHelper.java:108)
	at org.testng.internal.Invoker.invokeMethod(Invoker.java:669)
	at org.testng.internal.Invoker.invokeTestMethod(Invoker.java:877)
	at org.testng.internal.Invoker.invokeTestMethods(Invoker.java:1201)
	at org.testng.internal.TestMethodWorker.invokeTestMethods(TestMethodWorker.java:125)
	at org.testng.internal.TestMethodWorker.run(TestMethodWorker.java:109)
	at org.testng.TestRunner.privateRun(TestRunner.java:776)
	at org.testng.TestRunner.run(TestRunner.java:634)
	at org.testng.SuiteRunner.runTest(SuiteRunner.java:425)
	at org.testng.SuiteRunner.runSequentially(SuiteRunner.java:420)
	at org.testng.SuiteRunner.privateRun(SuiteRunner.java:385)
	at org.testng.SuiteRunner.run(SuiteRunner.java:334)
	at org.testng.SuiteRunnerWorker.runSuite(SuiteRunnerWorker.java:52)
	at org.testng.SuiteRunnerWorker.run(SuiteRunnerWorker.java:86)
	at org.testng.TestNG.runSuitesSequentially(TestNG.java:1318)
	at org.testng.TestNG.runSuitesLocally(TestNG.java:1243)
	at org.testng.TestNG.runSuites(TestNG.java:1161)
	at org.testng.TestNG.run(TestNG.java:1129)
	at org.testng.remote.AbstractRemoteTestNG.run(AbstractRemoteTestNG.java:114)
	at org.testng.remote.RemoteTestNG.initAndRun(RemoteTestNG.java:251)
	at org.testng.remote.RemoteTestNG.main(RemoteTestNG.java:77)
</stack-trace>
            </failure>
            <steps/>
            <attachments/>
            <labels>
                <label name="testSuite" value="Default suite"/>
                <label name="testGroup" value="Default test"/>
                <label name="testClass" value="core.CreditCardValidationTest"/>
                <label name="testMethod" value="exp"/>
                <label name="host" value="Latitude"/>
                <label name="thread" value="45860@Latitude.main(1)"/>
            </labels>
        </test-case>
        <test-case start="1510478506067" stop="1510478506071" status="failed">
            <name>exp[American Express,343515603411680,03/15,1234]</name>
            <failure>
                <message>AssertionError: 
Expected: Credit Card Exp: 03/15, should be not expired
     but: was &lt;false&gt;</message>
                <stack-trace>java.lang.AssertionError: 
Expected: Credit Card Exp: 03/15, should be not expired
     but: was &lt;false&gt;
	at org.hamcrest.MatcherAssert.assertThat(MatcherAssert.java:20)
	at org.hamcrest.MatcherAssert.assertThat(MatcherAssert.java:8)
	at core.CreditCardValidationTest.exp(CreditCardValidationTest.java:31)
	at sun.reflect.NativeMethodAccessorImpl.invoke0(Native Method)
	at sun.reflect.NativeMethodAccessorImpl.invoke(Unknown Source)
	at sun.reflect.DelegatingMethodAccessorImpl.invoke(Unknown Source)
	at java.lang.reflect.Method.invoke(Unknown Source)
	at org.testng.internal.MethodInvocationHelper.invokeMethod(MethodInvocationHelper.java:108)
	at org.testng.internal.Invoker.invokeMethod(Invoker.java:669)
	at org.testng.internal.Invoker.invokeTestMethod(Invoker.java:877)
	at org.testng.internal.Invoker.invokeTestMethods(Invoker.java:1201)
	at org.testng.internal.TestMethodWorker.invokeTestMethods(TestMethodWorker.java:125)
	at org.testng.internal.TestMethodWorker.run(TestMethodWorker.java:109)
	at org.testng.TestRunner.privateRun(TestRunner.java:776)
	at org.testng.TestRunner.run(TestRunner.java:634)
	at org.testng.SuiteRunner.runTest(SuiteRunner.java:425)
	at org.testng.SuiteRunner.runSequentially(SuiteRunner.java:420)
	at org.testng.SuiteRunner.privateRun(SuiteRunner.java:385)
	at org.testng.SuiteRunner.run(SuiteRunner.java:334)
	at org.testng.SuiteRunnerWorker.runSuite(SuiteRunnerWorker.java:52)
	at org.testng.SuiteRunnerWorker.run(SuiteRunnerWorker.java:86)
	at org.testng.TestNG.runSuitesSequentially(TestNG.java:1318)
	at org.testng.TestNG.runSuitesLocally(TestNG.java:1243)
	at org.testng.TestNG.runSuites(TestNG.java:1161)
	at org.testng.TestNG.run(TestNG.java:1129)
	at org.testng.remote.AbstractRemoteTestNG.run(AbstractRemoteTestNG.java:114)
	at org.testng.remote.RemoteTestNG.initAndRun(RemoteTestNG.java:251)
	at org.testng.remote.RemoteTestNG.main(RemoteTestNG.java:77)
</stack-trace>
            </failure>
            <steps/>
            <attachments/>
            <labels>
                <label name="testSuite" value="Default suite"/>
                <label name="testGroup" value="Default test"/>
                <label name="testClass" value="core.CreditCardValidationTest"/>
                <label name="testMethod" value="exp"/>
                <label name="host" value="Latitude"/>
                <label name="thread" value="45860@Latitude.main(1)"/>
            </labels>
        </test-case>
        <test-case start="1510478506075" stop="1510478506080" status="passed">
            <name>exp[American Express,37261536518254,03/21,1234]</name>
            <steps/>
            <attachments/>
            <labels>
                <label name="testSuite" value="Default suite"/>
                <label name="testGroup" value="Default test"/>
                <label name="testClass" value="core.CreditCardValidationTest"/>
                <label name="testMethod" value="exp"/>
                <label name="host" value="Latitude"/>
                <label name="thread" value="45860@Latitude.main(1)"/>
            </labels>
        </test-case>
        <test-case start="1510478506083" stop="1510478506088" status="passed">
            <name>exp[American Express,343135671066264,03/21,1234]</name>
            <steps/>
            <attachments/>
            <labels>
                <label name="testSuite" value="Default suite"/>
                <label name="testGroup" value="Default test"/>
                <label name="testClass" value="core.CreditCardValidationTest"/>
                <label name="testMethod" value="exp"/>
                <label name="host" value="Latitude"/>
                <label name="thread" value="45860@Latitude.main(1)"/>
            </labels>
        </test-case>
        <test-case start="1510478506097" stop="1510478506100" status="passed">
            <name>exp[American Express,3561598966880,03/21,1234]</name>
            <steps/>
            <attachments/>
            <labels>
                <label name="testSuite" value="Default suite"/>
                <label name="testGroup" value="Default test"/>
                <label name="testClass" value="core.CreditCardValidationTest"/>
                <label name="testMethod" value="exp"/>
                <label name="host" value="Latitude"/>
                <label name="thread" value="45860@Latitude.main(1)"/>
            </labels>
        </test-case>
        <test-case start="1510478506105" stop="1510478506109" status="passed">
            <name>exp[American Expres,341632186805618,03/21,1234]</name>
            <steps/>
            <attachments/>
            <labels>
                <label name="testSuite" value="Default suite"/>
                <label name="testGroup" value="Default test"/>
                <label name="testClass" value="core.CreditCardValidationTest"/>
                <label name="testMethod" value="exp"/>
                <label name="host" value="Latitude"/>
                <label name="thread" value="45860@Latitude.main(1)"/>
            </labels>
        </test-case>
        <test-case start="1510478506115" stop="1510478506120" status="passed">
            <name>exp[VISA,4532-5471-0699-4816,03/21,174]</name>
            <steps/>
            <attachments/>
            <labels>
                <label name="testSuite" value="Default suite"/>
                <label name="testGroup" value="Default test"/>
                <label name="testClass" value="core.CreditCardValidationTest"/>
                <label name="testMethod" value="exp"/>
                <label name="host" value="Latitude"/>
                <label name="thread" value="45860@Latitude.main(1)"/>
            </labels>
        </test-case>
        <test-case start="1510478506124" stop="1510478506133" status="passed">
            <name>exp[Discover,6011-0197-1148-6286,02/18,154]</name>
            <steps/>
            <attachments/>
            <labels>
                <label name="testSuite" value="Default suite"/>
                <label name="testGroup" value="Default test"/>
                <label name="testClass" value="core.CreditCardValidationTest"/>
                <label name="testMethod" value="exp"/>
                <label name="host" value="Latitude"/>
                <label name="thread" value="45860@Latitude.main(1)"/>
            </labels>
        </test-case>
        <test-case start="1510478506138" stop="1510478506148" status="passed">
            <name>exp[Discover,6495-5046-4029-1126,02/18,357]</name>
            <steps/>
            <attachments/>
            <labels>
                <label name="testSuite" value="Default suite"/>
                <label name="testGroup" value="Default test"/>
                <label name="testClass" value="core.CreditCardValidationTest"/>
                <label name="testMethod" value="exp"/>
                <label name="host" value="Latitude"/>
                <label name="thread" value="45860@Latitude.main(1)"/>
            </labels>
        </test-case>
        <test-case start="1510478506156" stop="1510478506161" status="passed">
            <name>exp[Discover,6229256965254832,02/18,354]</name>
            <steps/>
            <attachments/>
            <labels>
                <label name="testSuite" value="Default suite"/>
                <label name="testGroup" value="Default test"/>
                <label name="testClass" value="core.CreditCardValidationTest"/>
                <label name="testMethod" value="exp"/>
                <label name="host" value="Latitude"/>
                <label name="thread" value="45860@Latitude.main(1)"/>
            </labels>
        </test-case>
        <test-case start="1510478506168" stop="1510478506169" status="passed">
            <name>exp[Discover,6011077105446506,02/18,354]</name>
            <steps/>
            <attachments/>
            <labels>
                <label name="testSuite" value="Default suite"/>
                <label name="testGroup" value="Default test"/>
                <label name="testClass" value="core.CreditCardValidationTest"/>
                <label name="testMethod" value="exp"/>
                <label name="host" value="Latitude"/>
                <label name="thread" value="45860@Latitude.main(1)"/>
            </labels>
        </test-case>
        <test-case start="1510478506173" stop="1510478506175" status="passed">
            <name>exp[Discover,6011192042419415,02/18,354]</name>
            <steps/>
            <attachments/>
            <labels>
                <label name="testSuite" value="Default suite"/>
                <label name="testGroup" value="Default test"/>
                <label name="testClass" value="core.CreditCardValidationTest"/>
                <label name="testMethod" value="exp"/>
                <label name="host" value="Latitude"/>
                <label name="thread" value="45860@Latitude.main(1)"/>
            </labels>
        </test-case>
        <test-case start="1510478506187" stop="1510478506193" status="passed">
            <name>exp[Discov,6011724928833820,02/18,354]</name>
            <steps/>
            <attachments/>
            <labels>
                <label name="testSuite" value="Default suite"/>
                <label name="testGroup" value="Default test"/>
                <label name="testClass" value="core.CreditCardValidationTest"/>
                <label name="testMethod" value="exp"/>
                <label name="host" value="Latitude"/>
                <label name="thread" value="45860@Latitude.main(1)"/>
            </labels>
        </test-case>
        <test-case start="1510478506199" stop="1510478506202" status="passed">
            <name>exp[Discover,601156785254340,02/18,354]</name>
            <steps/>
            <attachments/>
            <labels>
                <label name="testSuite" value="Default suite"/>
                <label name="testGroup" value="Default test"/>
                <label name="testClass" value="core.CreditCardValidationTest"/>
                <label name="testMethod" value="exp"/>
                <label name="host" value="Latitude"/>
                <label name="thread" value="45860@Latitude.main(1)"/>
            </labels>
        </test-case>
        <test-case start="1510478506210" stop="1510478506216" status="failed">
            <name>exp[Discover,6581185726028247,02/16,145]</name>
            <failure>
                <message>AssertionError: 
Expected: Credit Card Exp: 02/16, should be not expired
     but: was &lt;false&gt;</message>
                <stack-trace>java.lang.AssertionError: 
Expected: Credit Card Exp: 02/16, should be not expired
     but: was &lt;false&gt;
	at org.hamcrest.MatcherAssert.assertThat(MatcherAssert.java:20)
	at org.hamcrest.MatcherAssert.assertThat(MatcherAssert.java:8)
	at core.CreditCardValidationTest.exp(CreditCardValidationTest.java:31)
	at sun.reflect.GeneratedMethodAccessor4.invoke(Unknown Source)
	at sun.reflect.DelegatingMethodAccessorImpl.invoke(Unknown Source)
	at java.lang.reflect.Method.invoke(Unknown Source)
	at org.testng.internal.MethodInvocationHelper.invokeMethod(MethodInvocationHelper.java:108)
	at org.testng.internal.Invoker.invokeMethod(Invoker.java:669)
	at org.testng.internal.Invoker.invokeTestMethod(Invoker.java:877)
	at org.testng.internal.Invoker.invokeTestMethods(Invoker.java:1201)
	at org.testng.internal.TestMethodWorker.invokeTestMethods(TestMethodWorker.java:125)
	at org.testng.internal.TestMethodWorker.run(TestMethodWorker.java:109)
	at org.testng.TestRunner.privateRun(TestRunner.java:776)
	at org.testng.TestRunner.run(TestRunner.java:634)
	at org.testng.SuiteRunner.runTest(SuiteRunner.java:425)
	at org.testng.SuiteRunner.runSequentially(SuiteRunner.java:420)
	at org.testng.SuiteRunner.privateRun(SuiteRunner.java:385)
	at org.testng.SuiteRunner.run(SuiteRunner.java:334)
	at org.testng.SuiteRunnerWorker.runSuite(SuiteRunnerWorker.java:52)
	at org.testng.SuiteRunnerWorker.run(SuiteRunnerWorker.java:86)
	at org.testng.TestNG.runSuitesSequentially(TestNG.java:1318)
	at org.testng.TestNG.runSuitesLocally(TestNG.java:1243)
	at org.testng.TestNG.runSuites(TestNG.java:1161)
	at org.testng.TestNG.run(TestNG.java:1129)
	at org.testng.remote.AbstractRemoteTestNG.run(AbstractRemoteTestNG.java:114)
	at org.testng.remote.RemoteTestNG.initAndRun(RemoteTestNG.java:251)
	at org.testng.remote.RemoteTestNG.main(RemoteTestNG.java:77)
</stack-trace>
            </failure>
            <steps/>
            <attachments/>
            <labels>
                <label name="testSuite" value="Default suite"/>
                <label name="testGroup" value="Default test"/>
                <label name="testClass" value="core.CreditCardValidationTest"/>
                <label name="testMethod" value="exp"/>
                <label name="host" value="Latitude"/>
                <label name="thread" value="45860@Latitude.main(1)"/>
            </labels>
        </test-case>
        <test-case start="1510478506220" stop="1510478506223" status="passed">
            <name>exp[MasterCard,5248-6433-5421-6358,11/19,154]</name>
            <steps/>
            <attachments/>
            <labels>
                <label name="testSuite" value="Default suite"/>
                <label name="testGroup" value="Default test"/>
                <label name="testClass" value="core.CreditCardValidationTest"/>
                <label name="testMethod" value="exp"/>
                <label name="host" value="Latitude"/>
                <label name="thread" value="45860@Latitude.main(1)"/>
            </labels>
        </test-case>
        <test-case start="1510478506228" stop="1510478506230" status="passed">
            <name>exp[MasterCard,5169-1962-3193-8640,03/19,123]</name>
            <steps/>
            <attachments/>
            <labels>
                <label name="testSuite" value="Default suite"/>
                <label name="testGroup" value="Default test"/>
                <label name="testClass" value="core.CreditCardValidationTest"/>
                <label name="testMethod" value="exp"/>
                <label name="host" value="Latitude"/>
                <label name="thread" value="45860@Latitude.main(1)"/>
            </labels>
        </test-case>
        <test-case start="1510478506232" stop="1510478506234" status="passed">
            <name>exp[MasterCard,5599-6880-5206-3763,05/19,103]</name>
            <steps/>
            <attachments/>
            <labels>
                <label name="testSuite" value="Default suite"/>
                <label name="testGroup" value="Default test"/>
                <label name="testClass" value="core.CreditCardValidationTest"/>
                <label name="testMethod" value="exp"/>
                <label name="host" value="Latitude"/>
                <label name="thread" value="45860@Latitude.main(1)"/>
            </labels>
        </test-case>
        <test-case start="1510478506236" stop="1510478506238" status="passed">
            <name>exp[MasterCar,5171953247711452,01/21,123]</name>
            <steps/>
            <attachments/>
            <labels>
                <label name="testSuite" value="Default suite"/>
                <label name="testGroup" value="Default test"/>
                <label name="testClass" value="core.CreditCardValidationTest"/>
                <label name="testMethod" value="exp"/>
                <label name="host" value="Latitude"/>
                <label name="thread" value="45860@Latitude.main(1)"/>
            </labels>
        </test-case>
        <test-case start="1510478506240" stop="1510478506242" status="passed">
            <name>exp[MasterCard,5163365359379095,10/20,954]</name>
            <steps/>
            <attachments/>
            <labels>
                <label name="testSuite" value="Default suite"/>
                <label name="testGroup" value="Default test"/>
                <label name="testClass" value="core.CreditCardValidationTest"/>
                <label name="testMethod" value="exp"/>
                <label name="host" value="Latitude"/>
                <label name="thread" value="45860@Latitude.main(1)"/>
            </labels>
        </test-case>
        <test-case start="1510478506244" stop="1510478506246" status="passed">
            <name>exp[MasterCard,5232199338465288,05/19,143]</name>
            <steps/>
            <attachments/>
            <labels>
                <label name="testSuite" value="Default suite"/>
                <label name="testGroup" value="Default test"/>
                <label name="testClass" value="core.CreditCardValidationTest"/>
                <label name="testMethod" value="exp"/>
                <label name="host" value="Latitude"/>
                <label name="thread" value="45860@Latitude.main(1)"/>
            </labels>
        </test-case>
        <test-case start="1510478506248" stop="1510478506250" status="passed">
            <name>exp[MasterCard,5426847049094377,02/18,123]</name>
            <steps/>
            <attachments/>
            <labels>
                <label name="testSuite" value="Default suite"/>
                <label name="testGroup" value="Default test"/>
                <label name="testClass" value="core.CreditCardValidationTest"/>
                <label name="testMethod" value="exp"/>
                <label name="host" value="Latitude"/>
                <label name="thread" value="45860@Latitude.main(1)"/>
            </labels>
        </test-case>
        <test-case start="1510478506253" stop="1510478506255" status="failed">
            <name>exp[MasterCard,516866660165885,04/15,254]</name>
            <failure>
                <message>AssertionError: 
Expected: Credit Card Exp: 04/15, should be not expired
     but: was &lt;false&gt;</message>
                <stack-trace>java.lang.AssertionError: 
Expected: Credit Card Exp: 04/15, should be not expired
     but: was &lt;false&gt;
	at org.hamcrest.MatcherAssert.assertThat(MatcherAssert.java:20)
	at org.hamcrest.MatcherAssert.assertThat(MatcherAssert.java:8)
	at core.CreditCardValidationTest.exp(CreditCardValidationTest.java:31)
	at sun.reflect.GeneratedMethodAccessor4.invoke(Unknown Source)
	at sun.reflect.DelegatingMethodAccessorImpl.invoke(Unknown Source)
	at java.lang.reflect.Method.invoke(Unknown Source)
	at org.testng.internal.MethodInvocationHelper.invokeMethod(MethodInvocationHelper.java:108)
	at org.testng.internal.Invoker.invokeMethod(Invoker.java:669)
	at org.testng.internal.Invoker.invokeTestMethod(Invoker.java:877)
	at org.testng.internal.Invoker.invokeTestMethods(Invoker.java:1201)
	at org.testng.internal.TestMethodWorker.invokeTestMethods(TestMethodWorker.java:125)
	at org.testng.internal.TestMethodWorker.run(TestMethodWorker.java:109)
	at org.testng.TestRunner.privateRun(TestRunner.java:776)
	at org.testng.TestRunner.run(TestRunner.java:634)
	at org.testng.SuiteRunner.runTest(SuiteRunner.java:425)
	at org.testng.SuiteRunner.runSequentially(SuiteRunner.java:420)
	at org.testng.SuiteRunner.privateRun(SuiteRunner.java:385)
	at org.testng.SuiteRunner.run(SuiteRunner.java:334)
	at org.testng.SuiteRunnerWorker.runSuite(SuiteRunnerWorker.java:52)
	at org.testng.SuiteRunnerWorker.run(SuiteRunnerWorker.java:86)
	at org.testng.TestNG.runSuitesSequentially(TestNG.java:1318)
	at org.testng.TestNG.runSuitesLocally(TestNG.java:1243)
	at org.testng.TestNG.runSuites(TestNG.java:1161)
	at org.testng.TestNG.run(TestNG.java:1129)
	at org.testng.remote.AbstractRemoteTestNG.run(AbstractRemoteTestNG.java:114)
	at org.testng.remote.RemoteTestNG.initAndRun(RemoteTestNG.java:251)
	at org.testng.remote.RemoteTestNG.main(RemoteTestNG.java:77)
</stack-trace>
            </failure>
            <steps/>
            <attachments/>
            <labels>
                <label name="testSuite" value="Default suite"/>
                <label name="testGroup" value="Default test"/>
                <label name="testClass" value="core.CreditCardValidationTest"/>
                <label name="testMethod" value="exp"/>
                <label name="host" value="Latitude"/>
                <label name="thread" value="45860@Latitude.main(1)"/>
            </labels>
        </test-case>
        <test-case start="1510478506257" stop="1510478506260" status="failed">
            <name>exp[MasterCard,5278-1875-3826-7559,07/16,258]</name>
            <failure>
                <message>AssertionError: 
Expected: Credit Card Exp: 07/16, should be not expired
     but: was &lt;false&gt;</message>
                <stack-trace>java.lang.AssertionError: 
Expected: Credit Card Exp: 07/16, should be not expired
     but: was &lt;false&gt;
	at org.hamcrest.MatcherAssert.assertThat(MatcherAssert.java:20)
	at org.hamcrest.MatcherAssert.assertThat(MatcherAssert.java:8)
	at core.CreditCardValidationTest.exp(CreditCardValidationTest.java:31)
	at sun.reflect.GeneratedMethodAccessor4.invoke(Unknown Source)
	at sun.reflect.DelegatingMethodAccessorImpl.invoke(Unknown Source)
	at java.lang.reflect.Method.invoke(Unknown Source)
	at org.testng.internal.MethodInvocationHelper.invokeMethod(MethodInvocationHelper.java:108)
	at org.testng.internal.Invoker.invokeMethod(Invoker.java:669)
	at org.testng.internal.Invoker.invokeTestMethod(Invoker.java:877)
	at org.testng.internal.Invoker.invokeTestMethods(Invoker.java:1201)
	at org.testng.internal.TestMethodWorker.invokeTestMethods(TestMethodWorker.java:125)
	at org.testng.internal.TestMethodWorker.run(TestMethodWorker.java:109)
	at org.testng.TestRunner.privateRun(TestRunner.java:776)
	at org.testng.TestRunner.run(TestRunner.java:634)
	at org.testng.SuiteRunner.runTest(SuiteRunner.java:425)
	at org.testng.SuiteRunner.runSequentially(SuiteRunner.java:420)
	at org.testng.SuiteRunner.privateRun(SuiteRunner.java:385)
	at org.testng.SuiteRunner.run(SuiteRunner.java:334)
	at org.testng.SuiteRunnerWorker.runSuite(SuiteRunnerWorker.java:52)
	at org.testng.SuiteRunnerWorker.run(SuiteRunnerWorker.java:86)
	at org.testng.TestNG.runSuitesSequentially(TestNG.java:1318)
	at org.testng.TestNG.runSuitesLocally(TestNG.java:1243)
	at org.testng.TestNG.runSuites(TestNG.java:1161)
	at org.testng.TestNG.run(TestNG.java:1129)
	at org.testng.remote.AbstractRemoteTestNG.run(AbstractRemoteTestNG.java:114)
	at org.testng.remote.RemoteTestNG.initAndRun(RemoteTestNG.java:251)
	at org.testng.remote.RemoteTestNG.main(RemoteTestNG.java:77)
</stack-trace>
            </failure>
            <steps/>
            <attachments/>
            <labels>
                <label name="testSuite" value="Default suite"/>
                <label name="testGroup" value="Default test"/>
                <label name="testClass" value="core.CreditCardValidationTest"/>
                <label name="testMethod" value="exp"/>
                <label name="host" value="Latitude"/>
                <label name="thread" value="45860@Latitude.main(1)"/>
            </labels>
        </test-case>
        <test-case start="1510478506262" stop="1510478506264" status="passed">
            <name>exp[MasterCard,5334919452640144,09/21,159]</name>
            <steps/>
            <attachments/>
            <labels>
                <label name="testSuite" value="Default suite"/>
                <label name="testGroup" value="Default test"/>
                <label name="testClass" value="core.CreditCardValidationTest"/>
                <label name="testMethod" value="exp"/>
                <label name="host" value="Latitude"/>
                <label name="thread" value="45860@Latitude.main(1)"/>
            </labels>
        </test-case>
        <test-case start="1510478506267" stop="1510478506269" status="failed">
            <name>exp[VIS,4929559308222,03/15,123]</name>
            <failure>
                <message>AssertionError: 
Expected: Credit Card Exp: 03/15, should be not expired
     but: was &lt;false&gt;</message>
                <stack-trace>java.lang.AssertionError: 
Expected: Credit Card Exp: 03/15, should be not expired
     but: was &lt;false&gt;
	at org.hamcrest.MatcherAssert.assertThat(MatcherAssert.java:20)
	at org.hamcrest.MatcherAssert.assertThat(MatcherAssert.java:8)
	at core.CreditCardValidationTest.exp(CreditCardValidationTest.java:31)
	at sun.reflect.GeneratedMethodAccessor4.invoke(Unknown Source)
	at sun.reflect.DelegatingMethodAccessorImpl.invoke(Unknown Source)
	at java.lang.reflect.Method.invoke(Unknown Source)
	at org.testng.internal.MethodInvocationHelper.invokeMethod(MethodInvocationHelper.java:108)
	at org.testng.internal.Invoker.invokeMethod(Invoker.java:669)
	at org.testng.internal.Invoker.invokeTestMethod(Invoker.java:877)
	at org.testng.internal.Invoker.invokeTestMethods(Invoker.java:1201)
	at org.testng.internal.TestMethodWorker.invokeTestMethods(TestMethodWorker.java:125)
	at org.testng.internal.TestMethodWorker.run(TestMethodWorker.java:109)
	at org.testng.TestRunner.privateRun(TestRunner.java:776)
	at org.testng.TestRunner.run(TestRunner.java:634)
	at org.testng.SuiteRunner.runTest(SuiteRunner.java:425)
	at org.testng.SuiteRunner.runSequentially(SuiteRunner.java:420)
	at org.testng.SuiteRunner.privateRun(SuiteRunner.java:385)
	at org.testng.SuiteRunner.run(SuiteRunner.java:334)
	at org.testng.SuiteRunnerWorker.runSuite(SuiteRunnerWorker.java:52)
	at org.testng.SuiteRunnerWorker.run(SuiteRunnerWorker.java:86)
	at org.testng.TestNG.runSuitesSequentially(TestNG.java:1318)
	at org.testng.TestNG.runSuitesLocally(TestNG.java:1243)
	at org.testng.TestNG.runSuites(TestNG.java:1161)
	at org.testng.TestNG.run(TestNG.java:1129)
	at org.testng.remote.AbstractRemoteTestNG.run(AbstractRemoteTestNG.java:114)
	at org.testng.remote.RemoteTestNG.initAndRun(RemoteTestNG.java:251)
	at org.testng.remote.RemoteTestNG.main(RemoteTestNG.java:77)
</stack-trace>
            </failure>
            <steps/>
            <attachments/>
            <labels>
                <label name="testSuite" value="Default suite"/>
                <label name="testGroup" value="Default test"/>
                <label name="testClass" value="core.CreditCardValidationTest"/>
                <label name="testMethod" value="exp"/>
                <label name="host" value="Latitude"/>
                <label name="thread" value="45860@Latitude.main(1)"/>
            </labels>
        </test-case>
        <test-case start="1510478506271" stop="1510478506273" status="failed">
            <name>exp[VISA,4556134786083,03/14,123]</name>
            <failure>
                <message>AssertionError: 
Expected: Credit Card Exp: 03/14, should be not expired
     but: was &lt;false&gt;</message>
                <stack-trace>java.lang.AssertionError: 
Expected: Credit Card Exp: 03/14, should be not expired
     but: was &lt;false&gt;
	at org.hamcrest.MatcherAssert.assertThat(MatcherAssert.java:20)
	at org.hamcrest.MatcherAssert.assertThat(MatcherAssert.java:8)
	at core.CreditCardValidationTest.exp(CreditCardValidationTest.java:31)
	at sun.reflect.GeneratedMethodAccessor4.invoke(Unknown Source)
	at sun.reflect.DelegatingMethodAccessorImpl.invoke(Unknown Source)
	at java.lang.reflect.Method.invoke(Unknown Source)
	at org.testng.internal.MethodInvocationHelper.invokeMethod(MethodInvocationHelper.java:108)
	at org.testng.internal.Invoker.invokeMethod(Invoker.java:669)
	at org.testng.internal.Invoker.invokeTestMethod(Invoker.java:877)
	at org.testng.internal.Invoker.invokeTestMethods(Invoker.java:1201)
	at org.testng.internal.TestMethodWorker.invokeTestMethods(TestMethodWorker.java:125)
	at org.testng.internal.TestMethodWorker.run(TestMethodWorker.java:109)
	at org.testng.TestRunner.privateRun(TestRunner.java:776)
	at org.testng.TestRunner.run(TestRunner.java:634)
	at org.testng.SuiteRunner.runTest(SuiteRunner.java:425)
	at org.testng.SuiteRunner.runSequentially(SuiteRunner.java:420)
	at org.testng.SuiteRunner.privateRun(SuiteRunner.java:385)
	at org.testng.SuiteRunner.run(SuiteRunner.java:334)
	at org.testng.SuiteRunnerWorker.runSuite(SuiteRunnerWorker.java:52)
	at org.testng.SuiteRunnerWorker.run(SuiteRunnerWorker.java:86)
	at org.testng.TestNG.runSuitesSequentially(TestNG.java:1318)
	at org.testng.TestNG.runSuitesLocally(TestNG.java:1243)
	at org.testng.TestNG.runSuites(TestNG.java:1161)
	at org.testng.TestNG.run(TestNG.java:1129)
	at org.testng.remote.AbstractRemoteTestNG.run(AbstractRemoteTestNG.java:114)
	at org.testng.remote.RemoteTestNG.initAndRun(RemoteTestNG.java:251)
	at org.testng.remote.RemoteTestNG.main(RemoteTestNG.java:77)
</stack-trace>
            </failure>
            <steps/>
            <attachments/>
            <labels>
                <label name="testSuite" value="Default suite"/>
                <label name="testGroup" value="Default test"/>
                <label name="testClass" value="core.CreditCardValidationTest"/>
                <label name="testMethod" value="exp"/>
                <label name="host" value="Latitude"/>
                <label name="thread" value="45860@Latitude.main(1)"/>
            </labels>
        </test-case>
        <test-case start="1510478506275" stop="1510478506277" status="passed">
            <name>exp[VISA,491680232637,03/19,123]</name>
            <steps/>
            <attachments/>
            <labels>
                <label name="testSuite" value="Default suite"/>
                <label name="testGroup" value="Default test"/>
                <label name="testClass" value="core.CreditCardValidationTest"/>
                <label name="testMethod" value="exp"/>
                <label name="host" value="Latitude"/>
                <label name="thread" value="45860@Latitude.main(1)"/>
            </labels>
        </test-case>
        <test-case start="1510478506279" stop="1510478506281" status="passed">
            <name>exp[VISA,4916212843398,03/19,123]</name>
            <steps/>
            <attachments/>
            <labels>
                <label name="testSuite" value="Default suite"/>
                <label name="testGroup" value="Default test"/>
                <label name="testClass" value="core.CreditCardValidationTest"/>
                <label name="testMethod" value="exp"/>
                <label name="host" value="Latitude"/>
                <label name="thread" value="45860@Latitude.main(1)"/>
            </labels>
        </test-case>
        <test-case start="1510478506283" stop="1510478506286" status="failed">
            <name>exp[VISA,4716307252509,03/16,123]</name>
            <failure>
                <message>AssertionError: 
Expected: Credit Card Exp: 03/16, should be not expired
     but: was &lt;false&gt;</message>
                <stack-trace>java.lang.AssertionError: 
Expected: Credit Card Exp: 03/16, should be not expired
     but: was &lt;false&gt;
	at org.hamcrest.MatcherAssert.assertThat(MatcherAssert.java:20)
	at org.hamcrest.MatcherAssert.assertThat(MatcherAssert.java:8)
	at core.CreditCardValidationTest.exp(CreditCardValidationTest.java:31)
	at sun.reflect.GeneratedMethodAccessor4.invoke(Unknown Source)
	at sun.reflect.DelegatingMethodAccessorImpl.invoke(Unknown Source)
	at java.lang.reflect.Method.invoke(Unknown Source)
	at org.testng.internal.MethodInvocationHelper.invokeMethod(MethodInvocationHelper.java:108)
	at org.testng.internal.Invoker.invokeMethod(Invoker.java:669)
	at org.testng.internal.Invoker.invokeTestMethod(Invoker.java:877)
	at org.testng.internal.Invoker.invokeTestMethods(Invoker.java:1201)
	at org.testng.internal.TestMethodWorker.invokeTestMethods(TestMethodWorker.java:125)
	at org.testng.internal.TestMethodWorker.run(TestMethodWorker.java:109)
	at org.testng.TestRunner.privateRun(TestRunner.java:776)
	at org.testng.TestRunner.run(TestRunner.java:634)
	at org.testng.SuiteRunner.runTest(SuiteRunner.java:425)
	at org.testng.SuiteRunner.runSequentially(SuiteRunner.java:420)
	at org.testng.SuiteRunner.privateRun(SuiteRunner.java:385)
	at org.testng.SuiteRunner.run(SuiteRunner.java:334)
	at org.testng.SuiteRunnerWorker.runSuite(SuiteRunnerWorker.java:52)
	at org.testng.SuiteRunnerWorker.run(SuiteRunnerWorker.java:86)
	at org.testng.TestNG.runSuitesSequentially(TestNG.java:1318)
	at org.testng.TestNG.runSuitesLocally(TestNG.java:1243)
	at org.testng.TestNG.runSuites(TestNG.java:1161)
	at org.testng.TestNG.run(TestNG.java:1129)
	at org.testng.remote.AbstractRemoteTestNG.run(AbstractRemoteTestNG.java:114)
	at org.testng.remote.RemoteTestNG.initAndRun(RemoteTestNG.java:251)
	at org.testng.remote.RemoteTestNG.main(RemoteTestNG.java:77)
</stack-trace>
            </failure>
            <steps/>
            <attachments/>
            <labels>
                <label name="testSuite" value="Default suite"/>
                <label name="testGroup" value="Default test"/>
                <label name="testClass" value="core.CreditCardValidationTest"/>
                <label name="testMethod" value="exp"/>
                <label name="host" value="Latitude"/>
                <label name="thread" value="45860@Latitude.main(1)"/>
            </labels>
        </test-case>
        <test-case start="1510478506288" stop="1510478506293" status="passed">
            <name>exp[VISA,4701089159924,03/19,123]</name>
            <steps/>
            <attachments/>
            <labels>
                <label name="testSuite" value="Default suite"/>
                <label name="testGroup" value="Default test"/>
                <label name="testClass" value="core.CreditCardValidationTest"/>
                <label name="testMethod" value="exp"/>
                <label name="host" value="Latitude"/>
                <label name="thread" value="45860@Latitude.main(1)"/>
            </labels>
        </test-case>
        <test-case start="1510478506295" stop="1510478506297" status="passed">
            <name>exp[VISA,4916665640853,03/19,123]</name>
            <steps/>
            <attachments/>
            <labels>
                <label name="testSuite" value="Default suite"/>
                <label name="testGroup" value="Default test"/>
                <label name="testClass" value="core.CreditCardValidationTest"/>
                <label name="testMethod" value="exp"/>
                <label name="host" value="Latitude"/>
                <label name="thread" value="45860@Latitude.main(1)"/>
            </labels>
        </test-case>
        <test-case start="1510478506308" stop="1510478506309" status="passed">
            <name>exp[VISA,4617174213790,03/19,123]</name>
            <steps/>
            <attachments/>
            <labels>
                <label name="testSuite" value="Default suite"/>
                <label name="testGroup" value="Default test"/>
                <label name="testClass" value="core.CreditCardValidationTest"/>
                <label name="testMethod" value="exp"/>
                <label name="host" value="Latitude"/>
                <label name="thread" value="45860@Latitude.main(1)"/>
            </labels>
        </test-case>
        <test-case start="1510478506312" stop="1510478506313" status="passed">
            <name>exp[VISA,4716982643485,03/19,123]</name>
            <steps/>
            <attachments/>
            <labels>
                <label name="testSuite" value="Default suite"/>
                <label name="testGroup" value="Default test"/>
                <label name="testClass" value="core.CreditCardValidationTest"/>
                <label name="testMethod" value="exp"/>
                <label name="host" value="Latitude"/>
                <label name="thread" value="45860@Latitude.main(1)"/>
            </labels>
        </test-case>
        <test-case start="1510478506317" stop="1510478506319" status="passed">
            <name>luhn[VISA,4532-5471-0699-4816,03/15,123]</name>
            <steps/>
            <attachments/>
            <labels>
                <label name="testSuite" value="Default suite"/>
                <label name="testGroup" value="Default test"/>
                <label name="testClass" value="core.CreditCardValidationTest"/>
                <label name="testMethod" value="luhn"/>
                <label name="host" value="Latitude"/>
                <label name="thread" value="45860@Latitude.main(1)"/>
            </labels>
        </test-case>
        <test-case start="1510478506321" stop="1510478506322" status="passed">
            <name>luhn[MasterCard,5128946914605621,09/19,123]</name>
            <steps/>
            <attachments/>
            <labels>
                <label name="testSuite" value="Default suite"/>
                <label name="testGroup" value="Default test"/>
                <label name="testClass" value="core.CreditCardValidationTest"/>
                <label name="testMethod" value="luhn"/>
                <label name="host" value="Latitude"/>
                <label name="thread" value="45860@Latitude.main(1)"/>
            </labels>
        </test-case>
        <test-case start="1510478506325" stop="1510478506326" status="passed">
            <name>luhn[American Express,344259201906721,03/22,1234]</name>
            <steps/>
            <attachments/>
            <labels>
                <label name="testSuite" value="Default suite"/>
                <label name="testGroup" value="Default test"/>
                <label name="testClass" value="core.CreditCardValidationTest"/>
                <label name="testMethod" value="luhn"/>
                <label name="host" value="Latitude"/>
                <label name="thread" value="45860@Latitude.main(1)"/>
            </labels>
        </test-case>
        <test-case start="1510478506328" stop="1510478506329" status="passed">
            <name>luhn[American Express,371792656868232,03/16,1234]</name>
            <steps/>
            <attachments/>
            <labels>
                <label name="testSuite" value="Default suite"/>
                <label name="testGroup" value="Default test"/>
                <label name="testClass" value="core.CreditCardValidationTest"/>
                <label name="testMethod" value="luhn"/>
                <label name="host" value="Latitude"/>
                <label name="thread" value="45860@Latitude.main(1)"/>
            </labels>
        </test-case>
        <test-case start="1510478506332" stop="1510478506361" status="passed">
            <name>luhn[American Express,343515603411680,03/15,1234]</name>
            <steps/>
            <attachments/>
            <labels>
                <label name="testSuite" value="Default suite"/>
                <label name="testGroup" value="Default test"/>
                <label name="testClass" value="core.CreditCardValidationTest"/>
                <label name="testMethod" value="luhn"/>
                <label name="host" value="Latitude"/>
                <label name="thread" value="45860@Latitude.main(1)"/>
            </labels>
        </test-case>
        <test-case start="1510478506364" stop="1510478506380" status="failed">
            <name>luhn[American Express,37261536518254,03/21,1234]</name>
            <failure>
                <message>AssertionError: 
Expected: Luhn of: 37261536518254, should be valid
     but: was &lt;false&gt;</message>
                <stack-trace>java.lang.AssertionError: 
Expected: Luhn of: 37261536518254, should be valid
     but: was &lt;false&gt;
	at org.hamcrest.MatcherAssert.assertThat(MatcherAssert.java:20)
	at org.hamcrest.MatcherAssert.assertThat(MatcherAssert.java:8)
	at core.CreditCardValidationTest.luhn(CreditCardValidationTest.java:41)
	at sun.reflect.NativeMethodAccessorImpl.invoke0(Native Method)
	at sun.reflect.NativeMethodAccessorImpl.invoke(Unknown Source)
	at sun.reflect.DelegatingMethodAccessorImpl.invoke(Unknown Source)
	at java.lang.reflect.Method.invoke(Unknown Source)
	at org.testng.internal.MethodInvocationHelper.invokeMethod(MethodInvocationHelper.java:108)
	at org.testng.internal.Invoker.invokeMethod(Invoker.java:669)
	at org.testng.internal.Invoker.invokeTestMethod(Invoker.java:877)
	at org.testng.internal.Invoker.invokeTestMethods(Invoker.java:1201)
	at org.testng.internal.TestMethodWorker.invokeTestMethods(TestMethodWorker.java:125)
	at org.testng.internal.TestMethodWorker.run(TestMethodWorker.java:109)
	at org.testng.TestRunner.privateRun(TestRunner.java:776)
	at org.testng.TestRunner.run(TestRunner.java:634)
	at org.testng.SuiteRunner.runTest(SuiteRunner.java:425)
	at org.testng.SuiteRunner.runSequentially(SuiteRunner.java:420)
	at org.testng.SuiteRunner.privateRun(SuiteRunner.java:385)
	at org.testng.SuiteRunner.run(SuiteRunner.java:334)
	at org.testng.SuiteRunnerWorker.runSuite(SuiteRunnerWorker.java:52)
	at org.testng.SuiteRunnerWorker.run(SuiteRunnerWorker.java:86)
	at org.testng.TestNG.runSuitesSequentially(TestNG.java:1318)
	at org.testng.TestNG.runSuitesLocally(TestNG.java:1243)
	at org.testng.TestNG.runSuites(TestNG.java:1161)
	at org.testng.TestNG.run(TestNG.java:1129)
	at org.testng.remote.AbstractRemoteTestNG.run(AbstractRemoteTestNG.java:114)
	at org.testng.remote.RemoteTestNG.initAndRun(RemoteTestNG.java:251)
	at org.testng.remote.RemoteTestNG.main(RemoteTestNG.java:77)
</stack-trace>
            </failure>
            <steps/>
            <attachments/>
            <labels>
                <label name="testSuite" value="Default suite"/>
                <label name="testGroup" value="Default test"/>
                <label name="testClass" value="core.CreditCardValidationTest"/>
                <label name="testMethod" value="luhn"/>
                <label name="host" value="Latitude"/>
                <label name="thread" value="45860@Latitude.main(1)"/>
            </labels>
        </test-case>
        <test-case start="1510478506949" stop="1510478506950" status="passed">
            <name>luhn[American Express,343135671066264,03/21,1234]</name>
            <steps/>
            <attachments/>
            <labels>
                <label name="testSuite" value="Default suite"/>
                <label name="testGroup" value="Default test"/>
                <label name="testClass" value="core.CreditCardValidationTest"/>
                <label name="testMethod" value="luhn"/>
                <label name="host" value="Latitude"/>
                <label name="thread" value="45860@Latitude.main(1)"/>
            </labels>
        </test-case>
        <test-case start="1510478506973" stop="1510478506976" status="failed">
            <name>luhn[American Express,3561598966880,03/21,1234]</name>
            <failure>
                <message>AssertionError: 
Expected: Luhn of: 3561598966880, should be valid
     but: was &lt;false&gt;</message>
                <stack-trace>java.lang.AssertionError: 
Expected: Luhn of: 3561598966880, should be valid
     but: was &lt;false&gt;
	at org.hamcrest.MatcherAssert.assertThat(MatcherAssert.java:20)
	at org.hamcrest.MatcherAssert.assertThat(MatcherAssert.java:8)
	at core.CreditCardValidationTest.luhn(CreditCardValidationTest.java:41)
	at sun.reflect.NativeMethodAccessorImpl.invoke0(Native Method)
	at sun.reflect.NativeMethodAccessorImpl.invoke(Unknown Source)
	at sun.reflect.DelegatingMethodAccessorImpl.invoke(Unknown Source)
	at java.lang.reflect.Method.invoke(Unknown Source)
	at org.testng.internal.MethodInvocationHelper.invokeMethod(MethodInvocationHelper.java:108)
	at org.testng.internal.Invoker.invokeMethod(Invoker.java:669)
	at org.testng.internal.Invoker.invokeTestMethod(Invoker.java:877)
	at org.testng.internal.Invoker.invokeTestMethods(Invoker.java:1201)
	at org.testng.internal.TestMethodWorker.invokeTestMethods(TestMethodWorker.java:125)
	at org.testng.internal.TestMethodWorker.run(TestMethodWorker.java:109)
	at org.testng.TestRunner.privateRun(TestRunner.java:776)
	at org.testng.TestRunner.run(TestRunner.java:634)
	at org.testng.SuiteRunner.runTest(SuiteRunner.java:425)
	at org.testng.SuiteRunner.runSequentially(SuiteRunner.java:420)
	at org.testng.SuiteRunner.privateRun(SuiteRunner.java:385)
	at org.testng.SuiteRunner.run(SuiteRunner.java:334)
	at org.testng.SuiteRunnerWorker.runSuite(SuiteRunnerWorker.java:52)
	at org.testng.SuiteRunnerWorker.run(SuiteRunnerWorker.java:86)
	at org.testng.TestNG.runSuitesSequentially(TestNG.java:1318)
	at org.testng.TestNG.runSuitesLocally(TestNG.java:1243)
	at org.testng.TestNG.runSuites(TestNG.java:1161)
	at org.testng.TestNG.run(TestNG.java:1129)
	at org.testng.remote.AbstractRemoteTestNG.run(AbstractRemoteTestNG.java:114)
	at org.testng.remote.RemoteTestNG.initAndRun(RemoteTestNG.java:251)
	at org.testng.remote.RemoteTestNG.main(RemoteTestNG.java:77)
</stack-trace>
            </failure>
            <steps/>
            <attachments/>
            <labels>
                <label name="testSuite" value="Default suite"/>
                <label name="testGroup" value="Default test"/>
                <label name="testClass" value="core.CreditCardValidationTest"/>
                <label name="testMethod" value="luhn"/>
                <label name="host" value="Latitude"/>
                <label name="thread" value="45860@Latitude.main(1)"/>
            </labels>
        </test-case>
        <test-case start="1510478506978" stop="1510478506979" status="passed">
            <name>luhn[American Expres,341632186805618,03/21,1234]</name>
            <steps/>
            <attachments/>
            <labels>
                <label name="testSuite" value="Default suite"/>
                <label name="testGroup" value="Default test"/>
                <label name="testClass" value="core.CreditCardValidationTest"/>
                <label name="testMethod" value="luhn"/>
                <label name="host" value="Latitude"/>
                <label name="thread" value="45860@Latitude.main(1)"/>
            </labels>
        </test-case>
        <test-case start="1510478506981" stop="1510478506983" status="passed">
            <name>luhn[VISA,4532-5471-0699-4816,03/21,174]</name>
            <steps/>
            <attachments/>
            <labels>
                <label name="testSuite" value="Default suite"/>
                <label name="testGroup" value="Default test"/>
                <label name="testClass" value="core.CreditCardValidationTest"/>
                <label name="testMethod" value="luhn"/>
                <label name="host" value="Latitude"/>
                <label name="thread" value="45860@Latitude.main(1)"/>
            </labels>
        </test-case>
        <test-case start="1510478506993" stop="1510478506995" status="passed">
            <name>luhn[Discover,6011-0197-1148-6286,02/18,154]</name>
            <steps/>
            <attachments/>
            <labels>
                <label name="testSuite" value="Default suite"/>
                <label name="testGroup" value="Default test"/>
                <label name="testClass" value="core.CreditCardValidationTest"/>
                <label name="testMethod" value="luhn"/>
                <label name="host" value="Latitude"/>
                <label name="thread" value="45860@Latitude.main(1)"/>
            </labels>
        </test-case>
        <test-case start="1510478507005" stop="1510478507006" status="passed">
            <name>luhn[Discover,6495-5046-4029-1126,02/18,357]</name>
            <steps/>
            <attachments/>
            <labels>
                <label name="testSuite" value="Default suite"/>
                <label name="testGroup" value="Default test"/>
                <label name="testClass" value="core.CreditCardValidationTest"/>
                <label name="testMethod" value="luhn"/>
                <label name="host" value="Latitude"/>
                <label name="thread" value="45860@Latitude.main(1)"/>
            </labels>
        </test-case>
        <test-case start="1510478507010" stop="1510478507012" status="passed">
            <name>luhn[Discover,6229256965254832,02/18,354]</name>
            <steps/>
            <attachments/>
            <labels>
                <label name="testSuite" value="Default suite"/>
                <label name="testGroup" value="Default test"/>
                <label name="testClass" value="core.CreditCardValidationTest"/>
                <label name="testMethod" value="luhn"/>
                <label name="host" value="Latitude"/>
                <label name="thread" value="45860@Latitude.main(1)"/>
            </labels>
        </test-case>
        <test-case start="1510478507016" stop="1510478507018" status="passed">
            <name>luhn[Discover,6011077105446506,02/18,354]</name>
            <steps/>
            <attachments/>
            <labels>
                <label name="testSuite" value="Default suite"/>
                <label name="testGroup" value="Default test"/>
                <label name="testClass" value="core.CreditCardValidationTest"/>
                <label name="testMethod" value="luhn"/>
                <label name="host" value="Latitude"/>
                <label name="thread" value="45860@Latitude.main(1)"/>
            </labels>
        </test-case>
        <test-case start="1510478507022" stop="1510478507023" status="passed">
            <name>luhn[Discover,6011192042419415,02/18,354]</name>
            <steps/>
            <attachments/>
            <labels>
                <label name="testSuite" value="Default suite"/>
                <label name="testGroup" value="Default test"/>
                <label name="testClass" value="core.CreditCardValidationTest"/>
                <label name="testMethod" value="luhn"/>
                <label name="host" value="Latitude"/>
                <label name="thread" value="45860@Latitude.main(1)"/>
            </labels>
        </test-case>
        <test-case start="1510478507025" stop="1510478507028" status="passed">
            <name>luhn[Discov,6011724928833820,02/18,354]</name>
            <steps/>
            <attachments/>
            <labels>
                <label name="testSuite" value="Default suite"/>
                <label name="testGroup" value="Default test"/>
                <label name="testClass" value="core.CreditCardValidationTest"/>
                <label name="testMethod" value="luhn"/>
                <label name="host" value="Latitude"/>
                <label name="thread" value="45860@Latitude.main(1)"/>
            </labels>
        </test-case>
        <test-case start="1510478507030" stop="1510478507040" status="failed">
            <name>luhn[Discover,601156785254340,02/18,354]</name>
            <failure>
                <message>AssertionError: 
Expected: Luhn of: 601156785254340, should be valid
     but: was &lt;false&gt;</message>
                <stack-trace>java.lang.AssertionError: 
Expected: Luhn of: 601156785254340, should be valid
     but: was &lt;false&gt;
	at org.hamcrest.MatcherAssert.assertThat(MatcherAssert.java:20)
	at org.hamcrest.MatcherAssert.assertThat(MatcherAssert.java:8)
	at core.CreditCardValidationTest.luhn(CreditCardValidationTest.java:41)
	at sun.reflect.GeneratedMethodAccessor5.invoke(Unknown Source)
	at sun.reflect.DelegatingMethodAccessorImpl.invoke(Unknown Source)
	at java.lang.reflect.Method.invoke(Unknown Source)
	at org.testng.internal.MethodInvocationHelper.invokeMethod(MethodInvocationHelper.java:108)
	at org.testng.internal.Invoker.invokeMethod(Invoker.java:669)
	at org.testng.internal.Invoker.invokeTestMethod(Invoker.java:877)
	at org.testng.internal.Invoker.invokeTestMethods(Invoker.java:1201)
	at org.testng.internal.TestMethodWorker.invokeTestMethods(TestMethodWorker.java:125)
	at org.testng.internal.TestMethodWorker.run(TestMethodWorker.java:109)
	at org.testng.TestRunner.privateRun(TestRunner.java:776)
	at org.testng.TestRunner.run(TestRunner.java:634)
	at org.testng.SuiteRunner.runTest(SuiteRunner.java:425)
	at org.testng.SuiteRunner.runSequentially(SuiteRunner.java:420)
	at org.testng.SuiteRunner.privateRun(SuiteRunner.java:385)
	at org.testng.SuiteRunner.run(SuiteRunner.java:334)
	at org.testng.SuiteRunnerWorker.runSuite(SuiteRunnerWorker.java:52)
	at org.testng.SuiteRunnerWorker.run(SuiteRunnerWorker.java:86)
	at org.testng.TestNG.runSuitesSequentially(TestNG.java:1318)
	at org.testng.TestNG.runSuitesLocally(TestNG.java:1243)
	at org.testng.TestNG.runSuites(TestNG.java:1161)
	at org.testng.TestNG.run(TestNG.java:1129)
	at org.testng.remote.AbstractRemoteTestNG.run(AbstractRemoteTestNG.java:114)
	at org.testng.remote.RemoteTestNG.initAndRun(RemoteTestNG.java:251)
	at org.testng.remote.RemoteTestNG.main(RemoteTestNG.java:77)
</stack-trace>
            </failure>
            <steps/>
            <attachments/>
            <labels>
                <label name="testSuite" value="Default suite"/>
                <label name="testGroup" value="Default test"/>
                <label name="testClass" value="core.CreditCardValidationTest"/>
                <label name="testMethod" value="luhn"/>
                <label name="host" value="Latitude"/>
                <label name="thread" value="45860@Latitude.main(1)"/>
            </labels>
        </test-case>
        <test-case start="1510478507042" stop="1510478507043" status="passed">
            <name>luhn[Discover,6581185726028247,02/16,145]</name>
            <steps/>
            <attachments/>
            <labels>
                <label name="testSuite" value="Default suite"/>
                <label name="testGroup" value="Default test"/>
                <label name="testClass" value="core.CreditCardValidationTest"/>
                <label name="testMethod" value="luhn"/>
                <label name="host" value="Latitude"/>
                <label name="thread" value="45860@Latitude.main(1)"/>
            </labels>
        </test-case>
        <test-case start="1510478507051" stop="1510478507054" status="passed">
            <name>luhn[MasterCard,5248-6433-5421-6358,11/19,154]</name>
            <steps/>
            <attachments/>
            <labels>
                <label name="testSuite" value="Default suite"/>
                <label name="testGroup" value="Default test"/>
                <label name="testClass" value="core.CreditCardValidationTest"/>
                <label name="testMethod" value="luhn"/>
                <label name="host" value="Latitude"/>
                <label name="thread" value="45860@Latitude.main(1)"/>
            </labels>
        </test-case>
        <test-case start="1510478507059" stop="1510478507061" status="passed">
            <name>luhn[MasterCard,5169-1962-3193-8640,03/19,123]</name>
            <steps/>
            <attachments/>
            <labels>
                <label name="testSuite" value="Default suite"/>
                <label name="testGroup" value="Default test"/>
                <label name="testClass" value="core.CreditCardValidationTest"/>
                <label name="testMethod" value="luhn"/>
                <label name="host" value="Latitude"/>
                <label name="thread" value="45860@Latitude.main(1)"/>
            </labels>
        </test-case>
        <test-case start="1510478507066" stop="1510478507068" status="passed">
            <name>luhn[MasterCard,5599-6880-5206-3763,05/19,103]</name>
            <steps/>
            <attachments/>
            <labels>
                <label name="testSuite" value="Default suite"/>
                <label name="testGroup" value="Default test"/>
                <label name="testClass" value="core.CreditCardValidationTest"/>
                <label name="testMethod" value="luhn"/>
                <label name="host" value="Latitude"/>
                <label name="thread" value="45860@Latitude.main(1)"/>
            </labels>
        </test-case>
        <test-case start="1510478507073" stop="1510478507075" status="passed">
            <name>luhn[MasterCar,5171953247711452,01/21,123]</name>
            <steps/>
            <attachments/>
            <labels>
                <label name="testSuite" value="Default suite"/>
                <label name="testGroup" value="Default test"/>
                <label name="testClass" value="core.CreditCardValidationTest"/>
                <label name="testMethod" value="luhn"/>
                <label name="host" value="Latitude"/>
                <label name="thread" value="45860@Latitude.main(1)"/>
            </labels>
        </test-case>
        <test-case start="1510478507091" stop="1510478507093" status="passed">
            <name>luhn[MasterCard,5163365359379095,10/20,954]</name>
            <steps/>
            <attachments/>
            <labels>
                <label name="testSuite" value="Default suite"/>
                <label name="testGroup" value="Default test"/>
                <label name="testClass" value="core.CreditCardValidationTest"/>
                <label name="testMethod" value="luhn"/>
                <label name="host" value="Latitude"/>
                <label name="thread" value="45860@Latitude.main(1)"/>
            </labels>
        </test-case>
        <test-case start="1510478507095" stop="1510478507097" status="passed">
            <name>luhn[MasterCard,5232199338465288,05/19,143]</name>
            <steps/>
            <attachments/>
            <labels>
                <label name="testSuite" value="Default suite"/>
                <label name="testGroup" value="Default test"/>
                <label name="testClass" value="core.CreditCardValidationTest"/>
                <label name="testMethod" value="luhn"/>
                <label name="host" value="Latitude"/>
                <label name="thread" value="45860@Latitude.main(1)"/>
            </labels>
        </test-case>
        <test-case start="1510478507100" stop="1510478507101" status="passed">
            <name>luhn[MasterCard,5426847049094377,02/18,123]</name>
            <steps/>
            <attachments/>
            <labels>
                <label name="testSuite" value="Default suite"/>
                <label name="testGroup" value="Default test"/>
                <label name="testClass" value="core.CreditCardValidationTest"/>
                <label name="testMethod" value="luhn"/>
                <label name="host" value="Latitude"/>
                <label name="thread" value="45860@Latitude.main(1)"/>
            </labels>
        </test-case>
        <test-case start="1510478507104" stop="1510478507106" status="failed">
            <name>luhn[MasterCard,516866660165885,04/15,254]</name>
            <failure>
                <message>AssertionError: 
Expected: Luhn of: 516866660165885, should be valid
     but: was &lt;false&gt;</message>
                <stack-trace>java.lang.AssertionError: 
Expected: Luhn of: 516866660165885, should be valid
     but: was &lt;false&gt;
	at org.hamcrest.MatcherAssert.assertThat(MatcherAssert.java:20)
	at org.hamcrest.MatcherAssert.assertThat(MatcherAssert.java:8)
	at core.CreditCardValidationTest.luhn(CreditCardValidationTest.java:41)
	at sun.reflect.GeneratedMethodAccessor5.invoke(Unknown Source)
	at sun.reflect.DelegatingMethodAccessorImpl.invoke(Unknown Source)
	at java.lang.reflect.Method.invoke(Unknown Source)
	at org.testng.internal.MethodInvocationHelper.invokeMethod(MethodInvocationHelper.java:108)
	at org.testng.internal.Invoker.invokeMethod(Invoker.java:669)
	at org.testng.internal.Invoker.invokeTestMethod(Invoker.java:877)
	at org.testng.internal.Invoker.invokeTestMethods(Invoker.java:1201)
	at org.testng.internal.TestMethodWorker.invokeTestMethods(TestMethodWorker.java:125)
	at org.testng.internal.TestMethodWorker.run(TestMethodWorker.java:109)
	at org.testng.TestRunner.privateRun(TestRunner.java:776)
	at org.testng.TestRunner.run(TestRunner.java:634)
	at org.testng.SuiteRunner.runTest(SuiteRunner.java:425)
	at org.testng.SuiteRunner.runSequentially(SuiteRunner.java:420)
	at org.testng.SuiteRunner.privateRun(SuiteRunner.java:385)
	at org.testng.SuiteRunner.run(SuiteRunner.java:334)
	at org.testng.SuiteRunnerWorker.runSuite(SuiteRunnerWorker.java:52)
	at org.testng.SuiteRunnerWorker.run(SuiteRunnerWorker.java:86)
	at org.testng.TestNG.runSuitesSequentially(TestNG.java:1318)
	at org.testng.TestNG.runSuitesLocally(TestNG.java:1243)
	at org.testng.TestNG.runSuites(TestNG.java:1161)
	at org.testng.TestNG.run(TestNG.java:1129)
	at org.testng.remote.AbstractRemoteTestNG.run(AbstractRemoteTestNG.java:114)
	at org.testng.remote.RemoteTestNG.initAndRun(RemoteTestNG.java:251)
	at org.testng.remote.RemoteTestNG.main(RemoteTestNG.java:77)
</stack-trace>
            </failure>
            <steps/>
            <attachments/>
            <labels>
                <label name="testSuite" value="Default suite"/>
                <label name="testGroup" value="Default test"/>
                <label name="testClass" value="core.CreditCardValidationTest"/>
                <label name="testMethod" value="luhn"/>
                <label name="host" value="Latitude"/>
                <label name="thread" value="45860@Latitude.main(1)"/>
            </labels>
        </test-case>
        <test-case start="1510478507109" stop="1510478507111" status="passed">
            <name>luhn[MasterCard,5278-1875-3826-7559,07/16,258]</name>
            <steps/>
            <attachments/>
            <labels>
                <label name="testSuite" value="Default suite"/>
                <label name="testGroup" value="Default test"/>
                <label name="testClass" value="core.CreditCardValidationTest"/>
                <label name="testMethod" value="luhn"/>
                <label name="host" value="Latitude"/>
                <label name="thread" value="45860@Latitude.main(1)"/>
            </labels>
        </test-case>
        <test-case start="1510478507113" stop="1510478507115" status="passed">
            <name>luhn[MasterCard,5334919452640144,09/21,159]</name>
            <steps/>
            <attachments/>
            <labels>
                <label name="testSuite" value="Default suite"/>
                <label name="testGroup" value="Default test"/>
                <label name="testClass" value="core.CreditCardValidationTest"/>
                <label name="testMethod" value="luhn"/>
                <label name="host" value="Latitude"/>
                <label name="thread" value="45860@Latitude.main(1)"/>
            </labels>
        </test-case>
        <test-case start="1510478507117" stop="1510478507118" status="passed">
            <name>luhn[VIS,4929559308222,03/15,123]</name>
            <steps/>
            <attachments/>
            <labels>
                <label name="testSuite" value="Default suite"/>
                <label name="testGroup" value="Default test"/>
                <label name="testClass" value="core.CreditCardValidationTest"/>
                <label name="testMethod" value="luhn"/>
                <label name="host" value="Latitude"/>
                <label name="thread" value="45860@Latitude.main(1)"/>
            </labels>
        </test-case>
        <test-case start="1510478507121" stop="1510478507123" status="passed">
            <name>luhn[VISA,4556134786083,03/14,123]</name>
            <steps/>
            <attachments/>
            <labels>
                <label name="testSuite" value="Default suite"/>
                <label name="testGroup" value="Default test"/>
                <label name="testClass" value="core.CreditCardValidationTest"/>
                <label name="testMethod" value="luhn"/>
                <label name="host" value="Latitude"/>
                <label name="thread" value="45860@Latitude.main(1)"/>
            </labels>
        </test-case>
        <test-case start="1510478507125" stop="1510478507127" status="failed">
            <name>luhn[VISA,491680232637,03/19,123]</name>
            <failure>
                <message>AssertionError: 
Expected: Luhn of: 491680232637, should be valid
     but: was &lt;false&gt;</message>
                <stack-trace>java.lang.AssertionError: 
Expected: Luhn of: 491680232637, should be valid
     but: was &lt;false&gt;
	at org.hamcrest.MatcherAssert.assertThat(MatcherAssert.java:20)
	at org.hamcrest.MatcherAssert.assertThat(MatcherAssert.java:8)
	at core.CreditCardValidationTest.luhn(CreditCardValidationTest.java:41)
	at sun.reflect.GeneratedMethodAccessor5.invoke(Unknown Source)
	at sun.reflect.DelegatingMethodAccessorImpl.invoke(Unknown Source)
	at java.lang.reflect.Method.invoke(Unknown Source)
	at org.testng.internal.MethodInvocationHelper.invokeMethod(MethodInvocationHelper.java:108)
	at org.testng.internal.Invoker.invokeMethod(Invoker.java:669)
	at org.testng.internal.Invoker.invokeTestMethod(Invoker.java:877)
	at org.testng.internal.Invoker.invokeTestMethods(Invoker.java:1201)
	at org.testng.internal.TestMethodWorker.invokeTestMethods(TestMethodWorker.java:125)
	at org.testng.internal.TestMethodWorker.run(TestMethodWorker.java:109)
	at org.testng.TestRunner.privateRun(TestRunner.java:776)
	at org.testng.TestRunner.run(TestRunner.java:634)
	at org.testng.SuiteRunner.runTest(SuiteRunner.java:425)
	at org.testng.SuiteRunner.runSequentially(SuiteRunner.java:420)
	at org.testng.SuiteRunner.privateRun(SuiteRunner.java:385)
	at org.testng.SuiteRunner.run(SuiteRunner.java:334)
	at org.testng.SuiteRunnerWorker.runSuite(SuiteRunnerWorker.java:52)
	at org.testng.SuiteRunnerWorker.run(SuiteRunnerWorker.java:86)
	at org.testng.TestNG.runSuitesSequentially(TestNG.java:1318)
	at org.testng.TestNG.runSuitesLocally(TestNG.java:1243)
	at org.testng.TestNG.runSuites(TestNG.java:1161)
	at org.testng.TestNG.run(TestNG.java:1129)
	at org.testng.remote.AbstractRemoteTestNG.run(AbstractRemoteTestNG.java:114)
	at org.testng.remote.RemoteTestNG.initAndRun(RemoteTestNG.java:251)
	at org.testng.remote.RemoteTestNG.main(RemoteTestNG.java:77)
</stack-trace>
            </failure>
            <steps/>
            <attachments/>
            <labels>
                <label name="testSuite" value="Default suite"/>
                <label name="testGroup" value="Default test"/>
                <label name="testClass" value="core.CreditCardValidationTest"/>
                <label name="testMethod" value="luhn"/>
                <label name="host" value="Latitude"/>
                <label name="thread" value="45860@Latitude.main(1)"/>
            </labels>
        </test-case>
        <test-case start="1510478507129" stop="1510478507131" status="passed">
            <name>luhn[VISA,4916212843398,03/19,123]</name>
            <steps/>
            <attachments/>
            <labels>
                <label name="testSuite" value="Default suite"/>
                <label name="testGroup" value="Default test"/>
                <label name="testClass" value="core.CreditCardValidationTest"/>
                <label name="testMethod" value="luhn"/>
                <label name="host" value="Latitude"/>
                <label name="thread" value="45860@Latitude.main(1)"/>
            </labels>
        </test-case>
        <test-case start="1510478507133" stop="1510478507134" status="passed">
            <name>luhn[VISA,4716307252509,03/16,123]</name>
            <steps/>
            <attachments/>
            <labels>
                <label name="testSuite" value="Default suite"/>
                <label name="testGroup" value="Default test"/>
                <label name="testClass" value="core.CreditCardValidationTest"/>
                <label name="testMethod" value="luhn"/>
                <label name="host" value="Latitude"/>
                <label name="thread" value="45860@Latitude.main(1)"/>
            </labels>
        </test-case>
        <test-case start="1510478507137" stop="1510478507138" status="passed">
            <name>luhn[VISA,4701089159924,03/19,123]</name>
            <steps/>
            <attachments/>
            <labels>
                <label name="testSuite" value="Default suite"/>
                <label name="testGroup" value="Default test"/>
                <label name="testClass" value="core.CreditCardValidationTest"/>
                <label name="testMethod" value="luhn"/>
                <label name="host" value="Latitude"/>
                <label name="thread" value="45860@Latitude.main(1)"/>
            </labels>
        </test-case>
        <test-case start="1510478507141" stop="1510478507142" status="passed">
            <name>luhn[VISA,4916665640853,03/19,123]</name>
            <steps/>
            <attachments/>
            <labels>
                <label name="testSuite" value="Default suite"/>
                <label name="testGroup" value="Default test"/>
                <label name="testClass" value="core.CreditCardValidationTest"/>
                <label name="testMethod" value="luhn"/>
                <label name="host" value="Latitude"/>
                <label name="thread" value="45860@Latitude.main(1)"/>
            </labels>
        </test-case>
        <test-case start="1510478507144" stop="1510478507146" status="passed">
            <name>luhn[VISA,4617174213790,03/19,123]</name>
            <steps/>
            <attachments/>
            <labels>
                <label name="testSuite" value="Default suite"/>
                <label name="testGroup" value="Default test"/>
                <label name="testClass" value="core.CreditCardValidationTest"/>
                <label name="testMethod" value="luhn"/>
                <label name="host" value="Latitude"/>
                <label name="thread" value="45860@Latitude.main(1)"/>
            </labels>
        </test-case>
        <test-case start="1510478507148" stop="1510478507149" status="passed">
            <name>luhn[VISA,4716982643485,03/19,123]</name>
            <steps/>
            <attachments/>
            <labels>
                <label name="testSuite" value="Default suite"/>
                <label name="testGroup" value="Default test"/>
                <label name="testClass" value="core.CreditCardValidationTest"/>
                <label name="testMethod" value="luhn"/>
                <label name="host" value="Latitude"/>
                <label name="thread" value="45860@Latitude.main(1)"/>
            </labels>
        </test-case>
        <test-case start="1510478507153" stop="1510478507154" status="passed">
            <name>type[VISA,4532-5471-0699-4816,03/15,123]</name>
            <steps/>
            <attachments/>
            <labels>
                <label name="testSuite" value="Default suite"/>
                <label name="testGroup" value="Default test"/>
                <label name="testClass" value="core.CreditCardValidationTest"/>
                <label name="testMethod" value="type"/>
                <label name="host" value="Latitude"/>
                <label name="thread" value="45860@Latitude.main(1)"/>
            </labels>
        </test-case>
        <test-case start="1510478507156" stop="1510478507158" status="passed">
            <name>type[MasterCard,5128946914605621,09/19,123]</name>
            <steps/>
            <attachments/>
            <labels>
                <label name="testSuite" value="Default suite"/>
                <label name="testGroup" value="Default test"/>
                <label name="testClass" value="core.CreditCardValidationTest"/>
                <label name="testMethod" value="type"/>
                <label name="host" value="Latitude"/>
                <label name="thread" value="45860@Latitude.main(1)"/>
            </labels>
        </test-case>
        <test-case start="1510478507160" stop="1510478507161" status="passed">
            <name>type[American Express,344259201906721,03/22,1234]</name>
            <steps/>
            <attachments/>
            <labels>
                <label name="testSuite" value="Default suite"/>
                <label name="testGroup" value="Default test"/>
                <label name="testClass" value="core.CreditCardValidationTest"/>
                <label name="testMethod" value="type"/>
                <label name="host" value="Latitude"/>
                <label name="thread" value="45860@Latitude.main(1)"/>
            </labels>
        </test-case>
        <test-case start="1510478507163" stop="1510478507165" status="passed">
            <name>type[American Express,371792656868232,03/16,1234]</name>
            <steps/>
            <attachments/>
            <labels>
                <label name="testSuite" value="Default suite"/>
                <label name="testGroup" value="Default test"/>
                <label name="testClass" value="core.CreditCardValidationTest"/>
                <label name="testMethod" value="type"/>
                <label name="host" value="Latitude"/>
                <label name="thread" value="45860@Latitude.main(1)"/>
            </labels>
        </test-case>
        <test-case start="1510478507167" stop="1510478507169" status="passed">
            <name>type[American Express,343515603411680,03/15,1234]</name>
            <steps/>
            <attachments/>
            <labels>
                <label name="testSuite" value="Default suite"/>
                <label name="testGroup" value="Default test"/>
                <label name="testClass" value="core.CreditCardValidationTest"/>
                <label name="testMethod" value="type"/>
                <label name="host" value="Latitude"/>
                <label name="thread" value="45860@Latitude.main(1)"/>
            </labels>
        </test-case>
        <test-case start="1510478507171" stop="1510478507173" status="failed">
            <name>type[American Express,37261536518254,03/21,1234]</name>
            <failure>
                <message>AssertionError: 
Expected: Credit Card Type: American Express, should be valid
     but: was &lt;false&gt;</message>
                <stack-trace>java.lang.AssertionError: 
Expected: Credit Card Type: American Express, should be valid
     but: was &lt;false&gt;
	at org.hamcrest.MatcherAssert.assertThat(MatcherAssert.java:20)
	at org.hamcrest.MatcherAssert.assertThat(MatcherAssert.java:8)
	at core.CreditCardValidationTest.type(CreditCardValidationTest.java:26)
	at sun.reflect.NativeMethodAccessorImpl.invoke0(Native Method)
	at sun.reflect.NativeMethodAccessorImpl.invoke(Unknown Source)
	at sun.reflect.DelegatingMethodAccessorImpl.invoke(Unknown Source)
	at java.lang.reflect.Method.invoke(Unknown Source)
	at org.testng.internal.MethodInvocationHelper.invokeMethod(MethodInvocationHelper.java:108)
	at org.testng.internal.Invoker.invokeMethod(Invoker.java:669)
	at org.testng.internal.Invoker.invokeTestMethod(Invoker.java:877)
	at org.testng.internal.Invoker.invokeTestMethods(Invoker.java:1201)
	at org.testng.internal.TestMethodWorker.invokeTestMethods(TestMethodWorker.java:125)
	at org.testng.internal.TestMethodWorker.run(TestMethodWorker.java:109)
	at org.testng.TestRunner.privateRun(TestRunner.java:776)
	at org.testng.TestRunner.run(TestRunner.java:634)
	at org.testng.SuiteRunner.runTest(SuiteRunner.java:425)
	at org.testng.SuiteRunner.runSequentially(SuiteRunner.java:420)
	at org.testng.SuiteRunner.privateRun(SuiteRunner.java:385)
	at org.testng.SuiteRunner.run(SuiteRunner.java:334)
	at org.testng.SuiteRunnerWorker.runSuite(SuiteRunnerWorker.java:52)
	at org.testng.SuiteRunnerWorker.run(SuiteRunnerWorker.java:86)
	at org.testng.TestNG.runSuitesSequentially(TestNG.java:1318)
	at org.testng.TestNG.runSuitesLocally(TestNG.java:1243)
	at org.testng.TestNG.runSuites(TestNG.java:1161)
	at org.testng.TestNG.run(TestNG.java:1129)
	at org.testng.remote.AbstractRemoteTestNG.run(AbstractRemoteTestNG.java:114)
	at org.testng.remote.RemoteTestNG.initAndRun(RemoteTestNG.java:251)
	at org.testng.remote.RemoteTestNG.main(RemoteTestNG.java:77)
</stack-trace>
            </failure>
            <steps/>
            <attachments/>
            <labels>
                <label name="testSuite" value="Default suite"/>
                <label name="testGroup" value="Default test"/>
                <label name="testClass" value="core.CreditCardValidationTest"/>
                <label name="testMethod" value="type"/>
                <label name="host" value="Latitude"/>
                <label name="thread" value="45860@Latitude.main(1)"/>
            </labels>
        </test-case>
        <test-case start="1510478507178" stop="1510478507181" status="passed">
            <name>type[American Express,343135671066264,03/21,1234]</name>
            <steps/>
            <attachments/>
            <labels>
                <label name="testSuite" value="Default suite"/>
                <label name="testGroup" value="Default test"/>
                <label name="testClass" value="core.CreditCardValidationTest"/>
                <label name="testMethod" value="type"/>
                <label name="host" value="Latitude"/>
                <label name="thread" value="45860@Latitude.main(1)"/>
            </labels>
        </test-case>
        <test-case start="1510478507184" stop="1510478507192" status="failed">
            <name>type[American Express,3561598966880,03/21,1234]</name>
            <failure>
                <message>AssertionError: 
Expected: Credit Card Type: American Express, should be valid
     but: was &lt;false&gt;</message>
                <stack-trace>java.lang.AssertionError: 
Expected: Credit Card Type: American Express, should be valid
     but: was &lt;false&gt;
	at org.hamcrest.MatcherAssert.assertThat(MatcherAssert.java:20)
	at org.hamcrest.MatcherAssert.assertThat(MatcherAssert.java:8)
	at core.CreditCardValidationTest.type(CreditCardValidationTest.java:26)
	at sun.reflect.NativeMethodAccessorImpl.invoke0(Native Method)
	at sun.reflect.NativeMethodAccessorImpl.invoke(Unknown Source)
	at sun.reflect.DelegatingMethodAccessorImpl.invoke(Unknown Source)
	at java.lang.reflect.Method.invoke(Unknown Source)
	at org.testng.internal.MethodInvocationHelper.invokeMethod(MethodInvocationHelper.java:108)
	at org.testng.internal.Invoker.invokeMethod(Invoker.java:669)
	at org.testng.internal.Invoker.invokeTestMethod(Invoker.java:877)
	at org.testng.internal.Invoker.invokeTestMethods(Invoker.java:1201)
	at org.testng.internal.TestMethodWorker.invokeTestMethods(TestMethodWorker.java:125)
	at org.testng.internal.TestMethodWorker.run(TestMethodWorker.java:109)
	at org.testng.TestRunner.privateRun(TestRunner.java:776)
	at org.testng.TestRunner.run(TestRunner.java:634)
	at org.testng.SuiteRunner.runTest(SuiteRunner.java:425)
	at org.testng.SuiteRunner.runSequentially(SuiteRunner.java:420)
	at org.testng.SuiteRunner.privateRun(SuiteRunner.java:385)
	at org.testng.SuiteRunner.run(SuiteRunner.java:334)
	at org.testng.SuiteRunnerWorker.runSuite(SuiteRunnerWorker.java:52)
	at org.testng.SuiteRunnerWorker.run(SuiteRunnerWorker.java:86)
	at org.testng.TestNG.runSuitesSequentially(TestNG.java:1318)
	at org.testng.TestNG.runSuitesLocally(TestNG.java:1243)
	at org.testng.TestNG.runSuites(TestNG.java:1161)
	at org.testng.TestNG.run(TestNG.java:1129)
	at org.testng.remote.AbstractRemoteTestNG.run(AbstractRemoteTestNG.java:114)
	at org.testng.remote.RemoteTestNG.initAndRun(RemoteTestNG.java:251)
	at org.testng.remote.RemoteTestNG.main(RemoteTestNG.java:77)
</stack-trace>
            </failure>
            <steps/>
            <attachments/>
            <labels>
                <label name="testSuite" value="Default suite"/>
                <label name="testGroup" value="Default test"/>
                <label name="testClass" value="core.CreditCardValidationTest"/>
                <label name="testMethod" value="type"/>
                <label name="host" value="Latitude"/>
                <label name="thread" value="45860@Latitude.main(1)"/>
            </labels>
        </test-case>
        <test-case start="1510478507194" stop="1510478507196" status="failed">
            <name>type[American Expres,341632186805618,03/21,1234]</name>
            <failure>
                <message>AssertionError: 
Expected: Credit Card Type: American Expres, should be valid
     but: was &lt;false&gt;</message>
                <stack-trace>java.lang.AssertionError: 
Expected: Credit Card Type: American Expres, should be valid
     but: was &lt;false&gt;
	at org.hamcrest.MatcherAssert.assertThat(MatcherAssert.java:20)
	at org.hamcrest.MatcherAssert.assertThat(MatcherAssert.java:8)
	at core.CreditCardValidationTest.type(CreditCardValidationTest.java:26)
	at sun.reflect.NativeMethodAccessorImpl.invoke0(Native Method)
	at sun.reflect.NativeMethodAccessorImpl.invoke(Unknown Source)
	at sun.reflect.DelegatingMethodAccessorImpl.invoke(Unknown Source)
	at java.lang.reflect.Method.invoke(Unknown Source)
	at org.testng.internal.MethodInvocationHelper.invokeMethod(MethodInvocationHelper.java:108)
	at org.testng.internal.Invoker.invokeMethod(Invoker.java:669)
	at org.testng.internal.Invoker.invokeTestMethod(Invoker.java:877)
	at org.testng.internal.Invoker.invokeTestMethods(Invoker.java:1201)
	at org.testng.internal.TestMethodWorker.invokeTestMethods(TestMethodWorker.java:125)
	at org.testng.internal.TestMethodWorker.run(TestMethodWorker.java:109)
	at org.testng.TestRunner.privateRun(TestRunner.java:776)
	at org.testng.TestRunner.run(TestRunner.java:634)
	at org.testng.SuiteRunner.runTest(SuiteRunner.java:425)
	at org.testng.SuiteRunner.runSequentially(SuiteRunner.java:420)
	at org.testng.SuiteRunner.privateRun(SuiteRunner.java:385)
	at org.testng.SuiteRunner.run(SuiteRunner.java:334)
	at org.testng.SuiteRunnerWorker.runSuite(SuiteRunnerWorker.java:52)
	at org.testng.SuiteRunnerWorker.run(SuiteRunnerWorker.java:86)
	at org.testng.TestNG.runSuitesSequentially(TestNG.java:1318)
	at org.testng.TestNG.runSuitesLocally(TestNG.java:1243)
	at org.testng.TestNG.runSuites(TestNG.java:1161)
	at org.testng.TestNG.run(TestNG.java:1129)
	at org.testng.remote.AbstractRemoteTestNG.run(AbstractRemoteTestNG.java:114)
	at org.testng.remote.RemoteTestNG.initAndRun(RemoteTestNG.java:251)
	at org.testng.remote.RemoteTestNG.main(RemoteTestNG.java:77)
</stack-trace>
            </failure>
            <steps/>
            <attachments/>
            <labels>
                <label name="testSuite" value="Default suite"/>
                <label name="testGroup" value="Default test"/>
                <label name="testClass" value="core.CreditCardValidationTest"/>
                <label name="testMethod" value="type"/>
                <label name="host" value="Latitude"/>
                <label name="thread" value="45860@Latitude.main(1)"/>
            </labels>
        </test-case>
        <test-case start="1510478507198" stop="1510478507199" status="passed">
            <name>type[VISA,4532-5471-0699-4816,03/21,174]</name>
            <steps/>
            <attachments/>
            <labels>
                <label name="testSuite" value="Default suite"/>
                <label name="testGroup" value="Default test"/>
                <label name="testClass" value="core.CreditCardValidationTest"/>
                <label name="testMethod" value="type"/>
                <label name="host" value="Latitude"/>
                <label name="thread" value="45860@Latitude.main(1)"/>
            </labels>
        </test-case>
        <test-case start="1510478507202" stop="1510478507236" status="passed">
            <name>type[Discover,6011-0197-1148-6286,02/18,154]</name>
            <steps/>
            <attachments/>
            <labels>
                <label name="testSuite" value="Default suite"/>
                <label name="testGroup" value="Default test"/>
                <label name="testClass" value="core.CreditCardValidationTest"/>
                <label name="testMethod" value="type"/>
                <label name="host" value="Latitude"/>
                <label name="thread" value="45860@Latitude.main(1)"/>
            </labels>
        </test-case>
        <test-case start="1510478507239" stop="1510478507242" status="passed">
            <name>type[Discover,6495-5046-4029-1126,02/18,357]</name>
            <steps/>
            <attachments/>
            <labels>
                <label name="testSuite" value="Default suite"/>
                <label name="testGroup" value="Default test"/>
                <label name="testClass" value="core.CreditCardValidationTest"/>
                <label name="testMethod" value="type"/>
                <label name="host" value="Latitude"/>
                <label name="thread" value="45860@Latitude.main(1)"/>
            </labels>
        </test-case>
        <test-case start="1510478507244" stop="1510478507246" status="passed">
            <name>type[Discover,6229256965254832,02/18,354]</name>
            <steps/>
            <attachments/>
            <labels>
                <label name="testSuite" value="Default suite"/>
                <label name="testGroup" value="Default test"/>
                <label name="testClass" value="core.CreditCardValidationTest"/>
                <label name="testMethod" value="type"/>
                <label name="host" value="Latitude"/>
                <label name="thread" value="45860@Latitude.main(1)"/>
            </labels>
        </test-case>
        <test-case start="1510478507248" stop="1510478507250" status="passed">
            <name>type[Discover,6011077105446506,02/18,354]</name>
            <steps/>
            <attachments/>
            <labels>
                <label name="testSuite" value="Default suite"/>
                <label name="testGroup" value="Default test"/>
                <label name="testClass" value="core.CreditCardValidationTest"/>
                <label name="testMethod" value="type"/>
                <label name="host" value="Latitude"/>
                <label name="thread" value="45860@Latitude.main(1)"/>
            </labels>
        </test-case>
        <test-case start="1510478507252" stop="1510478507254" status="passed">
            <name>type[Discover,6011192042419415,02/18,354]</name>
            <steps/>
            <attachments/>
            <labels>
                <label name="testSuite" value="Default suite"/>
                <label name="testGroup" value="Default test"/>
                <label name="testClass" value="core.CreditCardValidationTest"/>
                <label name="testMethod" value="type"/>
                <label name="host" value="Latitude"/>
                <label name="thread" value="45860@Latitude.main(1)"/>
            </labels>
        </test-case>
        <test-case start="1510478507256" stop="1510478507259" status="failed">
            <name>type[Discov,6011724928833820,02/18,354]</name>
            <failure>
                <message>AssertionError: 
Expected: Credit Card Type: Discov, should be valid
     but: was &lt;false&gt;</message>
                <stack-trace>java.lang.AssertionError: 
Expected: Credit Card Type: Discov, should be valid
     but: was &lt;false&gt;
	at org.hamcrest.MatcherAssert.assertThat(MatcherAssert.java:20)
	at org.hamcrest.MatcherAssert.assertThat(MatcherAssert.java:8)
	at core.CreditCardValidationTest.type(CreditCardValidationTest.java:26)
	at sun.reflect.NativeMethodAccessorImpl.invoke0(Native Method)
	at sun.reflect.NativeMethodAccessorImpl.invoke(Unknown Source)
	at sun.reflect.DelegatingMethodAccessorImpl.invoke(Unknown Source)
	at java.lang.reflect.Method.invoke(Unknown Source)
	at org.testng.internal.MethodInvocationHelper.invokeMethod(MethodInvocationHelper.java:108)
	at org.testng.internal.Invoker.invokeMethod(Invoker.java:669)
	at org.testng.internal.Invoker.invokeTestMethod(Invoker.java:877)
	at org.testng.internal.Invoker.invokeTestMethods(Invoker.java:1201)
	at org.testng.internal.TestMethodWorker.invokeTestMethods(TestMethodWorker.java:125)
	at org.testng.internal.TestMethodWorker.run(TestMethodWorker.java:109)
	at org.testng.TestRunner.privateRun(TestRunner.java:776)
	at org.testng.TestRunner.run(TestRunner.java:634)
	at org.testng.SuiteRunner.runTest(SuiteRunner.java:425)
	at org.testng.SuiteRunner.runSequentially(SuiteRunner.java:420)
	at org.testng.SuiteRunner.privateRun(SuiteRunner.java:385)
	at org.testng.SuiteRunner.run(SuiteRunner.java:334)
	at org.testng.SuiteRunnerWorker.runSuite(SuiteRunnerWorker.java:52)
	at org.testng.SuiteRunnerWorker.run(SuiteRunnerWorker.java:86)
	at org.testng.TestNG.runSuitesSequentially(TestNG.java:1318)
	at org.testng.TestNG.runSuitesLocally(TestNG.java:1243)
	at org.testng.TestNG.runSuites(TestNG.java:1161)
	at org.testng.TestNG.run(TestNG.java:1129)
	at org.testng.remote.AbstractRemoteTestNG.run(AbstractRemoteTestNG.java:114)
	at org.testng.remote.RemoteTestNG.initAndRun(RemoteTestNG.java:251)
	at org.testng.remote.RemoteTestNG.main(RemoteTestNG.java:77)
</stack-trace>
            </failure>
            <steps/>
            <attachments/>
            <labels>
                <label name="testSuite" value="Default suite"/>
                <label name="testGroup" value="Default test"/>
                <label name="testClass" value="core.CreditCardValidationTest"/>
                <label name="testMethod" value="type"/>
                <label name="host" value="Latitude"/>
                <label name="thread" value="45860@Latitude.main(1)"/>
            </labels>
        </test-case>
        <test-case start="1510478507261" stop="1510478507285" status="failed">
            <name>type[Discover,601156785254340,02/18,354]</name>
            <failure>
                <message>AssertionError: 
Expected: Credit Card Type: Discover, should be valid
     but: was &lt;false&gt;</message>
                <stack-trace>java.lang.AssertionError: 
Expected: Credit Card Type: Discover, should be valid
     but: was &lt;false&gt;
	at org.hamcrest.MatcherAssert.assertThat(MatcherAssert.java:20)
	at org.hamcrest.MatcherAssert.assertThat(MatcherAssert.java:8)
	at core.CreditCardValidationTest.type(CreditCardValidationTest.java:26)
	at sun.reflect.GeneratedMethodAccessor6.invoke(Unknown Source)
	at sun.reflect.DelegatingMethodAccessorImpl.invoke(Unknown Source)
	at java.lang.reflect.Method.invoke(Unknown Source)
	at org.testng.internal.MethodInvocationHelper.invokeMethod(MethodInvocationHelper.java:108)
	at org.testng.internal.Invoker.invokeMethod(Invoker.java:669)
	at org.testng.internal.Invoker.invokeTestMethod(Invoker.java:877)
	at org.testng.internal.Invoker.invokeTestMethods(Invoker.java:1201)
	at org.testng.internal.TestMethodWorker.invokeTestMethods(TestMethodWorker.java:125)
	at org.testng.internal.TestMethodWorker.run(TestMethodWorker.java:109)
	at org.testng.TestRunner.privateRun(TestRunner.java:776)
	at org.testng.TestRunner.run(TestRunner.java:634)
	at org.testng.SuiteRunner.runTest(SuiteRunner.java:425)
	at org.testng.SuiteRunner.runSequentially(SuiteRunner.java:420)
	at org.testng.SuiteRunner.privateRun(SuiteRunner.java:385)
	at org.testng.SuiteRunner.run(SuiteRunner.java:334)
	at org.testng.SuiteRunnerWorker.runSuite(SuiteRunnerWorker.java:52)
	at org.testng.SuiteRunnerWorker.run(SuiteRunnerWorker.java:86)
	at org.testng.TestNG.runSuitesSequentially(TestNG.java:1318)
	at org.testng.TestNG.runSuitesLocally(TestNG.java:1243)
	at org.testng.TestNG.runSuites(TestNG.java:1161)
	at org.testng.TestNG.run(TestNG.java:1129)
	at org.testng.remote.AbstractRemoteTestNG.run(AbstractRemoteTestNG.java:114)
	at org.testng.remote.RemoteTestNG.initAndRun(RemoteTestNG.java:251)
	at org.testng.remote.RemoteTestNG.main(RemoteTestNG.java:77)
</stack-trace>
            </failure>
            <steps/>
            <attachments/>
            <labels>
                <label name="testSuite" value="Default suite"/>
                <label name="testGroup" value="Default test"/>
                <label name="testClass" value="core.CreditCardValidationTest"/>
                <label name="testMethod" value="type"/>
                <label name="host" value="Latitude"/>
                <label name="thread" value="45860@Latitude.main(1)"/>
            </labels>
        </test-case>
        <test-case start="1510478507291" stop="1510478507293" status="passed">
            <name>type[Discover,6581185726028247,02/16,145]</name>
            <steps/>
            <attachments/>
            <labels>
                <label name="testSuite" value="Default suite"/>
                <label name="testGroup" value="Default test"/>
                <label name="testClass" value="core.CreditCardValidationTest"/>
                <label name="testMethod" value="type"/>
                <label name="host" value="Latitude"/>
                <label name="thread" value="45860@Latitude.main(1)"/>
            </labels>
        </test-case>
        <test-case start="1510478507297" stop="1510478507299" status="passed">
            <name>type[MasterCard,5248-6433-5421-6358,11/19,154]</name>
            <steps/>
            <attachments/>
            <labels>
                <label name="testSuite" value="Default suite"/>
                <label name="testGroup" value="Default test"/>
                <label name="testClass" value="core.CreditCardValidationTest"/>
                <label name="testMethod" value="type"/>
                <label name="host" value="Latitude"/>
                <label name="thread" value="45860@Latitude.main(1)"/>
            </labels>
        </test-case>
        <test-case start="1510478507301" stop="1510478507303" status="passed">
            <name>type[MasterCard,5169-1962-3193-8640,03/19,123]</name>
            <steps/>
            <attachments/>
            <labels>
                <label name="testSuite" value="Default suite"/>
                <label name="testGroup" value="Default test"/>
                <label name="testClass" value="core.CreditCardValidationTest"/>
                <label name="testMethod" value="type"/>
                <label name="host" value="Latitude"/>
                <label name="thread" value="45860@Latitude.main(1)"/>
            </labels>
        </test-case>
        <test-case start="1510478507314" stop="1510478507377" status="passed">
            <name>type[MasterCard,5599-6880-5206-3763,05/19,103]</name>
            <steps/>
            <attachments/>
            <labels>
                <label name="testSuite" value="Default suite"/>
                <label name="testGroup" value="Default test"/>
                <label name="testClass" value="core.CreditCardValidationTest"/>
                <label name="testMethod" value="type"/>
                <label name="host" value="Latitude"/>
                <label name="thread" value="45860@Latitude.main(1)"/>
            </labels>
        </test-case>
        <test-case start="1510478507382" stop="1510478507384" status="failed">
            <name>type[MasterCar,5171953247711452,01/21,123]</name>
            <failure>
                <message>AssertionError: 
Expected: Credit Card Type: MasterCar, should be valid
     but: was &lt;false&gt;</message>
                <stack-trace>java.lang.AssertionError: 
Expected: Credit Card Type: MasterCar, should be valid
     but: was &lt;false&gt;
	at org.hamcrest.MatcherAssert.assertThat(MatcherAssert.java:20)
	at org.hamcrest.MatcherAssert.assertThat(MatcherAssert.java:8)
	at core.CreditCardValidationTest.type(CreditCardValidationTest.java:26)
	at sun.reflect.GeneratedMethodAccessor6.invoke(Unknown Source)
	at sun.reflect.DelegatingMethodAccessorImpl.invoke(Unknown Source)
	at java.lang.reflect.Method.invoke(Unknown Source)
	at org.testng.internal.MethodInvocationHelper.invokeMethod(MethodInvocationHelper.java:108)
	at org.testng.internal.Invoker.invokeMethod(Invoker.java:669)
	at org.testng.internal.Invoker.invokeTestMethod(Invoker.java:877)
	at org.testng.internal.Invoker.invokeTestMethods(Invoker.java:1201)
	at org.testng.internal.TestMethodWorker.invokeTestMethods(TestMethodWorker.java:125)
	at org.testng.internal.TestMethodWorker.run(TestMethodWorker.java:109)
	at org.testng.TestRunner.privateRun(TestRunner.java:776)
	at org.testng.TestRunner.run(TestRunner.java:634)
	at org.testng.SuiteRunner.runTest(SuiteRunner.java:425)
	at org.testng.SuiteRunner.runSequentially(SuiteRunner.java:420)
	at org.testng.SuiteRunner.privateRun(SuiteRunner.java:385)
	at org.testng.SuiteRunner.run(SuiteRunner.java:334)
	at org.testng.SuiteRunnerWorker.runSuite(SuiteRunnerWorker.java:52)
	at org.testng.SuiteRunnerWorker.run(SuiteRunnerWorker.java:86)
	at org.testng.TestNG.runSuitesSequentially(TestNG.java:1318)
	at org.testng.TestNG.runSuitesLocally(TestNG.java:1243)
	at org.testng.TestNG.runSuites(TestNG.java:1161)
	at org.testng.TestNG.run(TestNG.java:1129)
	at org.testng.remote.AbstractRemoteTestNG.run(AbstractRemoteTestNG.java:114)
	at org.testng.remote.RemoteTestNG.initAndRun(RemoteTestNG.java:251)
	at org.testng.remote.RemoteTestNG.main(RemoteTestNG.java:77)
</stack-trace>
            </failure>
            <steps/>
            <attachments/>
            <labels>
                <label name="testSuite" value="Default suite"/>
                <label name="testGroup" value="Default test"/>
                <label name="testClass" value="core.CreditCardValidationTest"/>
                <label name="testMethod" value="type"/>
                <label name="host" value="Latitude"/>
                <label name="thread" value="45860@Latitude.main(1)"/>
            </labels>
        </test-case>
        <test-case start="1510478507390" stop="1510478507391" status="passed">
            <name>type[MasterCard,5163365359379095,10/20,954]</name>
            <steps/>
            <attachments/>
            <labels>
                <label name="testSuite" value="Default suite"/>
                <label name="testGroup" value="Default test"/>
                <label name="testClass" value="core.CreditCardValidationTest"/>
                <label name="testMethod" value="type"/>
                <label name="host" value="Latitude"/>
                <label name="thread" value="45860@Latitude.main(1)"/>
            </labels>
        </test-case>
        <test-case start="1510478507395" stop="1510478507397" status="passed">
            <name>type[MasterCard,5232199338465288,05/19,143]</name>
            <steps/>
            <attachments/>
            <labels>
                <label name="testSuite" value="Default suite"/>
                <label name="testGroup" value="Default test"/>
                <label name="testClass" value="core.CreditCardValidationTest"/>
                <label name="testMethod" value="type"/>
                <label name="host" value="Latitude"/>
                <label name="thread" value="45860@Latitude.main(1)"/>
            </labels>
        </test-case>
        <test-case start="1510478507404" stop="1510478507405" status="passed">
            <name>type[MasterCard,5426847049094377,02/18,123]</name>
            <steps/>
            <attachments/>
            <labels>
                <label name="testSuite" value="Default suite"/>
                <label name="testGroup" value="Default test"/>
                <label name="testClass" value="core.CreditCardValidationTest"/>
                <label name="testMethod" value="type"/>
                <label name="host" value="Latitude"/>
                <label name="thread" value="45860@Latitude.main(1)"/>
            </labels>
        </test-case>
        <test-case start="1510478507410" stop="1510478507412" status="failed">
            <name>type[MasterCard,516866660165885,04/15,254]</name>
            <failure>
                <message>AssertionError: 
Expected: Credit Card Type: MasterCard, should be valid
     but: was &lt;false&gt;</message>
                <stack-trace>java.lang.AssertionError: 
Expected: Credit Card Type: MasterCard, should be valid
     but: was &lt;false&gt;
	at org.hamcrest.MatcherAssert.assertThat(MatcherAssert.java:20)
	at org.hamcrest.MatcherAssert.assertThat(MatcherAssert.java:8)
	at core.CreditCardValidationTest.type(CreditCardValidationTest.java:26)
	at sun.reflect.GeneratedMethodAccessor6.invoke(Unknown Source)
	at sun.reflect.DelegatingMethodAccessorImpl.invoke(Unknown Source)
	at java.lang.reflect.Method.invoke(Unknown Source)
	at org.testng.internal.MethodInvocationHelper.invokeMethod(MethodInvocationHelper.java:108)
	at org.testng.internal.Invoker.invokeMethod(Invoker.java:669)
	at org.testng.internal.Invoker.invokeTestMethod(Invoker.java:877)
	at org.testng.internal.Invoker.invokeTestMethods(Invoker.java:1201)
	at org.testng.internal.TestMethodWorker.invokeTestMethods(TestMethodWorker.java:125)
	at org.testng.internal.TestMethodWorker.run(TestMethodWorker.java:109)
	at org.testng.TestRunner.privateRun(TestRunner.java:776)
	at org.testng.TestRunner.run(TestRunner.java:634)
	at org.testng.SuiteRunner.runTest(SuiteRunner.java:425)
	at org.testng.SuiteRunner.runSequentially(SuiteRunner.java:420)
	at org.testng.SuiteRunner.privateRun(SuiteRunner.java:385)
	at org.testng.SuiteRunner.run(SuiteRunner.java:334)
	at org.testng.SuiteRunnerWorker.runSuite(SuiteRunnerWorker.java:52)
	at org.testng.SuiteRunnerWorker.run(SuiteRunnerWorker.java:86)
	at org.testng.TestNG.runSuitesSequentially(TestNG.java:1318)
	at org.testng.TestNG.runSuitesLocally(TestNG.java:1243)
	at org.testng.TestNG.runSuites(TestNG.java:1161)
	at org.testng.TestNG.run(TestNG.java:1129)
	at org.testng.remote.AbstractRemoteTestNG.run(AbstractRemoteTestNG.java:114)
	at org.testng.remote.RemoteTestNG.initAndRun(RemoteTestNG.java:251)
	at org.testng.remote.RemoteTestNG.main(RemoteTestNG.java:77)
</stack-trace>
            </failure>
            <steps/>
            <attachments/>
            <labels>
                <label name="testSuite" value="Default suite"/>
                <label name="testGroup" value="Default test"/>
                <label name="testClass" value="core.CreditCardValidationTest"/>
                <label name="testMethod" value="type"/>
                <label name="host" value="Latitude"/>
                <label name="thread" value="45860@Latitude.main(1)"/>
            </labels>
        </test-case>
        <test-case start="1510478507414" stop="1510478507416" status="passed">
            <name>type[MasterCard,5278-1875-3826-7559,07/16,258]</name>
            <steps/>
            <attachments/>
            <labels>
                <label name="testSuite" value="Default suite"/>
                <label name="testGroup" value="Default test"/>
                <label name="testClass" value="core.CreditCardValidationTest"/>
                <label name="testMethod" value="type"/>
                <label name="host" value="Latitude"/>
                <label name="thread" value="45860@Latitude.main(1)"/>
            </labels>
        </test-case>
        <test-case start="1510478507419" stop="1510478507420" status="passed">
            <name>type[MasterCard,5334919452640144,09/21,159]</name>
            <steps/>
            <attachments/>
            <labels>
                <label name="testSuite" value="Default suite"/>
                <label name="testGroup" value="Default test"/>
                <label name="testClass" value="core.CreditCardValidationTest"/>
                <label name="testMethod" value="type"/>
                <label name="host" value="Latitude"/>
                <label name="thread" value="45860@Latitude.main(1)"/>
            </labels>
        </test-case>
        <test-case start="1510478507422" stop="1510478507427" status="failed">
            <name>type[VIS,4929559308222,03/15,123]</name>
            <failure>
                <message>AssertionError: 
Expected: Credit Card Type: VIS, should be valid
     but: was &lt;false&gt;</message>
                <stack-trace>java.lang.AssertionError: 
Expected: Credit Card Type: VIS, should be valid
     but: was &lt;false&gt;
	at org.hamcrest.MatcherAssert.assertThat(MatcherAssert.java:20)
	at org.hamcrest.MatcherAssert.assertThat(MatcherAssert.java:8)
	at core.CreditCardValidationTest.type(CreditCardValidationTest.java:26)
	at sun.reflect.GeneratedMethodAccessor6.invoke(Unknown Source)
	at sun.reflect.DelegatingMethodAccessorImpl.invoke(Unknown Source)
	at java.lang.reflect.Method.invoke(Unknown Source)
	at org.testng.internal.MethodInvocationHelper.invokeMethod(MethodInvocationHelper.java:108)
	at org.testng.internal.Invoker.invokeMethod(Invoker.java:669)
	at org.testng.internal.Invoker.invokeTestMethod(Invoker.java:877)
	at org.testng.internal.Invoker.invokeTestMethods(Invoker.java:1201)
	at org.testng.internal.TestMethodWorker.invokeTestMethods(TestMethodWorker.java:125)
	at org.testng.internal.TestMethodWorker.run(TestMethodWorker.java:109)
	at org.testng.TestRunner.privateRun(TestRunner.java:776)
	at org.testng.TestRunner.run(TestRunner.java:634)
	at org.testng.SuiteRunner.runTest(SuiteRunner.java:425)
	at org.testng.SuiteRunner.runSequentially(SuiteRunner.java:420)
	at org.testng.SuiteRunner.privateRun(SuiteRunner.java:385)
	at org.testng.SuiteRunner.run(SuiteRunner.java:334)
	at org.testng.SuiteRunnerWorker.runSuite(SuiteRunnerWorker.java:52)
	at org.testng.SuiteRunnerWorker.run(SuiteRunnerWorker.java:86)
	at org.testng.TestNG.runSuitesSequentially(TestNG.java:1318)
	at org.testng.TestNG.runSuitesLocally(TestNG.java:1243)
	at org.testng.TestNG.runSuites(TestNG.java:1161)
	at org.testng.TestNG.run(TestNG.java:1129)
	at org.testng.remote.AbstractRemoteTestNG.run(AbstractRemoteTestNG.java:114)
	at org.testng.remote.RemoteTestNG.initAndRun(RemoteTestNG.java:251)
	at org.testng.remote.RemoteTestNG.main(RemoteTestNG.java:77)
</stack-trace>
            </failure>
            <steps/>
            <attachments/>
            <labels>
                <label name="testSuite" value="Default suite"/>
                <label name="testGroup" value="Default test"/>
                <label name="testClass" value="core.CreditCardValidationTest"/>
                <label name="testMethod" value="type"/>
                <label name="host" value="Latitude"/>
                <label name="thread" value="45860@Latitude.main(1)"/>
            </labels>
        </test-case>
        <test-case start="1510478507435" stop="1510478507437" status="passed">
            <name>type[VISA,4556134786083,03/14,123]</name>
            <steps/>
            <attachments/>
            <labels>
                <label name="testSuite" value="Default suite"/>
                <label name="testGroup" value="Default test"/>
                <label name="testClass" value="core.CreditCardValidationTest"/>
                <label name="testMethod" value="type"/>
                <label name="host" value="Latitude"/>
                <label name="thread" value="45860@Latitude.main(1)"/>
            </labels>
        </test-case>
        <test-case start="1510478507441" stop="1510478507443" status="failed">
            <name>type[VISA,491680232637,03/19,123]</name>
            <failure>
                <message>AssertionError: 
Expected: Credit Card Type: VISA, should be valid
     but: was &lt;false&gt;</message>
                <stack-trace>java.lang.AssertionError: 
Expected: Credit Card Type: VISA, should be valid
     but: was &lt;false&gt;
	at org.hamcrest.MatcherAssert.assertThat(MatcherAssert.java:20)
	at org.hamcrest.MatcherAssert.assertThat(MatcherAssert.java:8)
	at core.CreditCardValidationTest.type(CreditCardValidationTest.java:26)
	at sun.reflect.GeneratedMethodAccessor6.invoke(Unknown Source)
	at sun.reflect.DelegatingMethodAccessorImpl.invoke(Unknown Source)
	at java.lang.reflect.Method.invoke(Unknown Source)
	at org.testng.internal.MethodInvocationHelper.invokeMethod(MethodInvocationHelper.java:108)
	at org.testng.internal.Invoker.invokeMethod(Invoker.java:669)
	at org.testng.internal.Invoker.invokeTestMethod(Invoker.java:877)
	at org.testng.internal.Invoker.invokeTestMethods(Invoker.java:1201)
	at org.testng.internal.TestMethodWorker.invokeTestMethods(TestMethodWorker.java:125)
	at org.testng.internal.TestMethodWorker.run(TestMethodWorker.java:109)
	at org.testng.TestRunner.privateRun(TestRunner.java:776)
	at org.testng.TestRunner.run(TestRunner.java:634)
	at org.testng.SuiteRunner.runTest(SuiteRunner.java:425)
	at org.testng.SuiteRunner.runSequentially(SuiteRunner.java:420)
	at org.testng.SuiteRunner.privateRun(SuiteRunner.java:385)
	at org.testng.SuiteRunner.run(SuiteRunner.java:334)
	at org.testng.SuiteRunnerWorker.runSuite(SuiteRunnerWorker.java:52)
	at org.testng.SuiteRunnerWorker.run(SuiteRunnerWorker.java:86)
	at org.testng.TestNG.runSuitesSequentially(TestNG.java:1318)
	at org.testng.TestNG.runSuitesLocally(TestNG.java:1243)
	at org.testng.TestNG.runSuites(TestNG.java:1161)
	at org.testng.TestNG.run(TestNG.java:1129)
	at org.testng.remote.AbstractRemoteTestNG.run(AbstractRemoteTestNG.java:114)
	at org.testng.remote.RemoteTestNG.initAndRun(RemoteTestNG.java:251)
	at org.testng.remote.RemoteTestNG.main(RemoteTestNG.java:77)
</stack-trace>
            </failure>
            <steps/>
            <attachments/>
            <labels>
                <label name="testSuite" value="Default suite"/>
                <label name="testGroup" value="Default test"/>
                <label name="testClass" value="core.CreditCardValidationTest"/>
                <label name="testMethod" value="type"/>
                <label name="host" value="Latitude"/>
                <label name="thread" value="45860@Latitude.main(1)"/>
            </labels>
        </test-case>
        <test-case start="1510478507445" stop="1510478507450" status="passed">
            <name>type[VISA,4916212843398,03/19,123]</name>
            <steps/>
            <attachments/>
            <labels>
                <label name="testSuite" value="Default suite"/>
                <label name="testGroup" value="Default test"/>
                <label name="testClass" value="core.CreditCardValidationTest"/>
                <label name="testMethod" value="type"/>
                <label name="host" value="Latitude"/>
                <label name="thread" value="45860@Latitude.main(1)"/>
            </labels>
        </test-case>
        <test-case start="1510478507453" stop="1510478507454" status="passed">
            <name>type[VISA,4716307252509,03/16,123]</name>
            <steps/>
            <attachments/>
            <labels>
                <label name="testSuite" value="Default suite"/>
                <label name="testGroup" value="Default test"/>
                <label name="testClass" value="core.CreditCardValidationTest"/>
                <label name="testMethod" value="type"/>
                <label name="host" value="Latitude"/>
                <label name="thread" value="45860@Latitude.main(1)"/>
            </labels>
        </test-case>
        <test-case start="1510478507458" stop="1510478507460" status="passed">
            <name>type[VISA,4701089159924,03/19,123]</name>
            <steps/>
            <attachments/>
            <labels>
                <label name="testSuite" value="Default suite"/>
                <label name="testGroup" value="Default test"/>
                <label name="testClass" value="core.CreditCardValidationTest"/>
                <label name="testMethod" value="type"/>
                <label name="host" value="Latitude"/>
                <label name="thread" value="45860@Latitude.main(1)"/>
            </labels>
        </test-case>
        <test-case start="1510478507462" stop="1510478507468" status="passed">
            <name>type[VISA,4916665640853,03/19,123]</name>
            <steps/>
            <attachments/>
            <labels>
                <label name="testSuite" value="Default suite"/>
                <label name="testGroup" value="Default test"/>
                <label name="testClass" value="core.CreditCardValidationTest"/>
                <label name="testMethod" value="type"/>
                <label name="host" value="Latitude"/>
                <label name="thread" value="45860@Latitude.main(1)"/>
            </labels>
        </test-case>
        <test-case start="1510478507470" stop="1510478507472" status="passed">
            <name>type[VISA,4617174213790,03/19,123]</name>
            <steps/>
            <attachments/>
            <labels>
                <label name="testSuite" value="Default suite"/>
                <label name="testGroup" value="Default test"/>
                <label name="testClass" value="core.CreditCardValidationTest"/>
                <label name="testMethod" value="type"/>
                <label name="host" value="Latitude"/>
                <label name="thread" value="45860@Latitude.main(1)"/>
            </labels>
        </test-case>
        <test-case start="1510478507476" stop="1510478507478" status="passed">
            <name>type[VISA,4716982643485,03/19,123]</name>
            <steps/>
            <attachments/>
            <labels>
                <label name="testSuite" value="Default suite"/>
                <label name="testGroup" value="Default test"/>
                <label name="testClass" value="core.CreditCardValidationTest"/>
                <label name="testMethod" value="type"/>
                <label name="host" value="Latitude"/>
                <label name="thread" value="45860@Latitude.main(1)"/>
            </labels>
        </test-case>
    </test-cases>
    <labels>
        <label name="framework" value="TestNG"/>
        <label name="language" value="JAVA"/>
    </labels>
</ns2:test-suite>
